[2025-11-24T10:56:34.393-0500] {taskinstance.py:1159} INFO - Dependencies all met for dep_context=non-requeueable deps ti=<TaskInstance: pitchquest_video_analysis.preprocess manual__2025-11-24T15:56:06.749445+00:00 [queued]>
[2025-11-24T10:56:34.403-0500] {taskinstance.py:1159} INFO - Dependencies all met for dep_context=requeueable deps ti=<TaskInstance: pitchquest_video_analysis.preprocess manual__2025-11-24T15:56:06.749445+00:00 [queued]>
[2025-11-24T10:56:34.403-0500] {taskinstance.py:1361} INFO - Starting attempt 1 of 3
[2025-11-24T10:56:34.425-0500] {taskinstance.py:1382} INFO - Executing <Task(PythonOperator): preprocess> on 2025-11-24 15:56:06.749445+00:00
[2025-11-24T10:56:34.446-0500] {standard_task_runner.py:57} INFO - Started process 40213 to run task
[2025-11-24T10:56:34.469-0500] {standard_task_runner.py:84} INFO - Running: ['airflow', 'tasks', 'run', 'pitchquest_video_analysis', 'preprocess', 'manual__2025-11-24T15:56:06.749445+00:00', '--job-id', '42', '--raw', '--subdir', 'DAGS_FOLDER/pitch_analysis_dag.py', '--cfg-path', '/var/folders/lt/0tmqqyzd7jxghlrbbfn1p7l40000gn/T/tmpv45rd3ai']
[2025-11-24T10:56:34.473-0500] {standard_task_runner.py:85} INFO - Job 42: Subtask preprocess
[2025-11-24T10:56:34.559-0500] {task_command.py:416} INFO - Running <TaskInstance: pitchquest_video_analysis.preprocess manual__2025-11-24T15:56:06.749445+00:00 [running]> on host salmans-macbook-air.local
[2025-11-24T10:56:34.667-0500] {taskinstance.py:1662} INFO - Exporting env vars: AIRFLOW_CTX_DAG_OWNER='pitchquest' AIRFLOW_CTX_DAG_ID='pitchquest_video_analysis' AIRFLOW_CTX_TASK_ID='preprocess' AIRFLOW_CTX_EXECUTION_DATE='2025-11-24T15:56:06.749445+00:00' AIRFLOW_CTX_TRY_NUMBER='1' AIRFLOW_CTX_DAG_RUN_ID='manual__2025-11-24T15:56:06.749445+00:00'
[2025-11-24T10:56:34.672-0500] {pitch_analysis_dag.py:50} INFO - Starting preprocessing for video: demo_video_1
[2025-11-24T10:56:34.677-0500] {preprocessing.py:50} INFO - Extracting frames from data/input/demo_video_1.mp4 (1 frame per 2s)
[2025-11-24T10:56:34.817-0500] {preprocessing.py:62} INFO - Video: 21.5s, 30.0 fps, 646 total frames
[2025-11-24T10:56:35.473-0500] {preprocessing.py:83} INFO - Reached max frames limit (10)
[2025-11-24T10:56:35.484-0500] {preprocessing.py:93} INFO - ✅ Extracted 10 frames to /var/folders/lt/0tmqqyzd7jxghlrbbfn1p7l40000gn/T/frames_test_video_rr9q1l05
[2025-11-24T10:56:35.486-0500] {preprocessing.py:129} INFO - Extracting audio from data/input/demo_video_1.mp4
[2025-11-24T10:56:37.230-0500] {preprocessing.py:153} INFO - ✅ Extracted audio: 21.6s, saved to /var/folders/lt/0tmqqyzd7jxghlrbbfn1p7l40000gn/T/audio_test_video_d1isfduq.mp3
[2025-11-24T10:56:37.232-0500] {pitch_analysis_dag.py:60} INFO - ✅ Preprocessing complete: 10 frames, audio at /var/folders/lt/0tmqqyzd7jxghlrbbfn1p7l40000gn/T/audio_test_video_d1isfduq.mp3
[2025-11-24T10:56:37.233-0500] {python.py:194} INFO - Done. Returned value was: {'video_id': 'demo_video_1', 'video_path': 'data/input/demo_video_1.mp4', 'frame_paths': ['/var/folders/lt/0tmqqyzd7jxghlrbbfn1p7l40000gn/T/frames_test_video_rr9q1l05/frame_0000.jpg', '/var/folders/lt/0tmqqyzd7jxghlrbbfn1p7l40000gn/T/frames_test_video_rr9q1l05/frame_0001.jpg', '/var/folders/lt/0tmqqyzd7jxghlrbbfn1p7l40000gn/T/frames_test_video_rr9q1l05/frame_0002.jpg', '/var/folders/lt/0tmqqyzd7jxghlrbbfn1p7l40000gn/T/frames_test_video_rr9q1l05/frame_0003.jpg', '/var/folders/lt/0tmqqyzd7jxghlrbbfn1p7l40000gn/T/frames_test_video_rr9q1l05/frame_0004.jpg', '/var/folders/lt/0tmqqyzd7jxghlrbbfn1p7l40000gn/T/frames_test_video_rr9q1l05/frame_0005.jpg', '/var/folders/lt/0tmqqyzd7jxghlrbbfn1p7l40000gn/T/frames_test_video_rr9q1l05/frame_0006.jpg', '/var/folders/lt/0tmqqyzd7jxghlrbbfn1p7l40000gn/T/frames_test_video_rr9q1l05/frame_0007.jpg', '/var/folders/lt/0tmqqyzd7jxghlrbbfn1p7l40000gn/T/frames_test_video_rr9q1l05/frame_0008.jpg', '/var/folders/lt/0tmqqyzd7jxghlrbbfn1p7l40000gn/T/frames_test_video_rr9q1l05/frame_0009.jpg'], 'audio_path': '/var/folders/lt/0tmqqyzd7jxghlrbbfn1p7l40000gn/T/audio_test_video_d1isfduq.mp3'}
[2025-11-24T10:56:37.261-0500] {taskinstance.py:1400} INFO - Marking task as SUCCESS. dag_id=pitchquest_video_analysis, task_id=preprocess, execution_date=20251124T155606, start_date=20251124T155634, end_date=20251124T155637
[2025-11-24T10:56:37.294-0500] {local_task_job_runner.py:228} INFO - Task exited with return code 0
[2025-11-24T10:56:37.329-0500] {taskinstance.py:2778} INFO - 2 downstream tasks scheduled from follow-on schedule check
