[2025-11-23T18:17:37.336-0500] {processor.py:157} INFO - Started process (PID=30442) to work on /Users/salmanbey/Documents/Northeastern /Fall 2025/MLOPS/airflow_pipeline/venv/lib/python3.10/site-packages/airflow/example_dags/example_local_kubernetes_executor.py
[2025-11-23T18:17:37.344-0500] {processor.py:829} INFO - Processing file /Users/salmanbey/Documents/Northeastern /Fall 2025/MLOPS/airflow_pipeline/venv/lib/python3.10/site-packages/airflow/example_dags/example_local_kubernetes_executor.py for tasks to queue
[2025-11-23T18:17:37.345-0500] {logging_mixin.py:154} INFO - [2025-11-23T18:17:37.344-0500] {dagbag.py:536} INFO - Filling up the DagBag from /Users/salmanbey/Documents/Northeastern /Fall 2025/MLOPS/airflow_pipeline/venv/lib/python3.10/site-packages/airflow/example_dags/example_local_kubernetes_executor.py
[2025-11-23T18:17:37.356-0500] {logging_mixin.py:154} WARNING - /Users/salmanbey/Documents/Northeastern /Fall 2025/MLOPS/airflow_pipeline/venv/lib/python3.10/site-packages/airflow/serialization/pydantic/dataset.py:23 PydanticDeprecatedSince20: Support for class-based `config` is deprecated, use ConfigDict instead. Deprecated in Pydantic V2.0 to be removed in V3.0. See Pydantic V2 Migration Guide at https://errors.pydantic.dev/2.12/migration/
[2025-11-23T18:17:37.358-0500] {logging_mixin.py:154} WARNING - /Users/salmanbey/Documents/Northeastern /Fall 2025/MLOPS/airflow_pipeline/venv/lib/python3.10/site-packages/airflow/serialization/pydantic/dataset.py:38 PydanticDeprecatedSince20: Support for class-based `config` is deprecated, use ConfigDict instead. Deprecated in Pydantic V2.0 to be removed in V3.0. See Pydantic V2 Migration Guide at https://errors.pydantic.dev/2.12/migration/
[2025-11-23T18:17:37.360-0500] {logging_mixin.py:154} WARNING - /Users/salmanbey/Documents/Northeastern /Fall 2025/MLOPS/airflow_pipeline/venv/lib/python3.10/site-packages/airflow/serialization/pydantic/dataset.py:54 PydanticDeprecatedSince20: Support for class-based `config` is deprecated, use ConfigDict instead. Deprecated in Pydantic V2.0 to be removed in V3.0. See Pydantic V2 Migration Guide at https://errors.pydantic.dev/2.12/migration/
[2025-11-23T18:17:37.364-0500] {logging_mixin.py:154} WARNING - /Users/salmanbey/Documents/Northeastern /Fall 2025/MLOPS/airflow_pipeline/venv/lib/python3.10/site-packages/airflow/serialization/pydantic/dataset.py:74 PydanticDeprecatedSince20: Support for class-based `config` is deprecated, use ConfigDict instead. Deprecated in Pydantic V2.0 to be removed in V3.0. See Pydantic V2 Migration Guide at https://errors.pydantic.dev/2.12/migration/
[2025-11-23T18:17:37.367-0500] {logging_mixin.py:154} WARNING - /Users/salmanbey/Documents/Northeastern /Fall 2025/MLOPS/airflow_pipeline/venv/lib/python3.10/site-packages/airflow/serialization/pydantic/dag_run.py:26 PydanticDeprecatedSince20: Support for class-based `config` is deprecated, use ConfigDict instead. Deprecated in Pydantic V2.0 to be removed in V3.0. See Pydantic V2 Migration Guide at https://errors.pydantic.dev/2.12/migration/
[2025-11-23T18:17:37.405-0500] {logging_mixin.py:154} INFO - [2025-11-23T18:17:37.404-0500] {example_local_kubernetes_executor.py:39} WARNING - Could not import DAGs in example_local_kubernetes_executor.py
Traceback (most recent call last):
  File "/Users/salmanbey/Documents/Northeastern /Fall 2025/MLOPS/airflow_pipeline/venv/lib/python3.10/site-packages/airflow/example_dags/example_local_kubernetes_executor.py", line 37, in <module>
    from kubernetes.client import models as k8s
ModuleNotFoundError: No module named 'kubernetes'
[2025-11-23T18:17:37.405-0500] {logging_mixin.py:154} INFO - [2025-11-23T18:17:37.405-0500] {example_local_kubernetes_executor.py:40} WARNING - Install Kubernetes dependencies with: pip install apache-airflow[cncf.kubernetes]
[2025-11-23T18:17:37.405-0500] {processor.py:841} WARNING - No viable dags retrieved from /Users/salmanbey/Documents/Northeastern /Fall 2025/MLOPS/airflow_pipeline/venv/lib/python3.10/site-packages/airflow/example_dags/example_local_kubernetes_executor.py
[2025-11-23T18:17:37.443-0500] {logging_mixin.py:154} WARNING - /Users/salmanbey/Documents/Northeastern /Fall 2025/MLOPS/airflow_pipeline/venv/lib/python3.10/site-packages/airflow/serialization/pydantic/taskinstance.py:27 PydanticDeprecatedSince20: Support for class-based `config` is deprecated, use ConfigDict instead. Deprecated in Pydantic V2.0 to be removed in V3.0. See Pydantic V2 Migration Guide at https://errors.pydantic.dev/2.12/migration/
[2025-11-23T18:17:37.552-0500] {processor.py:179} INFO - Processing /Users/salmanbey/Documents/Northeastern /Fall 2025/MLOPS/airflow_pipeline/venv/lib/python3.10/site-packages/airflow/example_dags/example_local_kubernetes_executor.py took 0.218 seconds
[2025-11-23T18:23:16.559-0500] {processor.py:157} INFO - Started process (PID=31023) to work on /Users/salmanbey/Documents/Northeastern /Fall 2025/MLOPS/airflow_pipeline/venv/lib/python3.10/site-packages/airflow/example_dags/example_local_kubernetes_executor.py
[2025-11-23T18:23:16.570-0500] {processor.py:829} INFO - Processing file /Users/salmanbey/Documents/Northeastern /Fall 2025/MLOPS/airflow_pipeline/venv/lib/python3.10/site-packages/airflow/example_dags/example_local_kubernetes_executor.py for tasks to queue
[2025-11-23T18:23:16.571-0500] {logging_mixin.py:154} INFO - [2025-11-23T18:23:16.571-0500] {dagbag.py:536} INFO - Filling up the DagBag from /Users/salmanbey/Documents/Northeastern /Fall 2025/MLOPS/airflow_pipeline/venv/lib/python3.10/site-packages/airflow/example_dags/example_local_kubernetes_executor.py
[2025-11-23T18:23:16.589-0500] {logging_mixin.py:154} WARNING - /Users/salmanbey/Documents/Northeastern /Fall 2025/MLOPS/airflow_pipeline/venv/lib/python3.10/site-packages/airflow/serialization/pydantic/dataset.py:23 PydanticDeprecatedSince20: Support for class-based `config` is deprecated, use ConfigDict instead. Deprecated in Pydantic V2.0 to be removed in V3.0. See Pydantic V2 Migration Guide at https://errors.pydantic.dev/2.12/migration/
[2025-11-23T18:23:16.592-0500] {logging_mixin.py:154} WARNING - /Users/salmanbey/Documents/Northeastern /Fall 2025/MLOPS/airflow_pipeline/venv/lib/python3.10/site-packages/airflow/serialization/pydantic/dataset.py:38 PydanticDeprecatedSince20: Support for class-based `config` is deprecated, use ConfigDict instead. Deprecated in Pydantic V2.0 to be removed in V3.0. See Pydantic V2 Migration Guide at https://errors.pydantic.dev/2.12/migration/
[2025-11-23T18:23:16.595-0500] {logging_mixin.py:154} WARNING - /Users/salmanbey/Documents/Northeastern /Fall 2025/MLOPS/airflow_pipeline/venv/lib/python3.10/site-packages/airflow/serialization/pydantic/dataset.py:54 PydanticDeprecatedSince20: Support for class-based `config` is deprecated, use ConfigDict instead. Deprecated in Pydantic V2.0 to be removed in V3.0. See Pydantic V2 Migration Guide at https://errors.pydantic.dev/2.12/migration/
[2025-11-23T18:23:16.599-0500] {logging_mixin.py:154} WARNING - /Users/salmanbey/Documents/Northeastern /Fall 2025/MLOPS/airflow_pipeline/venv/lib/python3.10/site-packages/airflow/serialization/pydantic/dataset.py:74 PydanticDeprecatedSince20: Support for class-based `config` is deprecated, use ConfigDict instead. Deprecated in Pydantic V2.0 to be removed in V3.0. See Pydantic V2 Migration Guide at https://errors.pydantic.dev/2.12/migration/
[2025-11-23T18:23:16.604-0500] {logging_mixin.py:154} WARNING - /Users/salmanbey/Documents/Northeastern /Fall 2025/MLOPS/airflow_pipeline/venv/lib/python3.10/site-packages/airflow/serialization/pydantic/dag_run.py:26 PydanticDeprecatedSince20: Support for class-based `config` is deprecated, use ConfigDict instead. Deprecated in Pydantic V2.0 to be removed in V3.0. See Pydantic V2 Migration Guide at https://errors.pydantic.dev/2.12/migration/
[2025-11-23T18:23:16.653-0500] {logging_mixin.py:154} INFO - [2025-11-23T18:23:16.652-0500] {example_local_kubernetes_executor.py:39} WARNING - Could not import DAGs in example_local_kubernetes_executor.py
Traceback (most recent call last):
  File "/Users/salmanbey/Documents/Northeastern /Fall 2025/MLOPS/airflow_pipeline/venv/lib/python3.10/site-packages/airflow/example_dags/example_local_kubernetes_executor.py", line 37, in <module>
    from kubernetes.client import models as k8s
ModuleNotFoundError: No module named 'kubernetes'
[2025-11-23T18:23:16.653-0500] {logging_mixin.py:154} INFO - [2025-11-23T18:23:16.653-0500] {example_local_kubernetes_executor.py:40} WARNING - Install Kubernetes dependencies with: pip install apache-airflow[cncf.kubernetes]
[2025-11-23T18:23:16.654-0500] {processor.py:841} WARNING - No viable dags retrieved from /Users/salmanbey/Documents/Northeastern /Fall 2025/MLOPS/airflow_pipeline/venv/lib/python3.10/site-packages/airflow/example_dags/example_local_kubernetes_executor.py
[2025-11-23T18:23:16.710-0500] {logging_mixin.py:154} WARNING - /Users/salmanbey/Documents/Northeastern /Fall 2025/MLOPS/airflow_pipeline/venv/lib/python3.10/site-packages/airflow/serialization/pydantic/taskinstance.py:27 PydanticDeprecatedSince20: Support for class-based `config` is deprecated, use ConfigDict instead. Deprecated in Pydantic V2.0 to be removed in V3.0. See Pydantic V2 Migration Guide at https://errors.pydantic.dev/2.12/migration/
[2025-11-23T18:23:16.855-0500] {processor.py:179} INFO - Processing /Users/salmanbey/Documents/Northeastern /Fall 2025/MLOPS/airflow_pipeline/venv/lib/python3.10/site-packages/airflow/example_dags/example_local_kubernetes_executor.py took 0.298 seconds
[2025-11-23T18:26:05.064-0500] {processor.py:157} INFO - Started process (PID=31230) to work on /Users/salmanbey/Documents/Northeastern /Fall 2025/MLOPS/airflow_pipeline/venv/lib/python3.10/site-packages/airflow/example_dags/example_local_kubernetes_executor.py
[2025-11-23T18:26:05.075-0500] {processor.py:829} INFO - Processing file /Users/salmanbey/Documents/Northeastern /Fall 2025/MLOPS/airflow_pipeline/venv/lib/python3.10/site-packages/airflow/example_dags/example_local_kubernetes_executor.py for tasks to queue
[2025-11-23T18:26:05.076-0500] {logging_mixin.py:154} INFO - [2025-11-23T18:26:05.076-0500] {dagbag.py:536} INFO - Filling up the DagBag from /Users/salmanbey/Documents/Northeastern /Fall 2025/MLOPS/airflow_pipeline/venv/lib/python3.10/site-packages/airflow/example_dags/example_local_kubernetes_executor.py
[2025-11-23T18:26:05.089-0500] {logging_mixin.py:154} WARNING - /Users/salmanbey/Documents/Northeastern /Fall 2025/MLOPS/airflow_pipeline/venv/lib/python3.10/site-packages/airflow/serialization/pydantic/dataset.py:23 PydanticDeprecatedSince20: Support for class-based `config` is deprecated, use ConfigDict instead. Deprecated in Pydantic V2.0 to be removed in V3.0. See Pydantic V2 Migration Guide at https://errors.pydantic.dev/2.12/migration/
[2025-11-23T18:26:05.091-0500] {logging_mixin.py:154} WARNING - /Users/salmanbey/Documents/Northeastern /Fall 2025/MLOPS/airflow_pipeline/venv/lib/python3.10/site-packages/airflow/serialization/pydantic/dataset.py:38 PydanticDeprecatedSince20: Support for class-based `config` is deprecated, use ConfigDict instead. Deprecated in Pydantic V2.0 to be removed in V3.0. See Pydantic V2 Migration Guide at https://errors.pydantic.dev/2.12/migration/
[2025-11-23T18:26:05.093-0500] {logging_mixin.py:154} WARNING - /Users/salmanbey/Documents/Northeastern /Fall 2025/MLOPS/airflow_pipeline/venv/lib/python3.10/site-packages/airflow/serialization/pydantic/dataset.py:54 PydanticDeprecatedSince20: Support for class-based `config` is deprecated, use ConfigDict instead. Deprecated in Pydantic V2.0 to be removed in V3.0. See Pydantic V2 Migration Guide at https://errors.pydantic.dev/2.12/migration/
[2025-11-23T18:26:05.096-0500] {logging_mixin.py:154} WARNING - /Users/salmanbey/Documents/Northeastern /Fall 2025/MLOPS/airflow_pipeline/venv/lib/python3.10/site-packages/airflow/serialization/pydantic/dataset.py:74 PydanticDeprecatedSince20: Support for class-based `config` is deprecated, use ConfigDict instead. Deprecated in Pydantic V2.0 to be removed in V3.0. See Pydantic V2 Migration Guide at https://errors.pydantic.dev/2.12/migration/
[2025-11-23T18:26:05.099-0500] {logging_mixin.py:154} WARNING - /Users/salmanbey/Documents/Northeastern /Fall 2025/MLOPS/airflow_pipeline/venv/lib/python3.10/site-packages/airflow/serialization/pydantic/dag_run.py:26 PydanticDeprecatedSince20: Support for class-based `config` is deprecated, use ConfigDict instead. Deprecated in Pydantic V2.0 to be removed in V3.0. See Pydantic V2 Migration Guide at https://errors.pydantic.dev/2.12/migration/
[2025-11-23T18:26:05.135-0500] {logging_mixin.py:154} INFO - [2025-11-23T18:26:05.135-0500] {example_local_kubernetes_executor.py:39} WARNING - Could not import DAGs in example_local_kubernetes_executor.py
Traceback (most recent call last):
  File "/Users/salmanbey/Documents/Northeastern /Fall 2025/MLOPS/airflow_pipeline/venv/lib/python3.10/site-packages/airflow/example_dags/example_local_kubernetes_executor.py", line 37, in <module>
    from kubernetes.client import models as k8s
ModuleNotFoundError: No module named 'kubernetes'
[2025-11-23T18:26:05.136-0500] {logging_mixin.py:154} INFO - [2025-11-23T18:26:05.135-0500] {example_local_kubernetes_executor.py:40} WARNING - Install Kubernetes dependencies with: pip install apache-airflow[cncf.kubernetes]
[2025-11-23T18:26:05.136-0500] {processor.py:841} WARNING - No viable dags retrieved from /Users/salmanbey/Documents/Northeastern /Fall 2025/MLOPS/airflow_pipeline/venv/lib/python3.10/site-packages/airflow/example_dags/example_local_kubernetes_executor.py
[2025-11-23T18:26:05.175-0500] {logging_mixin.py:154} WARNING - /Users/salmanbey/Documents/Northeastern /Fall 2025/MLOPS/airflow_pipeline/venv/lib/python3.10/site-packages/airflow/serialization/pydantic/taskinstance.py:27 PydanticDeprecatedSince20: Support for class-based `config` is deprecated, use ConfigDict instead. Deprecated in Pydantic V2.0 to be removed in V3.0. See Pydantic V2 Migration Guide at https://errors.pydantic.dev/2.12/migration/
[2025-11-23T18:26:05.287-0500] {processor.py:179} INFO - Processing /Users/salmanbey/Documents/Northeastern /Fall 2025/MLOPS/airflow_pipeline/venv/lib/python3.10/site-packages/airflow/example_dags/example_local_kubernetes_executor.py took 0.226 seconds
[2025-11-23T18:30:34.188-0500] {processor.py:157} INFO - Started process (PID=31576) to work on /Users/salmanbey/Documents/Northeastern /Fall 2025/MLOPS/airflow_pipeline/venv/lib/python3.10/site-packages/airflow/example_dags/example_local_kubernetes_executor.py
[2025-11-23T18:30:34.195-0500] {processor.py:829} INFO - Processing file /Users/salmanbey/Documents/Northeastern /Fall 2025/MLOPS/airflow_pipeline/venv/lib/python3.10/site-packages/airflow/example_dags/example_local_kubernetes_executor.py for tasks to queue
[2025-11-23T18:30:34.196-0500] {logging_mixin.py:154} INFO - [2025-11-23T18:30:34.196-0500] {dagbag.py:536} INFO - Filling up the DagBag from /Users/salmanbey/Documents/Northeastern /Fall 2025/MLOPS/airflow_pipeline/venv/lib/python3.10/site-packages/airflow/example_dags/example_local_kubernetes_executor.py
[2025-11-23T18:30:34.206-0500] {logging_mixin.py:154} WARNING - /Users/salmanbey/Documents/Northeastern /Fall 2025/MLOPS/airflow_pipeline/venv/lib/python3.10/site-packages/airflow/serialization/pydantic/dataset.py:23 PydanticDeprecatedSince20: Support for class-based `config` is deprecated, use ConfigDict instead. Deprecated in Pydantic V2.0 to be removed in V3.0. See Pydantic V2 Migration Guide at https://errors.pydantic.dev/2.12/migration/
[2025-11-23T18:30:34.209-0500] {logging_mixin.py:154} WARNING - /Users/salmanbey/Documents/Northeastern /Fall 2025/MLOPS/airflow_pipeline/venv/lib/python3.10/site-packages/airflow/serialization/pydantic/dataset.py:38 PydanticDeprecatedSince20: Support for class-based `config` is deprecated, use ConfigDict instead. Deprecated in Pydantic V2.0 to be removed in V3.0. See Pydantic V2 Migration Guide at https://errors.pydantic.dev/2.12/migration/
[2025-11-23T18:30:34.211-0500] {logging_mixin.py:154} WARNING - /Users/salmanbey/Documents/Northeastern /Fall 2025/MLOPS/airflow_pipeline/venv/lib/python3.10/site-packages/airflow/serialization/pydantic/dataset.py:54 PydanticDeprecatedSince20: Support for class-based `config` is deprecated, use ConfigDict instead. Deprecated in Pydantic V2.0 to be removed in V3.0. See Pydantic V2 Migration Guide at https://errors.pydantic.dev/2.12/migration/
[2025-11-23T18:30:34.213-0500] {logging_mixin.py:154} WARNING - /Users/salmanbey/Documents/Northeastern /Fall 2025/MLOPS/airflow_pipeline/venv/lib/python3.10/site-packages/airflow/serialization/pydantic/dataset.py:74 PydanticDeprecatedSince20: Support for class-based `config` is deprecated, use ConfigDict instead. Deprecated in Pydantic V2.0 to be removed in V3.0. See Pydantic V2 Migration Guide at https://errors.pydantic.dev/2.12/migration/
[2025-11-23T18:30:34.216-0500] {logging_mixin.py:154} WARNING - /Users/salmanbey/Documents/Northeastern /Fall 2025/MLOPS/airflow_pipeline/venv/lib/python3.10/site-packages/airflow/serialization/pydantic/dag_run.py:26 PydanticDeprecatedSince20: Support for class-based `config` is deprecated, use ConfigDict instead. Deprecated in Pydantic V2.0 to be removed in V3.0. See Pydantic V2 Migration Guide at https://errors.pydantic.dev/2.12/migration/
[2025-11-23T18:30:34.257-0500] {logging_mixin.py:154} INFO - [2025-11-23T18:30:34.257-0500] {example_local_kubernetes_executor.py:39} WARNING - Could not import DAGs in example_local_kubernetes_executor.py
Traceback (most recent call last):
  File "/Users/salmanbey/Documents/Northeastern /Fall 2025/MLOPS/airflow_pipeline/venv/lib/python3.10/site-packages/airflow/example_dags/example_local_kubernetes_executor.py", line 37, in <module>
    from kubernetes.client import models as k8s
ModuleNotFoundError: No module named 'kubernetes'
[2025-11-23T18:30:34.257-0500] {logging_mixin.py:154} INFO - [2025-11-23T18:30:34.257-0500] {example_local_kubernetes_executor.py:40} WARNING - Install Kubernetes dependencies with: pip install apache-airflow[cncf.kubernetes]
[2025-11-23T18:30:34.257-0500] {processor.py:841} WARNING - No viable dags retrieved from /Users/salmanbey/Documents/Northeastern /Fall 2025/MLOPS/airflow_pipeline/venv/lib/python3.10/site-packages/airflow/example_dags/example_local_kubernetes_executor.py
[2025-11-23T18:30:34.294-0500] {logging_mixin.py:154} WARNING - /Users/salmanbey/Documents/Northeastern /Fall 2025/MLOPS/airflow_pipeline/venv/lib/python3.10/site-packages/airflow/serialization/pydantic/taskinstance.py:27 PydanticDeprecatedSince20: Support for class-based `config` is deprecated, use ConfigDict instead. Deprecated in Pydantic V2.0 to be removed in V3.0. See Pydantic V2 Migration Guide at https://errors.pydantic.dev/2.12/migration/
[2025-11-23T18:30:34.379-0500] {processor.py:179} INFO - Processing /Users/salmanbey/Documents/Northeastern /Fall 2025/MLOPS/airflow_pipeline/venv/lib/python3.10/site-packages/airflow/example_dags/example_local_kubernetes_executor.py took 0.193 seconds
[2025-11-23T18:35:02.418-0500] {processor.py:157} INFO - Started process (PID=31919) to work on /Users/salmanbey/Documents/Northeastern /Fall 2025/MLOPS/airflow_pipeline/venv/lib/python3.10/site-packages/airflow/example_dags/example_local_kubernetes_executor.py
[2025-11-23T18:35:02.430-0500] {processor.py:829} INFO - Processing file /Users/salmanbey/Documents/Northeastern /Fall 2025/MLOPS/airflow_pipeline/venv/lib/python3.10/site-packages/airflow/example_dags/example_local_kubernetes_executor.py for tasks to queue
[2025-11-23T18:35:02.432-0500] {logging_mixin.py:154} INFO - [2025-11-23T18:35:02.431-0500] {dagbag.py:536} INFO - Filling up the DagBag from /Users/salmanbey/Documents/Northeastern /Fall 2025/MLOPS/airflow_pipeline/venv/lib/python3.10/site-packages/airflow/example_dags/example_local_kubernetes_executor.py
[2025-11-23T18:35:02.449-0500] {logging_mixin.py:154} WARNING - /Users/salmanbey/Documents/Northeastern /Fall 2025/MLOPS/airflow_pipeline/venv/lib/python3.10/site-packages/airflow/serialization/pydantic/dataset.py:23 PydanticDeprecatedSince20: Support for class-based `config` is deprecated, use ConfigDict instead. Deprecated in Pydantic V2.0 to be removed in V3.0. See Pydantic V2 Migration Guide at https://errors.pydantic.dev/2.12/migration/
[2025-11-23T18:35:02.452-0500] {logging_mixin.py:154} WARNING - /Users/salmanbey/Documents/Northeastern /Fall 2025/MLOPS/airflow_pipeline/venv/lib/python3.10/site-packages/airflow/serialization/pydantic/dataset.py:38 PydanticDeprecatedSince20: Support for class-based `config` is deprecated, use ConfigDict instead. Deprecated in Pydantic V2.0 to be removed in V3.0. See Pydantic V2 Migration Guide at https://errors.pydantic.dev/2.12/migration/
[2025-11-23T18:35:02.454-0500] {logging_mixin.py:154} WARNING - /Users/salmanbey/Documents/Northeastern /Fall 2025/MLOPS/airflow_pipeline/venv/lib/python3.10/site-packages/airflow/serialization/pydantic/dataset.py:54 PydanticDeprecatedSince20: Support for class-based `config` is deprecated, use ConfigDict instead. Deprecated in Pydantic V2.0 to be removed in V3.0. See Pydantic V2 Migration Guide at https://errors.pydantic.dev/2.12/migration/
[2025-11-23T18:35:02.458-0500] {logging_mixin.py:154} WARNING - /Users/salmanbey/Documents/Northeastern /Fall 2025/MLOPS/airflow_pipeline/venv/lib/python3.10/site-packages/airflow/serialization/pydantic/dataset.py:74 PydanticDeprecatedSince20: Support for class-based `config` is deprecated, use ConfigDict instead. Deprecated in Pydantic V2.0 to be removed in V3.0. See Pydantic V2 Migration Guide at https://errors.pydantic.dev/2.12/migration/
[2025-11-23T18:35:02.461-0500] {logging_mixin.py:154} WARNING - /Users/salmanbey/Documents/Northeastern /Fall 2025/MLOPS/airflow_pipeline/venv/lib/python3.10/site-packages/airflow/serialization/pydantic/dag_run.py:26 PydanticDeprecatedSince20: Support for class-based `config` is deprecated, use ConfigDict instead. Deprecated in Pydantic V2.0 to be removed in V3.0. See Pydantic V2 Migration Guide at https://errors.pydantic.dev/2.12/migration/
[2025-11-23T18:35:02.527-0500] {logging_mixin.py:154} INFO - [2025-11-23T18:35:02.526-0500] {example_local_kubernetes_executor.py:39} WARNING - Could not import DAGs in example_local_kubernetes_executor.py
Traceback (most recent call last):
  File "/Users/salmanbey/Documents/Northeastern /Fall 2025/MLOPS/airflow_pipeline/venv/lib/python3.10/site-packages/airflow/example_dags/example_local_kubernetes_executor.py", line 37, in <module>
    from kubernetes.client import models as k8s
ModuleNotFoundError: No module named 'kubernetes'
[2025-11-23T18:35:02.528-0500] {logging_mixin.py:154} INFO - [2025-11-23T18:35:02.528-0500] {example_local_kubernetes_executor.py:40} WARNING - Install Kubernetes dependencies with: pip install apache-airflow[cncf.kubernetes]
[2025-11-23T18:35:02.529-0500] {processor.py:841} WARNING - No viable dags retrieved from /Users/salmanbey/Documents/Northeastern /Fall 2025/MLOPS/airflow_pipeline/venv/lib/python3.10/site-packages/airflow/example_dags/example_local_kubernetes_executor.py
[2025-11-23T18:35:02.592-0500] {logging_mixin.py:154} WARNING - /Users/salmanbey/Documents/Northeastern /Fall 2025/MLOPS/airflow_pipeline/venv/lib/python3.10/site-packages/airflow/serialization/pydantic/taskinstance.py:27 PydanticDeprecatedSince20: Support for class-based `config` is deprecated, use ConfigDict instead. Deprecated in Pydantic V2.0 to be removed in V3.0. See Pydantic V2 Migration Guide at https://errors.pydantic.dev/2.12/migration/
[2025-11-23T18:35:02.737-0500] {processor.py:179} INFO - Processing /Users/salmanbey/Documents/Northeastern /Fall 2025/MLOPS/airflow_pipeline/venv/lib/python3.10/site-packages/airflow/example_dags/example_local_kubernetes_executor.py took 0.322 seconds
[2025-11-23T18:51:01.759-0500] {processor.py:157} INFO - Started process (PID=33825) to work on /Users/salmanbey/Documents/Northeastern /Fall 2025/MLOPS/airflow_pipeline/venv/lib/python3.10/site-packages/airflow/example_dags/example_local_kubernetes_executor.py
[2025-11-23T18:51:01.773-0500] {processor.py:829} INFO - Processing file /Users/salmanbey/Documents/Northeastern /Fall 2025/MLOPS/airflow_pipeline/venv/lib/python3.10/site-packages/airflow/example_dags/example_local_kubernetes_executor.py for tasks to queue
[2025-11-23T18:51:01.774-0500] {logging_mixin.py:154} INFO - [2025-11-23T18:51:01.774-0500] {dagbag.py:536} INFO - Filling up the DagBag from /Users/salmanbey/Documents/Northeastern /Fall 2025/MLOPS/airflow_pipeline/venv/lib/python3.10/site-packages/airflow/example_dags/example_local_kubernetes_executor.py
[2025-11-23T18:51:01.795-0500] {logging_mixin.py:154} WARNING - /Users/salmanbey/Documents/Northeastern /Fall 2025/MLOPS/airflow_pipeline/venv/lib/python3.10/site-packages/airflow/serialization/pydantic/dataset.py:23 PydanticDeprecatedSince20: Support for class-based `config` is deprecated, use ConfigDict instead. Deprecated in Pydantic V2.0 to be removed in V3.0. See Pydantic V2 Migration Guide at https://errors.pydantic.dev/2.12/migration/
[2025-11-23T18:51:01.800-0500] {logging_mixin.py:154} WARNING - /Users/salmanbey/Documents/Northeastern /Fall 2025/MLOPS/airflow_pipeline/venv/lib/python3.10/site-packages/airflow/serialization/pydantic/dataset.py:38 PydanticDeprecatedSince20: Support for class-based `config` is deprecated, use ConfigDict instead. Deprecated in Pydantic V2.0 to be removed in V3.0. See Pydantic V2 Migration Guide at https://errors.pydantic.dev/2.12/migration/
[2025-11-23T18:51:01.805-0500] {logging_mixin.py:154} WARNING - /Users/salmanbey/Documents/Northeastern /Fall 2025/MLOPS/airflow_pipeline/venv/lib/python3.10/site-packages/airflow/serialization/pydantic/dataset.py:54 PydanticDeprecatedSince20: Support for class-based `config` is deprecated, use ConfigDict instead. Deprecated in Pydantic V2.0 to be removed in V3.0. See Pydantic V2 Migration Guide at https://errors.pydantic.dev/2.12/migration/
[2025-11-23T18:51:01.812-0500] {logging_mixin.py:154} WARNING - /Users/salmanbey/Documents/Northeastern /Fall 2025/MLOPS/airflow_pipeline/venv/lib/python3.10/site-packages/airflow/serialization/pydantic/dataset.py:74 PydanticDeprecatedSince20: Support for class-based `config` is deprecated, use ConfigDict instead. Deprecated in Pydantic V2.0 to be removed in V3.0. See Pydantic V2 Migration Guide at https://errors.pydantic.dev/2.12/migration/
[2025-11-23T18:51:01.818-0500] {logging_mixin.py:154} WARNING - /Users/salmanbey/Documents/Northeastern /Fall 2025/MLOPS/airflow_pipeline/venv/lib/python3.10/site-packages/airflow/serialization/pydantic/dag_run.py:26 PydanticDeprecatedSince20: Support for class-based `config` is deprecated, use ConfigDict instead. Deprecated in Pydantic V2.0 to be removed in V3.0. See Pydantic V2 Migration Guide at https://errors.pydantic.dev/2.12/migration/
[2025-11-23T18:51:01.883-0500] {logging_mixin.py:154} INFO - [2025-11-23T18:51:01.883-0500] {example_local_kubernetes_executor.py:39} WARNING - Could not import DAGs in example_local_kubernetes_executor.py
Traceback (most recent call last):
  File "/Users/salmanbey/Documents/Northeastern /Fall 2025/MLOPS/airflow_pipeline/venv/lib/python3.10/site-packages/airflow/example_dags/example_local_kubernetes_executor.py", line 37, in <module>
    from kubernetes.client import models as k8s
ModuleNotFoundError: No module named 'kubernetes'
[2025-11-23T18:51:01.884-0500] {logging_mixin.py:154} INFO - [2025-11-23T18:51:01.884-0500] {example_local_kubernetes_executor.py:40} WARNING - Install Kubernetes dependencies with: pip install apache-airflow[cncf.kubernetes]
[2025-11-23T18:51:01.884-0500] {processor.py:841} WARNING - No viable dags retrieved from /Users/salmanbey/Documents/Northeastern /Fall 2025/MLOPS/airflow_pipeline/venv/lib/python3.10/site-packages/airflow/example_dags/example_local_kubernetes_executor.py
[2025-11-23T18:51:01.956-0500] {logging_mixin.py:154} WARNING - /Users/salmanbey/Documents/Northeastern /Fall 2025/MLOPS/airflow_pipeline/venv/lib/python3.10/site-packages/airflow/serialization/pydantic/taskinstance.py:27 PydanticDeprecatedSince20: Support for class-based `config` is deprecated, use ConfigDict instead. Deprecated in Pydantic V2.0 to be removed in V3.0. See Pydantic V2 Migration Guide at https://errors.pydantic.dev/2.12/migration/
[2025-11-23T18:51:02.115-0500] {processor.py:179} INFO - Processing /Users/salmanbey/Documents/Northeastern /Fall 2025/MLOPS/airflow_pipeline/venv/lib/python3.10/site-packages/airflow/example_dags/example_local_kubernetes_executor.py took 0.359 seconds
[2025-11-23T18:53:34.325-0500] {processor.py:157} INFO - Started process (PID=34035) to work on /Users/salmanbey/Documents/Northeastern /Fall 2025/MLOPS/airflow_pipeline/venv/lib/python3.10/site-packages/airflow/example_dags/example_local_kubernetes_executor.py
[2025-11-23T18:53:34.334-0500] {processor.py:829} INFO - Processing file /Users/salmanbey/Documents/Northeastern /Fall 2025/MLOPS/airflow_pipeline/venv/lib/python3.10/site-packages/airflow/example_dags/example_local_kubernetes_executor.py for tasks to queue
[2025-11-23T18:53:34.335-0500] {logging_mixin.py:154} INFO - [2025-11-23T18:53:34.334-0500] {dagbag.py:536} INFO - Filling up the DagBag from /Users/salmanbey/Documents/Northeastern /Fall 2025/MLOPS/airflow_pipeline/venv/lib/python3.10/site-packages/airflow/example_dags/example_local_kubernetes_executor.py
[2025-11-23T18:53:34.348-0500] {logging_mixin.py:154} WARNING - /Users/salmanbey/Documents/Northeastern /Fall 2025/MLOPS/airflow_pipeline/venv/lib/python3.10/site-packages/airflow/serialization/pydantic/dataset.py:23 PydanticDeprecatedSince20: Support for class-based `config` is deprecated, use ConfigDict instead. Deprecated in Pydantic V2.0 to be removed in V3.0. See Pydantic V2 Migration Guide at https://errors.pydantic.dev/2.12/migration/
[2025-11-23T18:53:34.350-0500] {logging_mixin.py:154} WARNING - /Users/salmanbey/Documents/Northeastern /Fall 2025/MLOPS/airflow_pipeline/venv/lib/python3.10/site-packages/airflow/serialization/pydantic/dataset.py:38 PydanticDeprecatedSince20: Support for class-based `config` is deprecated, use ConfigDict instead. Deprecated in Pydantic V2.0 to be removed in V3.0. See Pydantic V2 Migration Guide at https://errors.pydantic.dev/2.12/migration/
[2025-11-23T18:53:34.352-0500] {logging_mixin.py:154} WARNING - /Users/salmanbey/Documents/Northeastern /Fall 2025/MLOPS/airflow_pipeline/venv/lib/python3.10/site-packages/airflow/serialization/pydantic/dataset.py:54 PydanticDeprecatedSince20: Support for class-based `config` is deprecated, use ConfigDict instead. Deprecated in Pydantic V2.0 to be removed in V3.0. See Pydantic V2 Migration Guide at https://errors.pydantic.dev/2.12/migration/
[2025-11-23T18:53:34.354-0500] {logging_mixin.py:154} WARNING - /Users/salmanbey/Documents/Northeastern /Fall 2025/MLOPS/airflow_pipeline/venv/lib/python3.10/site-packages/airflow/serialization/pydantic/dataset.py:74 PydanticDeprecatedSince20: Support for class-based `config` is deprecated, use ConfigDict instead. Deprecated in Pydantic V2.0 to be removed in V3.0. See Pydantic V2 Migration Guide at https://errors.pydantic.dev/2.12/migration/
[2025-11-23T18:53:34.357-0500] {logging_mixin.py:154} WARNING - /Users/salmanbey/Documents/Northeastern /Fall 2025/MLOPS/airflow_pipeline/venv/lib/python3.10/site-packages/airflow/serialization/pydantic/dag_run.py:26 PydanticDeprecatedSince20: Support for class-based `config` is deprecated, use ConfigDict instead. Deprecated in Pydantic V2.0 to be removed in V3.0. See Pydantic V2 Migration Guide at https://errors.pydantic.dev/2.12/migration/
[2025-11-23T18:53:34.393-0500] {logging_mixin.py:154} INFO - [2025-11-23T18:53:34.392-0500] {example_local_kubernetes_executor.py:39} WARNING - Could not import DAGs in example_local_kubernetes_executor.py
Traceback (most recent call last):
  File "/Users/salmanbey/Documents/Northeastern /Fall 2025/MLOPS/airflow_pipeline/venv/lib/python3.10/site-packages/airflow/example_dags/example_local_kubernetes_executor.py", line 37, in <module>
    from kubernetes.client import models as k8s
ModuleNotFoundError: No module named 'kubernetes'
[2025-11-23T18:53:34.393-0500] {logging_mixin.py:154} INFO - [2025-11-23T18:53:34.393-0500] {example_local_kubernetes_executor.py:40} WARNING - Install Kubernetes dependencies with: pip install apache-airflow[cncf.kubernetes]
[2025-11-23T18:53:34.393-0500] {processor.py:841} WARNING - No viable dags retrieved from /Users/salmanbey/Documents/Northeastern /Fall 2025/MLOPS/airflow_pipeline/venv/lib/python3.10/site-packages/airflow/example_dags/example_local_kubernetes_executor.py
[2025-11-23T18:53:34.433-0500] {logging_mixin.py:154} WARNING - /Users/salmanbey/Documents/Northeastern /Fall 2025/MLOPS/airflow_pipeline/venv/lib/python3.10/site-packages/airflow/serialization/pydantic/taskinstance.py:27 PydanticDeprecatedSince20: Support for class-based `config` is deprecated, use ConfigDict instead. Deprecated in Pydantic V2.0 to be removed in V3.0. See Pydantic V2 Migration Guide at https://errors.pydantic.dev/2.12/migration/
[2025-11-23T18:53:34.546-0500] {processor.py:179} INFO - Processing /Users/salmanbey/Documents/Northeastern /Fall 2025/MLOPS/airflow_pipeline/venv/lib/python3.10/site-packages/airflow/example_dags/example_local_kubernetes_executor.py took 0.223 seconds
[2025-11-23T18:58:12.813-0500] {processor.py:157} INFO - Started process (PID=34374) to work on /Users/salmanbey/Documents/Northeastern /Fall 2025/MLOPS/airflow_pipeline/venv/lib/python3.10/site-packages/airflow/example_dags/example_local_kubernetes_executor.py
[2025-11-23T18:58:12.823-0500] {processor.py:829} INFO - Processing file /Users/salmanbey/Documents/Northeastern /Fall 2025/MLOPS/airflow_pipeline/venv/lib/python3.10/site-packages/airflow/example_dags/example_local_kubernetes_executor.py for tasks to queue
[2025-11-23T18:58:12.824-0500] {logging_mixin.py:154} INFO - [2025-11-23T18:58:12.824-0500] {dagbag.py:536} INFO - Filling up the DagBag from /Users/salmanbey/Documents/Northeastern /Fall 2025/MLOPS/airflow_pipeline/venv/lib/python3.10/site-packages/airflow/example_dags/example_local_kubernetes_executor.py
[2025-11-23T18:58:12.836-0500] {logging_mixin.py:154} WARNING - /Users/salmanbey/Documents/Northeastern /Fall 2025/MLOPS/airflow_pipeline/venv/lib/python3.10/site-packages/airflow/serialization/pydantic/dataset.py:23 PydanticDeprecatedSince20: Support for class-based `config` is deprecated, use ConfigDict instead. Deprecated in Pydantic V2.0 to be removed in V3.0. See Pydantic V2 Migration Guide at https://errors.pydantic.dev/2.12/migration/
[2025-11-23T18:58:12.838-0500] {logging_mixin.py:154} WARNING - /Users/salmanbey/Documents/Northeastern /Fall 2025/MLOPS/airflow_pipeline/venv/lib/python3.10/site-packages/airflow/serialization/pydantic/dataset.py:38 PydanticDeprecatedSince20: Support for class-based `config` is deprecated, use ConfigDict instead. Deprecated in Pydantic V2.0 to be removed in V3.0. See Pydantic V2 Migration Guide at https://errors.pydantic.dev/2.12/migration/
[2025-11-23T18:58:12.840-0500] {logging_mixin.py:154} WARNING - /Users/salmanbey/Documents/Northeastern /Fall 2025/MLOPS/airflow_pipeline/venv/lib/python3.10/site-packages/airflow/serialization/pydantic/dataset.py:54 PydanticDeprecatedSince20: Support for class-based `config` is deprecated, use ConfigDict instead. Deprecated in Pydantic V2.0 to be removed in V3.0. See Pydantic V2 Migration Guide at https://errors.pydantic.dev/2.12/migration/
[2025-11-23T18:58:12.843-0500] {logging_mixin.py:154} WARNING - /Users/salmanbey/Documents/Northeastern /Fall 2025/MLOPS/airflow_pipeline/venv/lib/python3.10/site-packages/airflow/serialization/pydantic/dataset.py:74 PydanticDeprecatedSince20: Support for class-based `config` is deprecated, use ConfigDict instead. Deprecated in Pydantic V2.0 to be removed in V3.0. See Pydantic V2 Migration Guide at https://errors.pydantic.dev/2.12/migration/
[2025-11-23T18:58:12.846-0500] {logging_mixin.py:154} WARNING - /Users/salmanbey/Documents/Northeastern /Fall 2025/MLOPS/airflow_pipeline/venv/lib/python3.10/site-packages/airflow/serialization/pydantic/dag_run.py:26 PydanticDeprecatedSince20: Support for class-based `config` is deprecated, use ConfigDict instead. Deprecated in Pydantic V2.0 to be removed in V3.0. See Pydantic V2 Migration Guide at https://errors.pydantic.dev/2.12/migration/
[2025-11-23T18:58:12.892-0500] {logging_mixin.py:154} INFO - [2025-11-23T18:58:12.891-0500] {example_local_kubernetes_executor.py:39} WARNING - Could not import DAGs in example_local_kubernetes_executor.py
Traceback (most recent call last):
  File "/Users/salmanbey/Documents/Northeastern /Fall 2025/MLOPS/airflow_pipeline/venv/lib/python3.10/site-packages/airflow/example_dags/example_local_kubernetes_executor.py", line 37, in <module>
    from kubernetes.client import models as k8s
ModuleNotFoundError: No module named 'kubernetes'
[2025-11-23T18:58:12.893-0500] {logging_mixin.py:154} INFO - [2025-11-23T18:58:12.893-0500] {example_local_kubernetes_executor.py:40} WARNING - Install Kubernetes dependencies with: pip install apache-airflow[cncf.kubernetes]
[2025-11-23T18:58:12.894-0500] {processor.py:841} WARNING - No viable dags retrieved from /Users/salmanbey/Documents/Northeastern /Fall 2025/MLOPS/airflow_pipeline/venv/lib/python3.10/site-packages/airflow/example_dags/example_local_kubernetes_executor.py
[2025-11-23T18:58:12.933-0500] {logging_mixin.py:154} WARNING - /Users/salmanbey/Documents/Northeastern /Fall 2025/MLOPS/airflow_pipeline/venv/lib/python3.10/site-packages/airflow/serialization/pydantic/taskinstance.py:27 PydanticDeprecatedSince20: Support for class-based `config` is deprecated, use ConfigDict instead. Deprecated in Pydantic V2.0 to be removed in V3.0. See Pydantic V2 Migration Guide at https://errors.pydantic.dev/2.12/migration/
[2025-11-23T18:58:13.021-0500] {processor.py:179} INFO - Processing /Users/salmanbey/Documents/Northeastern /Fall 2025/MLOPS/airflow_pipeline/venv/lib/python3.10/site-packages/airflow/example_dags/example_local_kubernetes_executor.py took 0.210 seconds
