[2025-11-23T18:16:34.875-0500] {processor.py:157} INFO - Started process (PID=30348) to work on /Users/salmanbey/Documents/Northeastern /Fall 2025/MLOPS/airflow_pipeline/venv/lib/python3.10/site-packages/airflow/example_dags/example_subdag_operator.py
[2025-11-23T18:16:34.885-0500] {processor.py:829} INFO - Processing file /Users/salmanbey/Documents/Northeastern /Fall 2025/MLOPS/airflow_pipeline/venv/lib/python3.10/site-packages/airflow/example_dags/example_subdag_operator.py for tasks to queue
[2025-11-23T18:16:34.886-0500] {logging_mixin.py:154} INFO - [2025-11-23T18:16:34.886-0500] {dagbag.py:536} INFO - Filling up the DagBag from /Users/salmanbey/Documents/Northeastern /Fall 2025/MLOPS/airflow_pipeline/venv/lib/python3.10/site-packages/airflow/example_dags/example_subdag_operator.py
[2025-11-23T18:16:34.908-0500] {logging_mixin.py:154} WARNING - /Users/salmanbey/Documents/Northeastern /Fall 2025/MLOPS/airflow_pipeline/venv/lib/python3.10/site-packages/airflow/serialization/pydantic/dataset.py:23 PydanticDeprecatedSince20: Support for class-based `config` is deprecated, use ConfigDict instead. Deprecated in Pydantic V2.0 to be removed in V3.0. See Pydantic V2 Migration Guide at https://errors.pydantic.dev/2.12/migration/
[2025-11-23T18:16:34.912-0500] {logging_mixin.py:154} WARNING - /Users/salmanbey/Documents/Northeastern /Fall 2025/MLOPS/airflow_pipeline/venv/lib/python3.10/site-packages/airflow/serialization/pydantic/dataset.py:38 PydanticDeprecatedSince20: Support for class-based `config` is deprecated, use ConfigDict instead. Deprecated in Pydantic V2.0 to be removed in V3.0. See Pydantic V2 Migration Guide at https://errors.pydantic.dev/2.12/migration/
[2025-11-23T18:16:34.915-0500] {logging_mixin.py:154} WARNING - /Users/salmanbey/Documents/Northeastern /Fall 2025/MLOPS/airflow_pipeline/venv/lib/python3.10/site-packages/airflow/serialization/pydantic/dataset.py:54 PydanticDeprecatedSince20: Support for class-based `config` is deprecated, use ConfigDict instead. Deprecated in Pydantic V2.0 to be removed in V3.0. See Pydantic V2 Migration Guide at https://errors.pydantic.dev/2.12/migration/
[2025-11-23T18:16:34.918-0500] {logging_mixin.py:154} WARNING - /Users/salmanbey/Documents/Northeastern /Fall 2025/MLOPS/airflow_pipeline/venv/lib/python3.10/site-packages/airflow/serialization/pydantic/dataset.py:74 PydanticDeprecatedSince20: Support for class-based `config` is deprecated, use ConfigDict instead. Deprecated in Pydantic V2.0 to be removed in V3.0. See Pydantic V2 Migration Guide at https://errors.pydantic.dev/2.12/migration/
[2025-11-23T18:16:34.923-0500] {logging_mixin.py:154} WARNING - /Users/salmanbey/Documents/Northeastern /Fall 2025/MLOPS/airflow_pipeline/venv/lib/python3.10/site-packages/airflow/serialization/pydantic/dag_run.py:26 PydanticDeprecatedSince20: Support for class-based `config` is deprecated, use ConfigDict instead. Deprecated in Pydantic V2.0 to be removed in V3.0. See Pydantic V2 Migration Guide at https://errors.pydantic.dev/2.12/migration/
[2025-11-23T18:16:34.999-0500] {logging_mixin.py:154} WARNING - /Users/salmanbey/Documents/Northeastern /Fall 2025/MLOPS/airflow_pipeline/venv/lib/python3.10/site-packages/airflow/serialization/pydantic/taskinstance.py:27 PydanticDeprecatedSince20: Support for class-based `config` is deprecated, use ConfigDict instead. Deprecated in Pydantic V2.0 to be removed in V3.0. See Pydantic V2 Migration Guide at https://errors.pydantic.dev/2.12/migration/
[2025-11-23T18:16:35.148-0500] {processor.py:839} INFO - DAG(s) dict_keys(['example_subdag_operator.section-1', 'example_subdag_operator.section-2', 'example_subdag_operator']) retrieved from /Users/salmanbey/Documents/Northeastern /Fall 2025/MLOPS/airflow_pipeline/venv/lib/python3.10/site-packages/airflow/example_dags/example_subdag_operator.py
[2025-11-23T18:16:36.603-0500] {logging_mixin.py:154} INFO - [2025-11-23T18:16:36.603-0500] {manager.py:499} INFO - Created Permission View: %s
[2025-11-23T18:16:36.620-0500] {logging_mixin.py:154} INFO - [2025-11-23T18:16:36.620-0500] {manager.py:499} INFO - Created Permission View: %s
[2025-11-23T18:16:36.632-0500] {logging_mixin.py:154} INFO - [2025-11-23T18:16:36.631-0500] {manager.py:499} INFO - Created Permission View: %s
[2025-11-23T18:16:36.632-0500] {logging_mixin.py:154} INFO - [2025-11-23T18:16:36.632-0500] {dag.py:2941} INFO - Sync 3 DAGs
[2025-11-23T18:16:36.648-0500] {logging_mixin.py:154} INFO - [2025-11-23T18:16:36.648-0500] {dag.py:2963} INFO - Creating ORM DAG for example_subdag_operator.section-2
[2025-11-23T18:16:36.649-0500] {logging_mixin.py:154} INFO - [2025-11-23T18:16:36.649-0500] {dag.py:2963} INFO - Creating ORM DAG for example_subdag_operator
[2025-11-23T18:16:36.650-0500] {logging_mixin.py:154} INFO - [2025-11-23T18:16:36.650-0500] {dag.py:2963} INFO - Creating ORM DAG for example_subdag_operator.section-1
[2025-11-23T18:16:36.662-0500] {logging_mixin.py:154} INFO - [2025-11-23T18:16:36.662-0500] {dag.py:3722} INFO - Setting next_dagrun for example_subdag_operator to 2022-01-01T00:00:00+00:00, run_after=2022-01-01T00:00:00+00:00
[2025-11-23T18:16:36.663-0500] {logging_mixin.py:154} INFO - [2025-11-23T18:16:36.663-0500] {dag.py:3722} INFO - Setting next_dagrun for example_subdag_operator.section-1 to None, run_after=None
[2025-11-23T18:16:36.664-0500] {logging_mixin.py:154} INFO - [2025-11-23T18:16:36.663-0500] {dag.py:3722} INFO - Setting next_dagrun for example_subdag_operator.section-2 to None, run_after=None
[2025-11-23T18:16:36.674-0500] {logging_mixin.py:154} INFO - [2025-11-23T18:16:36.674-0500] {dag.py:2941} INFO - Sync 2 DAGs
[2025-11-23T18:16:36.680-0500] {logging_mixin.py:154} INFO - [2025-11-23T18:16:36.680-0500] {dag.py:3722} INFO - Setting next_dagrun for example_subdag_operator.section-1 to None, run_after=None
[2025-11-23T18:16:36.684-0500] {logging_mixin.py:154} INFO - [2025-11-23T18:16:36.683-0500] {dag.py:3722} INFO - Setting next_dagrun for example_subdag_operator.section-2 to None, run_after=None
[2025-11-23T18:16:36.704-0500] {processor.py:179} INFO - Processing /Users/salmanbey/Documents/Northeastern /Fall 2025/MLOPS/airflow_pipeline/venv/lib/python3.10/site-packages/airflow/example_dags/example_subdag_operator.py took 1.831 seconds
[2025-11-23T18:19:54.031-0500] {processor.py:157} INFO - Started process (PID=30621) to work on /Users/salmanbey/Documents/Northeastern /Fall 2025/MLOPS/airflow_pipeline/venv/lib/python3.10/site-packages/airflow/example_dags/example_subdag_operator.py
[2025-11-23T18:19:54.041-0500] {processor.py:829} INFO - Processing file /Users/salmanbey/Documents/Northeastern /Fall 2025/MLOPS/airflow_pipeline/venv/lib/python3.10/site-packages/airflow/example_dags/example_subdag_operator.py for tasks to queue
[2025-11-23T18:19:54.041-0500] {logging_mixin.py:154} INFO - [2025-11-23T18:19:54.041-0500] {dagbag.py:536} INFO - Filling up the DagBag from /Users/salmanbey/Documents/Northeastern /Fall 2025/MLOPS/airflow_pipeline/venv/lib/python3.10/site-packages/airflow/example_dags/example_subdag_operator.py
[2025-11-23T18:19:54.067-0500] {logging_mixin.py:154} WARNING - /Users/salmanbey/Documents/Northeastern /Fall 2025/MLOPS/airflow_pipeline/venv/lib/python3.10/site-packages/airflow/serialization/pydantic/dataset.py:23 PydanticDeprecatedSince20: Support for class-based `config` is deprecated, use ConfigDict instead. Deprecated in Pydantic V2.0 to be removed in V3.0. See Pydantic V2 Migration Guide at https://errors.pydantic.dev/2.12/migration/
[2025-11-23T18:19:54.072-0500] {logging_mixin.py:154} WARNING - /Users/salmanbey/Documents/Northeastern /Fall 2025/MLOPS/airflow_pipeline/venv/lib/python3.10/site-packages/airflow/serialization/pydantic/dataset.py:38 PydanticDeprecatedSince20: Support for class-based `config` is deprecated, use ConfigDict instead. Deprecated in Pydantic V2.0 to be removed in V3.0. See Pydantic V2 Migration Guide at https://errors.pydantic.dev/2.12/migration/
[2025-11-23T18:19:54.075-0500] {logging_mixin.py:154} WARNING - /Users/salmanbey/Documents/Northeastern /Fall 2025/MLOPS/airflow_pipeline/venv/lib/python3.10/site-packages/airflow/serialization/pydantic/dataset.py:54 PydanticDeprecatedSince20: Support for class-based `config` is deprecated, use ConfigDict instead. Deprecated in Pydantic V2.0 to be removed in V3.0. See Pydantic V2 Migration Guide at https://errors.pydantic.dev/2.12/migration/
[2025-11-23T18:19:54.080-0500] {logging_mixin.py:154} WARNING - /Users/salmanbey/Documents/Northeastern /Fall 2025/MLOPS/airflow_pipeline/venv/lib/python3.10/site-packages/airflow/serialization/pydantic/dataset.py:74 PydanticDeprecatedSince20: Support for class-based `config` is deprecated, use ConfigDict instead. Deprecated in Pydantic V2.0 to be removed in V3.0. See Pydantic V2 Migration Guide at https://errors.pydantic.dev/2.12/migration/
[2025-11-23T18:19:54.083-0500] {logging_mixin.py:154} WARNING - /Users/salmanbey/Documents/Northeastern /Fall 2025/MLOPS/airflow_pipeline/venv/lib/python3.10/site-packages/airflow/serialization/pydantic/dag_run.py:26 PydanticDeprecatedSince20: Support for class-based `config` is deprecated, use ConfigDict instead. Deprecated in Pydantic V2.0 to be removed in V3.0. See Pydantic V2 Migration Guide at https://errors.pydantic.dev/2.12/migration/
[2025-11-23T18:19:54.159-0500] {logging_mixin.py:154} WARNING - /Users/salmanbey/Documents/Northeastern /Fall 2025/MLOPS/airflow_pipeline/venv/lib/python3.10/site-packages/airflow/serialization/pydantic/taskinstance.py:27 PydanticDeprecatedSince20: Support for class-based `config` is deprecated, use ConfigDict instead. Deprecated in Pydantic V2.0 to be removed in V3.0. See Pydantic V2 Migration Guide at https://errors.pydantic.dev/2.12/migration/
[2025-11-23T18:19:54.272-0500] {processor.py:839} INFO - DAG(s) dict_keys(['example_subdag_operator.section-1', 'example_subdag_operator.section-2', 'example_subdag_operator']) retrieved from /Users/salmanbey/Documents/Northeastern /Fall 2025/MLOPS/airflow_pipeline/venv/lib/python3.10/site-packages/airflow/example_dags/example_subdag_operator.py
[2025-11-23T18:19:54.375-0500] {logging_mixin.py:154} INFO - [2025-11-23T18:19:54.375-0500] {dag.py:2941} INFO - Sync 3 DAGs
[2025-11-23T18:19:54.392-0500] {logging_mixin.py:154} INFO - [2025-11-23T18:19:54.392-0500] {dag.py:3722} INFO - Setting next_dagrun for example_subdag_operator to 2022-01-01T00:00:00+00:00, run_after=2022-01-01T00:00:00+00:00
[2025-11-23T18:19:54.395-0500] {logging_mixin.py:154} INFO - [2025-11-23T18:19:54.395-0500] {dag.py:3722} INFO - Setting next_dagrun for example_subdag_operator.section-1 to None, run_after=None
[2025-11-23T18:19:54.396-0500] {logging_mixin.py:154} INFO - [2025-11-23T18:19:54.396-0500] {dag.py:3722} INFO - Setting next_dagrun for example_subdag_operator.section-2 to None, run_after=None
[2025-11-23T18:19:54.401-0500] {logging_mixin.py:154} INFO - [2025-11-23T18:19:54.401-0500] {dag.py:2941} INFO - Sync 2 DAGs
[2025-11-23T18:19:54.405-0500] {logging_mixin.py:154} INFO - [2025-11-23T18:19:54.405-0500] {dag.py:3722} INFO - Setting next_dagrun for example_subdag_operator.section-1 to None, run_after=None
[2025-11-23T18:19:54.405-0500] {logging_mixin.py:154} INFO - [2025-11-23T18:19:54.405-0500] {dag.py:3722} INFO - Setting next_dagrun for example_subdag_operator.section-2 to None, run_after=None
[2025-11-23T18:19:54.419-0500] {processor.py:179} INFO - Processing /Users/salmanbey/Documents/Northeastern /Fall 2025/MLOPS/airflow_pipeline/venv/lib/python3.10/site-packages/airflow/example_dags/example_subdag_operator.py took 0.391 seconds
[2025-11-23T18:22:12.070-0500] {processor.py:157} INFO - Started process (PID=30908) to work on /Users/salmanbey/Documents/Northeastern /Fall 2025/MLOPS/airflow_pipeline/venv/lib/python3.10/site-packages/airflow/example_dags/example_subdag_operator.py
[2025-11-23T18:22:12.083-0500] {processor.py:829} INFO - Processing file /Users/salmanbey/Documents/Northeastern /Fall 2025/MLOPS/airflow_pipeline/venv/lib/python3.10/site-packages/airflow/example_dags/example_subdag_operator.py for tasks to queue
[2025-11-23T18:22:12.084-0500] {logging_mixin.py:154} INFO - [2025-11-23T18:22:12.084-0500] {dagbag.py:536} INFO - Filling up the DagBag from /Users/salmanbey/Documents/Northeastern /Fall 2025/MLOPS/airflow_pipeline/venv/lib/python3.10/site-packages/airflow/example_dags/example_subdag_operator.py
[2025-11-23T18:22:12.106-0500] {logging_mixin.py:154} WARNING - /Users/salmanbey/Documents/Northeastern /Fall 2025/MLOPS/airflow_pipeline/venv/lib/python3.10/site-packages/airflow/serialization/pydantic/dataset.py:23 PydanticDeprecatedSince20: Support for class-based `config` is deprecated, use ConfigDict instead. Deprecated in Pydantic V2.0 to be removed in V3.0. See Pydantic V2 Migration Guide at https://errors.pydantic.dev/2.12/migration/
[2025-11-23T18:22:12.110-0500] {logging_mixin.py:154} WARNING - /Users/salmanbey/Documents/Northeastern /Fall 2025/MLOPS/airflow_pipeline/venv/lib/python3.10/site-packages/airflow/serialization/pydantic/dataset.py:38 PydanticDeprecatedSince20: Support for class-based `config` is deprecated, use ConfigDict instead. Deprecated in Pydantic V2.0 to be removed in V3.0. See Pydantic V2 Migration Guide at https://errors.pydantic.dev/2.12/migration/
[2025-11-23T18:22:12.113-0500] {logging_mixin.py:154} WARNING - /Users/salmanbey/Documents/Northeastern /Fall 2025/MLOPS/airflow_pipeline/venv/lib/python3.10/site-packages/airflow/serialization/pydantic/dataset.py:54 PydanticDeprecatedSince20: Support for class-based `config` is deprecated, use ConfigDict instead. Deprecated in Pydantic V2.0 to be removed in V3.0. See Pydantic V2 Migration Guide at https://errors.pydantic.dev/2.12/migration/
[2025-11-23T18:22:12.116-0500] {logging_mixin.py:154} WARNING - /Users/salmanbey/Documents/Northeastern /Fall 2025/MLOPS/airflow_pipeline/venv/lib/python3.10/site-packages/airflow/serialization/pydantic/dataset.py:74 PydanticDeprecatedSince20: Support for class-based `config` is deprecated, use ConfigDict instead. Deprecated in Pydantic V2.0 to be removed in V3.0. See Pydantic V2 Migration Guide at https://errors.pydantic.dev/2.12/migration/
[2025-11-23T18:22:12.120-0500] {logging_mixin.py:154} WARNING - /Users/salmanbey/Documents/Northeastern /Fall 2025/MLOPS/airflow_pipeline/venv/lib/python3.10/site-packages/airflow/serialization/pydantic/dag_run.py:26 PydanticDeprecatedSince20: Support for class-based `config` is deprecated, use ConfigDict instead. Deprecated in Pydantic V2.0 to be removed in V3.0. See Pydantic V2 Migration Guide at https://errors.pydantic.dev/2.12/migration/
[2025-11-23T18:22:12.200-0500] {logging_mixin.py:154} WARNING - /Users/salmanbey/Documents/Northeastern /Fall 2025/MLOPS/airflow_pipeline/venv/lib/python3.10/site-packages/airflow/serialization/pydantic/taskinstance.py:27 PydanticDeprecatedSince20: Support for class-based `config` is deprecated, use ConfigDict instead. Deprecated in Pydantic V2.0 to be removed in V3.0. See Pydantic V2 Migration Guide at https://errors.pydantic.dev/2.12/migration/
[2025-11-23T18:22:12.326-0500] {processor.py:839} INFO - DAG(s) dict_keys(['example_subdag_operator.section-1', 'example_subdag_operator.section-2', 'example_subdag_operator']) retrieved from /Users/salmanbey/Documents/Northeastern /Fall 2025/MLOPS/airflow_pipeline/venv/lib/python3.10/site-packages/airflow/example_dags/example_subdag_operator.py
[2025-11-23T18:22:12.430-0500] {logging_mixin.py:154} INFO - [2025-11-23T18:22:12.430-0500] {dag.py:2941} INFO - Sync 3 DAGs
[2025-11-23T18:22:12.455-0500] {logging_mixin.py:154} INFO - [2025-11-23T18:22:12.455-0500] {dag.py:3722} INFO - Setting next_dagrun for example_subdag_operator to 2022-01-01T00:00:00+00:00, run_after=2022-01-01T00:00:00+00:00
[2025-11-23T18:22:12.459-0500] {logging_mixin.py:154} INFO - [2025-11-23T18:22:12.459-0500] {dag.py:3722} INFO - Setting next_dagrun for example_subdag_operator.section-1 to None, run_after=None
[2025-11-23T18:22:12.461-0500] {logging_mixin.py:154} INFO - [2025-11-23T18:22:12.461-0500] {dag.py:3722} INFO - Setting next_dagrun for example_subdag_operator.section-2 to None, run_after=None
[2025-11-23T18:22:12.471-0500] {logging_mixin.py:154} INFO - [2025-11-23T18:22:12.471-0500] {dag.py:2941} INFO - Sync 2 DAGs
[2025-11-23T18:22:12.477-0500] {logging_mixin.py:154} INFO - [2025-11-23T18:22:12.477-0500] {dag.py:3722} INFO - Setting next_dagrun for example_subdag_operator.section-1 to None, run_after=None
[2025-11-23T18:22:12.478-0500] {logging_mixin.py:154} INFO - [2025-11-23T18:22:12.478-0500] {dag.py:3722} INFO - Setting next_dagrun for example_subdag_operator.section-2 to None, run_after=None
[2025-11-23T18:22:12.501-0500] {processor.py:179} INFO - Processing /Users/salmanbey/Documents/Northeastern /Fall 2025/MLOPS/airflow_pipeline/venv/lib/python3.10/site-packages/airflow/example_dags/example_subdag_operator.py took 0.433 seconds
[2025-11-23T18:25:19.043-0500] {processor.py:157} INFO - Started process (PID=31172) to work on /Users/salmanbey/Documents/Northeastern /Fall 2025/MLOPS/airflow_pipeline/venv/lib/python3.10/site-packages/airflow/example_dags/example_subdag_operator.py
[2025-11-23T18:25:19.052-0500] {processor.py:829} INFO - Processing file /Users/salmanbey/Documents/Northeastern /Fall 2025/MLOPS/airflow_pipeline/venv/lib/python3.10/site-packages/airflow/example_dags/example_subdag_operator.py for tasks to queue
[2025-11-23T18:25:19.053-0500] {logging_mixin.py:154} INFO - [2025-11-23T18:25:19.053-0500] {dagbag.py:536} INFO - Filling up the DagBag from /Users/salmanbey/Documents/Northeastern /Fall 2025/MLOPS/airflow_pipeline/venv/lib/python3.10/site-packages/airflow/example_dags/example_subdag_operator.py
[2025-11-23T18:25:19.074-0500] {logging_mixin.py:154} WARNING - /Users/salmanbey/Documents/Northeastern /Fall 2025/MLOPS/airflow_pipeline/venv/lib/python3.10/site-packages/airflow/serialization/pydantic/dataset.py:23 PydanticDeprecatedSince20: Support for class-based `config` is deprecated, use ConfigDict instead. Deprecated in Pydantic V2.0 to be removed in V3.0. See Pydantic V2 Migration Guide at https://errors.pydantic.dev/2.12/migration/
[2025-11-23T18:25:19.077-0500] {logging_mixin.py:154} WARNING - /Users/salmanbey/Documents/Northeastern /Fall 2025/MLOPS/airflow_pipeline/venv/lib/python3.10/site-packages/airflow/serialization/pydantic/dataset.py:38 PydanticDeprecatedSince20: Support for class-based `config` is deprecated, use ConfigDict instead. Deprecated in Pydantic V2.0 to be removed in V3.0. See Pydantic V2 Migration Guide at https://errors.pydantic.dev/2.12/migration/
[2025-11-23T18:25:19.080-0500] {logging_mixin.py:154} WARNING - /Users/salmanbey/Documents/Northeastern /Fall 2025/MLOPS/airflow_pipeline/venv/lib/python3.10/site-packages/airflow/serialization/pydantic/dataset.py:54 PydanticDeprecatedSince20: Support for class-based `config` is deprecated, use ConfigDict instead. Deprecated in Pydantic V2.0 to be removed in V3.0. See Pydantic V2 Migration Guide at https://errors.pydantic.dev/2.12/migration/
[2025-11-23T18:25:19.083-0500] {logging_mixin.py:154} WARNING - /Users/salmanbey/Documents/Northeastern /Fall 2025/MLOPS/airflow_pipeline/venv/lib/python3.10/site-packages/airflow/serialization/pydantic/dataset.py:74 PydanticDeprecatedSince20: Support for class-based `config` is deprecated, use ConfigDict instead. Deprecated in Pydantic V2.0 to be removed in V3.0. See Pydantic V2 Migration Guide at https://errors.pydantic.dev/2.12/migration/
[2025-11-23T18:25:19.086-0500] {logging_mixin.py:154} WARNING - /Users/salmanbey/Documents/Northeastern /Fall 2025/MLOPS/airflow_pipeline/venv/lib/python3.10/site-packages/airflow/serialization/pydantic/dag_run.py:26 PydanticDeprecatedSince20: Support for class-based `config` is deprecated, use ConfigDict instead. Deprecated in Pydantic V2.0 to be removed in V3.0. See Pydantic V2 Migration Guide at https://errors.pydantic.dev/2.12/migration/
[2025-11-23T18:25:19.150-0500] {logging_mixin.py:154} WARNING - /Users/salmanbey/Documents/Northeastern /Fall 2025/MLOPS/airflow_pipeline/venv/lib/python3.10/site-packages/airflow/serialization/pydantic/taskinstance.py:27 PydanticDeprecatedSince20: Support for class-based `config` is deprecated, use ConfigDict instead. Deprecated in Pydantic V2.0 to be removed in V3.0. See Pydantic V2 Migration Guide at https://errors.pydantic.dev/2.12/migration/
[2025-11-23T18:25:19.282-0500] {processor.py:839} INFO - DAG(s) dict_keys(['example_subdag_operator.section-1', 'example_subdag_operator.section-2', 'example_subdag_operator']) retrieved from /Users/salmanbey/Documents/Northeastern /Fall 2025/MLOPS/airflow_pipeline/venv/lib/python3.10/site-packages/airflow/example_dags/example_subdag_operator.py
[2025-11-23T18:25:19.378-0500] {logging_mixin.py:154} INFO - [2025-11-23T18:25:19.377-0500] {dag.py:2941} INFO - Sync 3 DAGs
[2025-11-23T18:25:19.397-0500] {logging_mixin.py:154} INFO - [2025-11-23T18:25:19.397-0500] {dag.py:3722} INFO - Setting next_dagrun for example_subdag_operator to 2022-01-01T00:00:00+00:00, run_after=2022-01-01T00:00:00+00:00
[2025-11-23T18:25:19.400-0500] {logging_mixin.py:154} INFO - [2025-11-23T18:25:19.400-0500] {dag.py:3722} INFO - Setting next_dagrun for example_subdag_operator.section-1 to None, run_after=None
[2025-11-23T18:25:19.401-0500] {logging_mixin.py:154} INFO - [2025-11-23T18:25:19.401-0500] {dag.py:3722} INFO - Setting next_dagrun for example_subdag_operator.section-2 to None, run_after=None
[2025-11-23T18:25:19.408-0500] {logging_mixin.py:154} INFO - [2025-11-23T18:25:19.408-0500] {dag.py:2941} INFO - Sync 2 DAGs
[2025-11-23T18:25:19.412-0500] {logging_mixin.py:154} INFO - [2025-11-23T18:25:19.412-0500] {dag.py:3722} INFO - Setting next_dagrun for example_subdag_operator.section-1 to None, run_after=None
[2025-11-23T18:25:19.413-0500] {logging_mixin.py:154} INFO - [2025-11-23T18:25:19.413-0500] {dag.py:3722} INFO - Setting next_dagrun for example_subdag_operator.section-2 to None, run_after=None
[2025-11-23T18:25:19.429-0500] {processor.py:179} INFO - Processing /Users/salmanbey/Documents/Northeastern /Fall 2025/MLOPS/airflow_pipeline/venv/lib/python3.10/site-packages/airflow/example_dags/example_subdag_operator.py took 0.388 seconds
[2025-11-23T18:27:33.473-0500] {processor.py:157} INFO - Started process (PID=31348) to work on /Users/salmanbey/Documents/Northeastern /Fall 2025/MLOPS/airflow_pipeline/venv/lib/python3.10/site-packages/airflow/example_dags/example_subdag_operator.py
[2025-11-23T18:27:33.490-0500] {processor.py:829} INFO - Processing file /Users/salmanbey/Documents/Northeastern /Fall 2025/MLOPS/airflow_pipeline/venv/lib/python3.10/site-packages/airflow/example_dags/example_subdag_operator.py for tasks to queue
[2025-11-23T18:27:33.492-0500] {logging_mixin.py:154} INFO - [2025-11-23T18:27:33.492-0500] {dagbag.py:536} INFO - Filling up the DagBag from /Users/salmanbey/Documents/Northeastern /Fall 2025/MLOPS/airflow_pipeline/venv/lib/python3.10/site-packages/airflow/example_dags/example_subdag_operator.py
[2025-11-23T18:27:33.538-0500] {logging_mixin.py:154} WARNING - /Users/salmanbey/Documents/Northeastern /Fall 2025/MLOPS/airflow_pipeline/venv/lib/python3.10/site-packages/airflow/serialization/pydantic/dataset.py:23 PydanticDeprecatedSince20: Support for class-based `config` is deprecated, use ConfigDict instead. Deprecated in Pydantic V2.0 to be removed in V3.0. See Pydantic V2 Migration Guide at https://errors.pydantic.dev/2.12/migration/
[2025-11-23T18:27:33.544-0500] {logging_mixin.py:154} WARNING - /Users/salmanbey/Documents/Northeastern /Fall 2025/MLOPS/airflow_pipeline/venv/lib/python3.10/site-packages/airflow/serialization/pydantic/dataset.py:38 PydanticDeprecatedSince20: Support for class-based `config` is deprecated, use ConfigDict instead. Deprecated in Pydantic V2.0 to be removed in V3.0. See Pydantic V2 Migration Guide at https://errors.pydantic.dev/2.12/migration/
[2025-11-23T18:27:33.549-0500] {logging_mixin.py:154} WARNING - /Users/salmanbey/Documents/Northeastern /Fall 2025/MLOPS/airflow_pipeline/venv/lib/python3.10/site-packages/airflow/serialization/pydantic/dataset.py:54 PydanticDeprecatedSince20: Support for class-based `config` is deprecated, use ConfigDict instead. Deprecated in Pydantic V2.0 to be removed in V3.0. See Pydantic V2 Migration Guide at https://errors.pydantic.dev/2.12/migration/
[2025-11-23T18:27:33.556-0500] {logging_mixin.py:154} WARNING - /Users/salmanbey/Documents/Northeastern /Fall 2025/MLOPS/airflow_pipeline/venv/lib/python3.10/site-packages/airflow/serialization/pydantic/dataset.py:74 PydanticDeprecatedSince20: Support for class-based `config` is deprecated, use ConfigDict instead. Deprecated in Pydantic V2.0 to be removed in V3.0. See Pydantic V2 Migration Guide at https://errors.pydantic.dev/2.12/migration/
[2025-11-23T18:27:33.561-0500] {logging_mixin.py:154} WARNING - /Users/salmanbey/Documents/Northeastern /Fall 2025/MLOPS/airflow_pipeline/venv/lib/python3.10/site-packages/airflow/serialization/pydantic/dag_run.py:26 PydanticDeprecatedSince20: Support for class-based `config` is deprecated, use ConfigDict instead. Deprecated in Pydantic V2.0 to be removed in V3.0. See Pydantic V2 Migration Guide at https://errors.pydantic.dev/2.12/migration/
[2025-11-23T18:27:33.686-0500] {logging_mixin.py:154} WARNING - /Users/salmanbey/Documents/Northeastern /Fall 2025/MLOPS/airflow_pipeline/venv/lib/python3.10/site-packages/airflow/serialization/pydantic/taskinstance.py:27 PydanticDeprecatedSince20: Support for class-based `config` is deprecated, use ConfigDict instead. Deprecated in Pydantic V2.0 to be removed in V3.0. See Pydantic V2 Migration Guide at https://errors.pydantic.dev/2.12/migration/
[2025-11-23T18:27:33.864-0500] {processor.py:839} INFO - DAG(s) dict_keys(['example_subdag_operator.section-1', 'example_subdag_operator.section-2', 'example_subdag_operator']) retrieved from /Users/salmanbey/Documents/Northeastern /Fall 2025/MLOPS/airflow_pipeline/venv/lib/python3.10/site-packages/airflow/example_dags/example_subdag_operator.py
[2025-11-23T18:27:34.052-0500] {logging_mixin.py:154} INFO - [2025-11-23T18:27:34.052-0500] {dag.py:2941} INFO - Sync 3 DAGs
[2025-11-23T18:27:34.088-0500] {logging_mixin.py:154} INFO - [2025-11-23T18:27:34.088-0500] {dag.py:3722} INFO - Setting next_dagrun for example_subdag_operator to 2022-01-01T00:00:00+00:00, run_after=2022-01-01T00:00:00+00:00
[2025-11-23T18:27:34.093-0500] {logging_mixin.py:154} INFO - [2025-11-23T18:27:34.093-0500] {dag.py:3722} INFO - Setting next_dagrun for example_subdag_operator.section-1 to None, run_after=None
[2025-11-23T18:27:34.095-0500] {logging_mixin.py:154} INFO - [2025-11-23T18:27:34.095-0500] {dag.py:3722} INFO - Setting next_dagrun for example_subdag_operator.section-2 to None, run_after=None
[2025-11-23T18:27:34.105-0500] {logging_mixin.py:154} INFO - [2025-11-23T18:27:34.105-0500] {dag.py:2941} INFO - Sync 2 DAGs
[2025-11-23T18:27:34.111-0500] {logging_mixin.py:154} INFO - [2025-11-23T18:27:34.111-0500] {dag.py:3722} INFO - Setting next_dagrun for example_subdag_operator.section-1 to None, run_after=None
[2025-11-23T18:27:34.112-0500] {logging_mixin.py:154} INFO - [2025-11-23T18:27:34.112-0500] {dag.py:3722} INFO - Setting next_dagrun for example_subdag_operator.section-2 to None, run_after=None
[2025-11-23T18:27:34.134-0500] {processor.py:179} INFO - Processing /Users/salmanbey/Documents/Northeastern /Fall 2025/MLOPS/airflow_pipeline/venv/lib/python3.10/site-packages/airflow/example_dags/example_subdag_operator.py took 0.664 seconds
[2025-11-23T18:29:56.261-0500] {processor.py:157} INFO - Started process (PID=31522) to work on /Users/salmanbey/Documents/Northeastern /Fall 2025/MLOPS/airflow_pipeline/venv/lib/python3.10/site-packages/airflow/example_dags/example_subdag_operator.py
[2025-11-23T18:29:56.268-0500] {processor.py:829} INFO - Processing file /Users/salmanbey/Documents/Northeastern /Fall 2025/MLOPS/airflow_pipeline/venv/lib/python3.10/site-packages/airflow/example_dags/example_subdag_operator.py for tasks to queue
[2025-11-23T18:29:56.269-0500] {logging_mixin.py:154} INFO - [2025-11-23T18:29:56.269-0500] {dagbag.py:536} INFO - Filling up the DagBag from /Users/salmanbey/Documents/Northeastern /Fall 2025/MLOPS/airflow_pipeline/venv/lib/python3.10/site-packages/airflow/example_dags/example_subdag_operator.py
[2025-11-23T18:29:56.285-0500] {logging_mixin.py:154} WARNING - /Users/salmanbey/Documents/Northeastern /Fall 2025/MLOPS/airflow_pipeline/venv/lib/python3.10/site-packages/airflow/serialization/pydantic/dataset.py:23 PydanticDeprecatedSince20: Support for class-based `config` is deprecated, use ConfigDict instead. Deprecated in Pydantic V2.0 to be removed in V3.0. See Pydantic V2 Migration Guide at https://errors.pydantic.dev/2.12/migration/
[2025-11-23T18:29:56.287-0500] {logging_mixin.py:154} WARNING - /Users/salmanbey/Documents/Northeastern /Fall 2025/MLOPS/airflow_pipeline/venv/lib/python3.10/site-packages/airflow/serialization/pydantic/dataset.py:38 PydanticDeprecatedSince20: Support for class-based `config` is deprecated, use ConfigDict instead. Deprecated in Pydantic V2.0 to be removed in V3.0. See Pydantic V2 Migration Guide at https://errors.pydantic.dev/2.12/migration/
[2025-11-23T18:29:56.289-0500] {logging_mixin.py:154} WARNING - /Users/salmanbey/Documents/Northeastern /Fall 2025/MLOPS/airflow_pipeline/venv/lib/python3.10/site-packages/airflow/serialization/pydantic/dataset.py:54 PydanticDeprecatedSince20: Support for class-based `config` is deprecated, use ConfigDict instead. Deprecated in Pydantic V2.0 to be removed in V3.0. See Pydantic V2 Migration Guide at https://errors.pydantic.dev/2.12/migration/
[2025-11-23T18:29:56.291-0500] {logging_mixin.py:154} WARNING - /Users/salmanbey/Documents/Northeastern /Fall 2025/MLOPS/airflow_pipeline/venv/lib/python3.10/site-packages/airflow/serialization/pydantic/dataset.py:74 PydanticDeprecatedSince20: Support for class-based `config` is deprecated, use ConfigDict instead. Deprecated in Pydantic V2.0 to be removed in V3.0. See Pydantic V2 Migration Guide at https://errors.pydantic.dev/2.12/migration/
[2025-11-23T18:29:56.294-0500] {logging_mixin.py:154} WARNING - /Users/salmanbey/Documents/Northeastern /Fall 2025/MLOPS/airflow_pipeline/venv/lib/python3.10/site-packages/airflow/serialization/pydantic/dag_run.py:26 PydanticDeprecatedSince20: Support for class-based `config` is deprecated, use ConfigDict instead. Deprecated in Pydantic V2.0 to be removed in V3.0. See Pydantic V2 Migration Guide at https://errors.pydantic.dev/2.12/migration/
[2025-11-23T18:29:56.342-0500] {logging_mixin.py:154} WARNING - /Users/salmanbey/Documents/Northeastern /Fall 2025/MLOPS/airflow_pipeline/venv/lib/python3.10/site-packages/airflow/serialization/pydantic/taskinstance.py:27 PydanticDeprecatedSince20: Support for class-based `config` is deprecated, use ConfigDict instead. Deprecated in Pydantic V2.0 to be removed in V3.0. See Pydantic V2 Migration Guide at https://errors.pydantic.dev/2.12/migration/
[2025-11-23T18:29:56.419-0500] {processor.py:839} INFO - DAG(s) dict_keys(['example_subdag_operator.section-1', 'example_subdag_operator.section-2', 'example_subdag_operator']) retrieved from /Users/salmanbey/Documents/Northeastern /Fall 2025/MLOPS/airflow_pipeline/venv/lib/python3.10/site-packages/airflow/example_dags/example_subdag_operator.py
[2025-11-23T18:29:56.488-0500] {logging_mixin.py:154} INFO - [2025-11-23T18:29:56.488-0500] {dag.py:2941} INFO - Sync 3 DAGs
[2025-11-23T18:29:56.503-0500] {logging_mixin.py:154} INFO - [2025-11-23T18:29:56.503-0500] {dag.py:3722} INFO - Setting next_dagrun for example_subdag_operator to 2022-01-01T00:00:00+00:00, run_after=2022-01-01T00:00:00+00:00
[2025-11-23T18:29:56.506-0500] {logging_mixin.py:154} INFO - [2025-11-23T18:29:56.505-0500] {dag.py:3722} INFO - Setting next_dagrun for example_subdag_operator.section-1 to None, run_after=None
[2025-11-23T18:29:56.506-0500] {logging_mixin.py:154} INFO - [2025-11-23T18:29:56.506-0500] {dag.py:3722} INFO - Setting next_dagrun for example_subdag_operator.section-2 to None, run_after=None
[2025-11-23T18:29:56.512-0500] {logging_mixin.py:154} INFO - [2025-11-23T18:29:56.511-0500] {dag.py:2941} INFO - Sync 2 DAGs
[2025-11-23T18:29:56.515-0500] {logging_mixin.py:154} INFO - [2025-11-23T18:29:56.515-0500] {dag.py:3722} INFO - Setting next_dagrun for example_subdag_operator.section-1 to None, run_after=None
[2025-11-23T18:29:56.515-0500] {logging_mixin.py:154} INFO - [2025-11-23T18:29:56.515-0500] {dag.py:3722} INFO - Setting next_dagrun for example_subdag_operator.section-2 to None, run_after=None
[2025-11-23T18:29:56.528-0500] {processor.py:179} INFO - Processing /Users/salmanbey/Documents/Northeastern /Fall 2025/MLOPS/airflow_pipeline/venv/lib/python3.10/site-packages/airflow/example_dags/example_subdag_operator.py took 0.269 seconds
[2025-11-23T18:31:59.708-0500] {processor.py:157} INFO - Started process (PID=31679) to work on /Users/salmanbey/Documents/Northeastern /Fall 2025/MLOPS/airflow_pipeline/venv/lib/python3.10/site-packages/airflow/example_dags/example_subdag_operator.py
[2025-11-23T18:31:59.723-0500] {processor.py:829} INFO - Processing file /Users/salmanbey/Documents/Northeastern /Fall 2025/MLOPS/airflow_pipeline/venv/lib/python3.10/site-packages/airflow/example_dags/example_subdag_operator.py for tasks to queue
[2025-11-23T18:31:59.724-0500] {logging_mixin.py:154} INFO - [2025-11-23T18:31:59.724-0500] {dagbag.py:536} INFO - Filling up the DagBag from /Users/salmanbey/Documents/Northeastern /Fall 2025/MLOPS/airflow_pipeline/venv/lib/python3.10/site-packages/airflow/example_dags/example_subdag_operator.py
[2025-11-23T18:31:59.763-0500] {logging_mixin.py:154} WARNING - /Users/salmanbey/Documents/Northeastern /Fall 2025/MLOPS/airflow_pipeline/venv/lib/python3.10/site-packages/airflow/serialization/pydantic/dataset.py:23 PydanticDeprecatedSince20: Support for class-based `config` is deprecated, use ConfigDict instead. Deprecated in Pydantic V2.0 to be removed in V3.0. See Pydantic V2 Migration Guide at https://errors.pydantic.dev/2.12/migration/
[2025-11-23T18:31:59.769-0500] {logging_mixin.py:154} WARNING - /Users/salmanbey/Documents/Northeastern /Fall 2025/MLOPS/airflow_pipeline/venv/lib/python3.10/site-packages/airflow/serialization/pydantic/dataset.py:38 PydanticDeprecatedSince20: Support for class-based `config` is deprecated, use ConfigDict instead. Deprecated in Pydantic V2.0 to be removed in V3.0. See Pydantic V2 Migration Guide at https://errors.pydantic.dev/2.12/migration/
[2025-11-23T18:31:59.773-0500] {logging_mixin.py:154} WARNING - /Users/salmanbey/Documents/Northeastern /Fall 2025/MLOPS/airflow_pipeline/venv/lib/python3.10/site-packages/airflow/serialization/pydantic/dataset.py:54 PydanticDeprecatedSince20: Support for class-based `config` is deprecated, use ConfigDict instead. Deprecated in Pydantic V2.0 to be removed in V3.0. See Pydantic V2 Migration Guide at https://errors.pydantic.dev/2.12/migration/
[2025-11-23T18:31:59.779-0500] {logging_mixin.py:154} WARNING - /Users/salmanbey/Documents/Northeastern /Fall 2025/MLOPS/airflow_pipeline/venv/lib/python3.10/site-packages/airflow/serialization/pydantic/dataset.py:74 PydanticDeprecatedSince20: Support for class-based `config` is deprecated, use ConfigDict instead. Deprecated in Pydantic V2.0 to be removed in V3.0. See Pydantic V2 Migration Guide at https://errors.pydantic.dev/2.12/migration/
[2025-11-23T18:31:59.785-0500] {logging_mixin.py:154} WARNING - /Users/salmanbey/Documents/Northeastern /Fall 2025/MLOPS/airflow_pipeline/venv/lib/python3.10/site-packages/airflow/serialization/pydantic/dag_run.py:26 PydanticDeprecatedSince20: Support for class-based `config` is deprecated, use ConfigDict instead. Deprecated in Pydantic V2.0 to be removed in V3.0. See Pydantic V2 Migration Guide at https://errors.pydantic.dev/2.12/migration/
[2025-11-23T18:31:59.891-0500] {logging_mixin.py:154} WARNING - /Users/salmanbey/Documents/Northeastern /Fall 2025/MLOPS/airflow_pipeline/venv/lib/python3.10/site-packages/airflow/serialization/pydantic/taskinstance.py:27 PydanticDeprecatedSince20: Support for class-based `config` is deprecated, use ConfigDict instead. Deprecated in Pydantic V2.0 to be removed in V3.0. See Pydantic V2 Migration Guide at https://errors.pydantic.dev/2.12/migration/
[2025-11-23T18:32:00.100-0500] {processor.py:839} INFO - DAG(s) dict_keys(['example_subdag_operator.section-1', 'example_subdag_operator.section-2', 'example_subdag_operator']) retrieved from /Users/salmanbey/Documents/Northeastern /Fall 2025/MLOPS/airflow_pipeline/venv/lib/python3.10/site-packages/airflow/example_dags/example_subdag_operator.py
[2025-11-23T18:32:00.263-0500] {logging_mixin.py:154} INFO - [2025-11-23T18:32:00.263-0500] {dag.py:2941} INFO - Sync 3 DAGs
[2025-11-23T18:32:00.298-0500] {logging_mixin.py:154} INFO - [2025-11-23T18:32:00.297-0500] {dag.py:3722} INFO - Setting next_dagrun for example_subdag_operator to 2022-01-01T00:00:00+00:00, run_after=2022-01-01T00:00:00+00:00
[2025-11-23T18:32:00.303-0500] {logging_mixin.py:154} INFO - [2025-11-23T18:32:00.302-0500] {dag.py:3722} INFO - Setting next_dagrun for example_subdag_operator.section-1 to None, run_after=None
[2025-11-23T18:32:00.305-0500] {logging_mixin.py:154} INFO - [2025-11-23T18:32:00.305-0500] {dag.py:3722} INFO - Setting next_dagrun for example_subdag_operator.section-2 to None, run_after=None
[2025-11-23T18:32:00.317-0500] {logging_mixin.py:154} INFO - [2025-11-23T18:32:00.317-0500] {dag.py:2941} INFO - Sync 2 DAGs
[2025-11-23T18:32:00.324-0500] {logging_mixin.py:154} INFO - [2025-11-23T18:32:00.324-0500] {dag.py:3722} INFO - Setting next_dagrun for example_subdag_operator.section-1 to None, run_after=None
[2025-11-23T18:32:00.325-0500] {logging_mixin.py:154} INFO - [2025-11-23T18:32:00.324-0500] {dag.py:3722} INFO - Setting next_dagrun for example_subdag_operator.section-2 to None, run_after=None
[2025-11-23T18:32:00.348-0500] {processor.py:179} INFO - Processing /Users/salmanbey/Documents/Northeastern /Fall 2025/MLOPS/airflow_pipeline/venv/lib/python3.10/site-packages/airflow/example_dags/example_subdag_operator.py took 0.642 seconds
[2025-11-23T18:34:21.709-0500] {processor.py:157} INFO - Started process (PID=31865) to work on /Users/salmanbey/Documents/Northeastern /Fall 2025/MLOPS/airflow_pipeline/venv/lib/python3.10/site-packages/airflow/example_dags/example_subdag_operator.py
[2025-11-23T18:34:21.723-0500] {processor.py:829} INFO - Processing file /Users/salmanbey/Documents/Northeastern /Fall 2025/MLOPS/airflow_pipeline/venv/lib/python3.10/site-packages/airflow/example_dags/example_subdag_operator.py for tasks to queue
[2025-11-23T18:34:21.724-0500] {logging_mixin.py:154} INFO - [2025-11-23T18:34:21.723-0500] {dagbag.py:536} INFO - Filling up the DagBag from /Users/salmanbey/Documents/Northeastern /Fall 2025/MLOPS/airflow_pipeline/venv/lib/python3.10/site-packages/airflow/example_dags/example_subdag_operator.py
[2025-11-23T18:34:21.752-0500] {logging_mixin.py:154} WARNING - /Users/salmanbey/Documents/Northeastern /Fall 2025/MLOPS/airflow_pipeline/venv/lib/python3.10/site-packages/airflow/serialization/pydantic/dataset.py:23 PydanticDeprecatedSince20: Support for class-based `config` is deprecated, use ConfigDict instead. Deprecated in Pydantic V2.0 to be removed in V3.0. See Pydantic V2 Migration Guide at https://errors.pydantic.dev/2.12/migration/
[2025-11-23T18:34:21.757-0500] {logging_mixin.py:154} WARNING - /Users/salmanbey/Documents/Northeastern /Fall 2025/MLOPS/airflow_pipeline/venv/lib/python3.10/site-packages/airflow/serialization/pydantic/dataset.py:38 PydanticDeprecatedSince20: Support for class-based `config` is deprecated, use ConfigDict instead. Deprecated in Pydantic V2.0 to be removed in V3.0. See Pydantic V2 Migration Guide at https://errors.pydantic.dev/2.12/migration/
[2025-11-23T18:34:21.760-0500] {logging_mixin.py:154} WARNING - /Users/salmanbey/Documents/Northeastern /Fall 2025/MLOPS/airflow_pipeline/venv/lib/python3.10/site-packages/airflow/serialization/pydantic/dataset.py:54 PydanticDeprecatedSince20: Support for class-based `config` is deprecated, use ConfigDict instead. Deprecated in Pydantic V2.0 to be removed in V3.0. See Pydantic V2 Migration Guide at https://errors.pydantic.dev/2.12/migration/
[2025-11-23T18:34:21.765-0500] {logging_mixin.py:154} WARNING - /Users/salmanbey/Documents/Northeastern /Fall 2025/MLOPS/airflow_pipeline/venv/lib/python3.10/site-packages/airflow/serialization/pydantic/dataset.py:74 PydanticDeprecatedSince20: Support for class-based `config` is deprecated, use ConfigDict instead. Deprecated in Pydantic V2.0 to be removed in V3.0. See Pydantic V2 Migration Guide at https://errors.pydantic.dev/2.12/migration/
[2025-11-23T18:34:21.770-0500] {logging_mixin.py:154} WARNING - /Users/salmanbey/Documents/Northeastern /Fall 2025/MLOPS/airflow_pipeline/venv/lib/python3.10/site-packages/airflow/serialization/pydantic/dag_run.py:26 PydanticDeprecatedSince20: Support for class-based `config` is deprecated, use ConfigDict instead. Deprecated in Pydantic V2.0 to be removed in V3.0. See Pydantic V2 Migration Guide at https://errors.pydantic.dev/2.12/migration/
[2025-11-23T18:34:21.848-0500] {logging_mixin.py:154} WARNING - /Users/salmanbey/Documents/Northeastern /Fall 2025/MLOPS/airflow_pipeline/venv/lib/python3.10/site-packages/airflow/serialization/pydantic/taskinstance.py:27 PydanticDeprecatedSince20: Support for class-based `config` is deprecated, use ConfigDict instead. Deprecated in Pydantic V2.0 to be removed in V3.0. See Pydantic V2 Migration Guide at https://errors.pydantic.dev/2.12/migration/
[2025-11-23T18:34:21.988-0500] {processor.py:839} INFO - DAG(s) dict_keys(['example_subdag_operator.section-1', 'example_subdag_operator.section-2', 'example_subdag_operator']) retrieved from /Users/salmanbey/Documents/Northeastern /Fall 2025/MLOPS/airflow_pipeline/venv/lib/python3.10/site-packages/airflow/example_dags/example_subdag_operator.py
[2025-11-23T18:34:22.117-0500] {logging_mixin.py:154} INFO - [2025-11-23T18:34:22.117-0500] {dag.py:2941} INFO - Sync 3 DAGs
[2025-11-23T18:34:22.134-0500] {logging_mixin.py:154} INFO - [2025-11-23T18:34:22.134-0500] {dag.py:3722} INFO - Setting next_dagrun for example_subdag_operator to 2022-01-01T00:00:00+00:00, run_after=2022-01-01T00:00:00+00:00
[2025-11-23T18:34:22.137-0500] {logging_mixin.py:154} INFO - [2025-11-23T18:34:22.137-0500] {dag.py:3722} INFO - Setting next_dagrun for example_subdag_operator.section-1 to None, run_after=None
[2025-11-23T18:34:22.138-0500] {logging_mixin.py:154} INFO - [2025-11-23T18:34:22.138-0500] {dag.py:3722} INFO - Setting next_dagrun for example_subdag_operator.section-2 to None, run_after=None
[2025-11-23T18:34:22.144-0500] {logging_mixin.py:154} INFO - [2025-11-23T18:34:22.143-0500] {dag.py:2941} INFO - Sync 2 DAGs
[2025-11-23T18:34:22.148-0500] {logging_mixin.py:154} INFO - [2025-11-23T18:34:22.147-0500] {dag.py:3722} INFO - Setting next_dagrun for example_subdag_operator.section-1 to None, run_after=None
[2025-11-23T18:34:22.148-0500] {logging_mixin.py:154} INFO - [2025-11-23T18:34:22.148-0500] {dag.py:3722} INFO - Setting next_dagrun for example_subdag_operator.section-2 to None, run_after=None
[2025-11-23T18:34:22.163-0500] {processor.py:179} INFO - Processing /Users/salmanbey/Documents/Northeastern /Fall 2025/MLOPS/airflow_pipeline/venv/lib/python3.10/site-packages/airflow/example_dags/example_subdag_operator.py took 0.457 seconds
[2025-11-23T18:36:37.120-0500] {processor.py:157} INFO - Started process (PID=32036) to work on /Users/salmanbey/Documents/Northeastern /Fall 2025/MLOPS/airflow_pipeline/venv/lib/python3.10/site-packages/airflow/example_dags/example_subdag_operator.py
[2025-11-23T18:36:37.146-0500] {processor.py:829} INFO - Processing file /Users/salmanbey/Documents/Northeastern /Fall 2025/MLOPS/airflow_pipeline/venv/lib/python3.10/site-packages/airflow/example_dags/example_subdag_operator.py for tasks to queue
[2025-11-23T18:36:37.148-0500] {logging_mixin.py:154} INFO - [2025-11-23T18:36:37.147-0500] {dagbag.py:536} INFO - Filling up the DagBag from /Users/salmanbey/Documents/Northeastern /Fall 2025/MLOPS/airflow_pipeline/venv/lib/python3.10/site-packages/airflow/example_dags/example_subdag_operator.py
[2025-11-23T18:36:37.215-0500] {logging_mixin.py:154} WARNING - /Users/salmanbey/Documents/Northeastern /Fall 2025/MLOPS/airflow_pipeline/venv/lib/python3.10/site-packages/airflow/serialization/pydantic/dataset.py:23 PydanticDeprecatedSince20: Support for class-based `config` is deprecated, use ConfigDict instead. Deprecated in Pydantic V2.0 to be removed in V3.0. See Pydantic V2 Migration Guide at https://errors.pydantic.dev/2.12/migration/
[2025-11-23T18:36:37.223-0500] {logging_mixin.py:154} WARNING - /Users/salmanbey/Documents/Northeastern /Fall 2025/MLOPS/airflow_pipeline/venv/lib/python3.10/site-packages/airflow/serialization/pydantic/dataset.py:38 PydanticDeprecatedSince20: Support for class-based `config` is deprecated, use ConfigDict instead. Deprecated in Pydantic V2.0 to be removed in V3.0. See Pydantic V2 Migration Guide at https://errors.pydantic.dev/2.12/migration/
[2025-11-23T18:36:37.231-0500] {logging_mixin.py:154} WARNING - /Users/salmanbey/Documents/Northeastern /Fall 2025/MLOPS/airflow_pipeline/venv/lib/python3.10/site-packages/airflow/serialization/pydantic/dataset.py:54 PydanticDeprecatedSince20: Support for class-based `config` is deprecated, use ConfigDict instead. Deprecated in Pydantic V2.0 to be removed in V3.0. See Pydantic V2 Migration Guide at https://errors.pydantic.dev/2.12/migration/
[2025-11-23T18:36:37.239-0500] {logging_mixin.py:154} WARNING - /Users/salmanbey/Documents/Northeastern /Fall 2025/MLOPS/airflow_pipeline/venv/lib/python3.10/site-packages/airflow/serialization/pydantic/dataset.py:74 PydanticDeprecatedSince20: Support for class-based `config` is deprecated, use ConfigDict instead. Deprecated in Pydantic V2.0 to be removed in V3.0. See Pydantic V2 Migration Guide at https://errors.pydantic.dev/2.12/migration/
[2025-11-23T18:36:37.250-0500] {logging_mixin.py:154} WARNING - /Users/salmanbey/Documents/Northeastern /Fall 2025/MLOPS/airflow_pipeline/venv/lib/python3.10/site-packages/airflow/serialization/pydantic/dag_run.py:26 PydanticDeprecatedSince20: Support for class-based `config` is deprecated, use ConfigDict instead. Deprecated in Pydantic V2.0 to be removed in V3.0. See Pydantic V2 Migration Guide at https://errors.pydantic.dev/2.12/migration/
[2025-11-23T18:36:37.460-0500] {logging_mixin.py:154} WARNING - /Users/salmanbey/Documents/Northeastern /Fall 2025/MLOPS/airflow_pipeline/venv/lib/python3.10/site-packages/airflow/serialization/pydantic/taskinstance.py:27 PydanticDeprecatedSince20: Support for class-based `config` is deprecated, use ConfigDict instead. Deprecated in Pydantic V2.0 to be removed in V3.0. See Pydantic V2 Migration Guide at https://errors.pydantic.dev/2.12/migration/
[2025-11-23T18:36:37.757-0500] {processor.py:839} INFO - DAG(s) dict_keys(['example_subdag_operator.section-1', 'example_subdag_operator.section-2', 'example_subdag_operator']) retrieved from /Users/salmanbey/Documents/Northeastern /Fall 2025/MLOPS/airflow_pipeline/venv/lib/python3.10/site-packages/airflow/example_dags/example_subdag_operator.py
[2025-11-23T18:36:37.860-0500] {logging_mixin.py:154} INFO - [2025-11-23T18:36:37.860-0500] {dag.py:2941} INFO - Sync 3 DAGs
[2025-11-23T18:36:37.882-0500] {logging_mixin.py:154} INFO - [2025-11-23T18:36:37.881-0500] {dag.py:3722} INFO - Setting next_dagrun for example_subdag_operator to 2022-01-01T00:00:00+00:00, run_after=2022-01-01T00:00:00+00:00
[2025-11-23T18:36:37.885-0500] {logging_mixin.py:154} INFO - [2025-11-23T18:36:37.885-0500] {dag.py:3722} INFO - Setting next_dagrun for example_subdag_operator.section-1 to None, run_after=None
[2025-11-23T18:36:37.886-0500] {logging_mixin.py:154} INFO - [2025-11-23T18:36:37.886-0500] {dag.py:3722} INFO - Setting next_dagrun for example_subdag_operator.section-2 to None, run_after=None
[2025-11-23T18:36:37.893-0500] {logging_mixin.py:154} INFO - [2025-11-23T18:36:37.892-0500] {dag.py:2941} INFO - Sync 2 DAGs
[2025-11-23T18:36:37.897-0500] {logging_mixin.py:154} INFO - [2025-11-23T18:36:37.897-0500] {dag.py:3722} INFO - Setting next_dagrun for example_subdag_operator.section-1 to None, run_after=None
[2025-11-23T18:36:37.897-0500] {logging_mixin.py:154} INFO - [2025-11-23T18:36:37.897-0500] {dag.py:3722} INFO - Setting next_dagrun for example_subdag_operator.section-2 to None, run_after=None
[2025-11-23T18:36:37.912-0500] {processor.py:179} INFO - Processing /Users/salmanbey/Documents/Northeastern /Fall 2025/MLOPS/airflow_pipeline/venv/lib/python3.10/site-packages/airflow/example_dags/example_subdag_operator.py took 0.796 seconds
[2025-11-23T18:50:20.130-0500] {processor.py:157} INFO - Started process (PID=33772) to work on /Users/salmanbey/Documents/Northeastern /Fall 2025/MLOPS/airflow_pipeline/venv/lib/python3.10/site-packages/airflow/example_dags/example_subdag_operator.py
[2025-11-23T18:50:20.138-0500] {processor.py:829} INFO - Processing file /Users/salmanbey/Documents/Northeastern /Fall 2025/MLOPS/airflow_pipeline/venv/lib/python3.10/site-packages/airflow/example_dags/example_subdag_operator.py for tasks to queue
[2025-11-23T18:50:20.139-0500] {logging_mixin.py:154} INFO - [2025-11-23T18:50:20.139-0500] {dagbag.py:536} INFO - Filling up the DagBag from /Users/salmanbey/Documents/Northeastern /Fall 2025/MLOPS/airflow_pipeline/venv/lib/python3.10/site-packages/airflow/example_dags/example_subdag_operator.py
[2025-11-23T18:50:20.158-0500] {logging_mixin.py:154} WARNING - /Users/salmanbey/Documents/Northeastern /Fall 2025/MLOPS/airflow_pipeline/venv/lib/python3.10/site-packages/airflow/serialization/pydantic/dataset.py:23 PydanticDeprecatedSince20: Support for class-based `config` is deprecated, use ConfigDict instead. Deprecated in Pydantic V2.0 to be removed in V3.0. See Pydantic V2 Migration Guide at https://errors.pydantic.dev/2.12/migration/
[2025-11-23T18:50:20.161-0500] {logging_mixin.py:154} WARNING - /Users/salmanbey/Documents/Northeastern /Fall 2025/MLOPS/airflow_pipeline/venv/lib/python3.10/site-packages/airflow/serialization/pydantic/dataset.py:38 PydanticDeprecatedSince20: Support for class-based `config` is deprecated, use ConfigDict instead. Deprecated in Pydantic V2.0 to be removed in V3.0. See Pydantic V2 Migration Guide at https://errors.pydantic.dev/2.12/migration/
[2025-11-23T18:50:20.163-0500] {logging_mixin.py:154} WARNING - /Users/salmanbey/Documents/Northeastern /Fall 2025/MLOPS/airflow_pipeline/venv/lib/python3.10/site-packages/airflow/serialization/pydantic/dataset.py:54 PydanticDeprecatedSince20: Support for class-based `config` is deprecated, use ConfigDict instead. Deprecated in Pydantic V2.0 to be removed in V3.0. See Pydantic V2 Migration Guide at https://errors.pydantic.dev/2.12/migration/
[2025-11-23T18:50:20.166-0500] {logging_mixin.py:154} WARNING - /Users/salmanbey/Documents/Northeastern /Fall 2025/MLOPS/airflow_pipeline/venv/lib/python3.10/site-packages/airflow/serialization/pydantic/dataset.py:74 PydanticDeprecatedSince20: Support for class-based `config` is deprecated, use ConfigDict instead. Deprecated in Pydantic V2.0 to be removed in V3.0. See Pydantic V2 Migration Guide at https://errors.pydantic.dev/2.12/migration/
[2025-11-23T18:50:20.168-0500] {logging_mixin.py:154} WARNING - /Users/salmanbey/Documents/Northeastern /Fall 2025/MLOPS/airflow_pipeline/venv/lib/python3.10/site-packages/airflow/serialization/pydantic/dag_run.py:26 PydanticDeprecatedSince20: Support for class-based `config` is deprecated, use ConfigDict instead. Deprecated in Pydantic V2.0 to be removed in V3.0. See Pydantic V2 Migration Guide at https://errors.pydantic.dev/2.12/migration/
[2025-11-23T18:50:20.222-0500] {logging_mixin.py:154} WARNING - /Users/salmanbey/Documents/Northeastern /Fall 2025/MLOPS/airflow_pipeline/venv/lib/python3.10/site-packages/airflow/serialization/pydantic/taskinstance.py:27 PydanticDeprecatedSince20: Support for class-based `config` is deprecated, use ConfigDict instead. Deprecated in Pydantic V2.0 to be removed in V3.0. See Pydantic V2 Migration Guide at https://errors.pydantic.dev/2.12/migration/
[2025-11-23T18:50:20.321-0500] {processor.py:839} INFO - DAG(s) dict_keys(['example_subdag_operator.section-1', 'example_subdag_operator.section-2', 'example_subdag_operator']) retrieved from /Users/salmanbey/Documents/Northeastern /Fall 2025/MLOPS/airflow_pipeline/venv/lib/python3.10/site-packages/airflow/example_dags/example_subdag_operator.py
[2025-11-23T18:50:20.419-0500] {logging_mixin.py:154} INFO - [2025-11-23T18:50:20.419-0500] {dag.py:2941} INFO - Sync 3 DAGs
[2025-11-23T18:50:20.435-0500] {logging_mixin.py:154} INFO - [2025-11-23T18:50:20.435-0500] {dag.py:3722} INFO - Setting next_dagrun for example_subdag_operator to 2022-01-01T00:00:00+00:00, run_after=2022-01-01T00:00:00+00:00
[2025-11-23T18:50:20.438-0500] {logging_mixin.py:154} INFO - [2025-11-23T18:50:20.437-0500] {dag.py:3722} INFO - Setting next_dagrun for example_subdag_operator.section-1 to None, run_after=None
[2025-11-23T18:50:20.438-0500] {logging_mixin.py:154} INFO - [2025-11-23T18:50:20.438-0500] {dag.py:3722} INFO - Setting next_dagrun for example_subdag_operator.section-2 to None, run_after=None
[2025-11-23T18:50:20.444-0500] {logging_mixin.py:154} INFO - [2025-11-23T18:50:20.444-0500] {dag.py:2941} INFO - Sync 2 DAGs
[2025-11-23T18:50:20.448-0500] {logging_mixin.py:154} INFO - [2025-11-23T18:50:20.447-0500] {dag.py:3722} INFO - Setting next_dagrun for example_subdag_operator.section-1 to None, run_after=None
[2025-11-23T18:50:20.448-0500] {logging_mixin.py:154} INFO - [2025-11-23T18:50:20.448-0500] {dag.py:3722} INFO - Setting next_dagrun for example_subdag_operator.section-2 to None, run_after=None
[2025-11-23T18:50:20.462-0500] {processor.py:179} INFO - Processing /Users/salmanbey/Documents/Northeastern /Fall 2025/MLOPS/airflow_pipeline/venv/lib/python3.10/site-packages/airflow/example_dags/example_subdag_operator.py took 0.334 seconds
[2025-11-23T18:52:48.093-0500] {processor.py:157} INFO - Started process (PID=33970) to work on /Users/salmanbey/Documents/Northeastern /Fall 2025/MLOPS/airflow_pipeline/venv/lib/python3.10/site-packages/airflow/example_dags/example_subdag_operator.py
[2025-11-23T18:52:48.104-0500] {processor.py:829} INFO - Processing file /Users/salmanbey/Documents/Northeastern /Fall 2025/MLOPS/airflow_pipeline/venv/lib/python3.10/site-packages/airflow/example_dags/example_subdag_operator.py for tasks to queue
[2025-11-23T18:52:48.105-0500] {logging_mixin.py:154} INFO - [2025-11-23T18:52:48.104-0500] {dagbag.py:536} INFO - Filling up the DagBag from /Users/salmanbey/Documents/Northeastern /Fall 2025/MLOPS/airflow_pipeline/venv/lib/python3.10/site-packages/airflow/example_dags/example_subdag_operator.py
[2025-11-23T18:52:48.130-0500] {logging_mixin.py:154} WARNING - /Users/salmanbey/Documents/Northeastern /Fall 2025/MLOPS/airflow_pipeline/venv/lib/python3.10/site-packages/airflow/serialization/pydantic/dataset.py:23 PydanticDeprecatedSince20: Support for class-based `config` is deprecated, use ConfigDict instead. Deprecated in Pydantic V2.0 to be removed in V3.0. See Pydantic V2 Migration Guide at https://errors.pydantic.dev/2.12/migration/
[2025-11-23T18:52:48.133-0500] {logging_mixin.py:154} WARNING - /Users/salmanbey/Documents/Northeastern /Fall 2025/MLOPS/airflow_pipeline/venv/lib/python3.10/site-packages/airflow/serialization/pydantic/dataset.py:38 PydanticDeprecatedSince20: Support for class-based `config` is deprecated, use ConfigDict instead. Deprecated in Pydantic V2.0 to be removed in V3.0. See Pydantic V2 Migration Guide at https://errors.pydantic.dev/2.12/migration/
[2025-11-23T18:52:48.137-0500] {logging_mixin.py:154} WARNING - /Users/salmanbey/Documents/Northeastern /Fall 2025/MLOPS/airflow_pipeline/venv/lib/python3.10/site-packages/airflow/serialization/pydantic/dataset.py:54 PydanticDeprecatedSince20: Support for class-based `config` is deprecated, use ConfigDict instead. Deprecated in Pydantic V2.0 to be removed in V3.0. See Pydantic V2 Migration Guide at https://errors.pydantic.dev/2.12/migration/
[2025-11-23T18:52:48.142-0500] {logging_mixin.py:154} WARNING - /Users/salmanbey/Documents/Northeastern /Fall 2025/MLOPS/airflow_pipeline/venv/lib/python3.10/site-packages/airflow/serialization/pydantic/dataset.py:74 PydanticDeprecatedSince20: Support for class-based `config` is deprecated, use ConfigDict instead. Deprecated in Pydantic V2.0 to be removed in V3.0. See Pydantic V2 Migration Guide at https://errors.pydantic.dev/2.12/migration/
[2025-11-23T18:52:48.146-0500] {logging_mixin.py:154} WARNING - /Users/salmanbey/Documents/Northeastern /Fall 2025/MLOPS/airflow_pipeline/venv/lib/python3.10/site-packages/airflow/serialization/pydantic/dag_run.py:26 PydanticDeprecatedSince20: Support for class-based `config` is deprecated, use ConfigDict instead. Deprecated in Pydantic V2.0 to be removed in V3.0. See Pydantic V2 Migration Guide at https://errors.pydantic.dev/2.12/migration/
[2025-11-23T18:52:48.217-0500] {logging_mixin.py:154} WARNING - /Users/salmanbey/Documents/Northeastern /Fall 2025/MLOPS/airflow_pipeline/venv/lib/python3.10/site-packages/airflow/serialization/pydantic/taskinstance.py:27 PydanticDeprecatedSince20: Support for class-based `config` is deprecated, use ConfigDict instead. Deprecated in Pydantic V2.0 to be removed in V3.0. See Pydantic V2 Migration Guide at https://errors.pydantic.dev/2.12/migration/
[2025-11-23T18:52:48.331-0500] {processor.py:839} INFO - DAG(s) dict_keys(['example_subdag_operator.section-1', 'example_subdag_operator.section-2', 'example_subdag_operator']) retrieved from /Users/salmanbey/Documents/Northeastern /Fall 2025/MLOPS/airflow_pipeline/venv/lib/python3.10/site-packages/airflow/example_dags/example_subdag_operator.py
[2025-11-23T18:52:48.410-0500] {logging_mixin.py:154} INFO - [2025-11-23T18:52:48.410-0500] {dag.py:2941} INFO - Sync 3 DAGs
[2025-11-23T18:52:48.427-0500] {logging_mixin.py:154} INFO - [2025-11-23T18:52:48.427-0500] {dag.py:3722} INFO - Setting next_dagrun for example_subdag_operator to 2022-01-01T00:00:00+00:00, run_after=2022-01-01T00:00:00+00:00
[2025-11-23T18:52:48.430-0500] {logging_mixin.py:154} INFO - [2025-11-23T18:52:48.430-0500] {dag.py:3722} INFO - Setting next_dagrun for example_subdag_operator.section-1 to None, run_after=None
[2025-11-23T18:52:48.431-0500] {logging_mixin.py:154} INFO - [2025-11-23T18:52:48.431-0500] {dag.py:3722} INFO - Setting next_dagrun for example_subdag_operator.section-2 to None, run_after=None
[2025-11-23T18:52:48.437-0500] {logging_mixin.py:154} INFO - [2025-11-23T18:52:48.436-0500] {dag.py:2941} INFO - Sync 2 DAGs
[2025-11-23T18:52:48.441-0500] {logging_mixin.py:154} INFO - [2025-11-23T18:52:48.440-0500] {dag.py:3722} INFO - Setting next_dagrun for example_subdag_operator.section-1 to None, run_after=None
[2025-11-23T18:52:48.441-0500] {logging_mixin.py:154} INFO - [2025-11-23T18:52:48.441-0500] {dag.py:3722} INFO - Setting next_dagrun for example_subdag_operator.section-2 to None, run_after=None
[2025-11-23T18:52:48.456-0500] {processor.py:179} INFO - Processing /Users/salmanbey/Documents/Northeastern /Fall 2025/MLOPS/airflow_pipeline/venv/lib/python3.10/site-packages/airflow/example_dags/example_subdag_operator.py took 0.366 seconds
[2025-11-23T18:54:55.570-0500] {processor.py:157} INFO - Started process (PID=34135) to work on /Users/salmanbey/Documents/Northeastern /Fall 2025/MLOPS/airflow_pipeline/venv/lib/python3.10/site-packages/airflow/example_dags/example_subdag_operator.py
[2025-11-23T18:54:55.582-0500] {processor.py:829} INFO - Processing file /Users/salmanbey/Documents/Northeastern /Fall 2025/MLOPS/airflow_pipeline/venv/lib/python3.10/site-packages/airflow/example_dags/example_subdag_operator.py for tasks to queue
[2025-11-23T18:54:55.583-0500] {logging_mixin.py:154} INFO - [2025-11-23T18:54:55.582-0500] {dagbag.py:536} INFO - Filling up the DagBag from /Users/salmanbey/Documents/Northeastern /Fall 2025/MLOPS/airflow_pipeline/venv/lib/python3.10/site-packages/airflow/example_dags/example_subdag_operator.py
[2025-11-23T18:54:55.611-0500] {logging_mixin.py:154} WARNING - /Users/salmanbey/Documents/Northeastern /Fall 2025/MLOPS/airflow_pipeline/venv/lib/python3.10/site-packages/airflow/serialization/pydantic/dataset.py:23 PydanticDeprecatedSince20: Support for class-based `config` is deprecated, use ConfigDict instead. Deprecated in Pydantic V2.0 to be removed in V3.0. See Pydantic V2 Migration Guide at https://errors.pydantic.dev/2.12/migration/
[2025-11-23T18:54:55.616-0500] {logging_mixin.py:154} WARNING - /Users/salmanbey/Documents/Northeastern /Fall 2025/MLOPS/airflow_pipeline/venv/lib/python3.10/site-packages/airflow/serialization/pydantic/dataset.py:38 PydanticDeprecatedSince20: Support for class-based `config` is deprecated, use ConfigDict instead. Deprecated in Pydantic V2.0 to be removed in V3.0. See Pydantic V2 Migration Guide at https://errors.pydantic.dev/2.12/migration/
[2025-11-23T18:54:55.622-0500] {logging_mixin.py:154} WARNING - /Users/salmanbey/Documents/Northeastern /Fall 2025/MLOPS/airflow_pipeline/venv/lib/python3.10/site-packages/airflow/serialization/pydantic/dataset.py:54 PydanticDeprecatedSince20: Support for class-based `config` is deprecated, use ConfigDict instead. Deprecated in Pydantic V2.0 to be removed in V3.0. See Pydantic V2 Migration Guide at https://errors.pydantic.dev/2.12/migration/
[2025-11-23T18:54:55.629-0500] {logging_mixin.py:154} WARNING - /Users/salmanbey/Documents/Northeastern /Fall 2025/MLOPS/airflow_pipeline/venv/lib/python3.10/site-packages/airflow/serialization/pydantic/dataset.py:74 PydanticDeprecatedSince20: Support for class-based `config` is deprecated, use ConfigDict instead. Deprecated in Pydantic V2.0 to be removed in V3.0. See Pydantic V2 Migration Guide at https://errors.pydantic.dev/2.12/migration/
[2025-11-23T18:54:55.635-0500] {logging_mixin.py:154} WARNING - /Users/salmanbey/Documents/Northeastern /Fall 2025/MLOPS/airflow_pipeline/venv/lib/python3.10/site-packages/airflow/serialization/pydantic/dag_run.py:26 PydanticDeprecatedSince20: Support for class-based `config` is deprecated, use ConfigDict instead. Deprecated in Pydantic V2.0 to be removed in V3.0. See Pydantic V2 Migration Guide at https://errors.pydantic.dev/2.12/migration/
[2025-11-23T18:54:55.774-0500] {logging_mixin.py:154} WARNING - /Users/salmanbey/Documents/Northeastern /Fall 2025/MLOPS/airflow_pipeline/venv/lib/python3.10/site-packages/airflow/serialization/pydantic/taskinstance.py:27 PydanticDeprecatedSince20: Support for class-based `config` is deprecated, use ConfigDict instead. Deprecated in Pydantic V2.0 to be removed in V3.0. See Pydantic V2 Migration Guide at https://errors.pydantic.dev/2.12/migration/
[2025-11-23T18:54:55.957-0500] {processor.py:839} INFO - DAG(s) dict_keys(['example_subdag_operator.section-1', 'example_subdag_operator.section-2', 'example_subdag_operator']) retrieved from /Users/salmanbey/Documents/Northeastern /Fall 2025/MLOPS/airflow_pipeline/venv/lib/python3.10/site-packages/airflow/example_dags/example_subdag_operator.py
[2025-11-23T18:54:56.074-0500] {logging_mixin.py:154} INFO - [2025-11-23T18:54:56.073-0500] {dag.py:2941} INFO - Sync 3 DAGs
[2025-11-23T18:54:56.095-0500] {logging_mixin.py:154} INFO - [2025-11-23T18:54:56.095-0500] {dag.py:3722} INFO - Setting next_dagrun for example_subdag_operator to 2022-01-01T00:00:00+00:00, run_after=2022-01-01T00:00:00+00:00
[2025-11-23T18:54:56.099-0500] {logging_mixin.py:154} INFO - [2025-11-23T18:54:56.099-0500] {dag.py:3722} INFO - Setting next_dagrun for example_subdag_operator.section-1 to None, run_after=None
[2025-11-23T18:54:56.100-0500] {logging_mixin.py:154} INFO - [2025-11-23T18:54:56.100-0500] {dag.py:3722} INFO - Setting next_dagrun for example_subdag_operator.section-2 to None, run_after=None
[2025-11-23T18:54:56.107-0500] {logging_mixin.py:154} INFO - [2025-11-23T18:54:56.107-0500] {dag.py:2941} INFO - Sync 2 DAGs
[2025-11-23T18:54:56.112-0500] {logging_mixin.py:154} INFO - [2025-11-23T18:54:56.112-0500] {dag.py:3722} INFO - Setting next_dagrun for example_subdag_operator.section-1 to None, run_after=None
[2025-11-23T18:54:56.112-0500] {logging_mixin.py:154} INFO - [2025-11-23T18:54:56.112-0500] {dag.py:3722} INFO - Setting next_dagrun for example_subdag_operator.section-2 to None, run_after=None
[2025-11-23T18:54:56.128-0500] {processor.py:179} INFO - Processing /Users/salmanbey/Documents/Northeastern /Fall 2025/MLOPS/airflow_pipeline/venv/lib/python3.10/site-packages/airflow/example_dags/example_subdag_operator.py took 0.560 seconds
[2025-11-23T18:57:24.778-0500] {processor.py:157} INFO - Started process (PID=34309) to work on /Users/salmanbey/Documents/Northeastern /Fall 2025/MLOPS/airflow_pipeline/venv/lib/python3.10/site-packages/airflow/example_dags/example_subdag_operator.py
[2025-11-23T18:57:24.787-0500] {processor.py:829} INFO - Processing file /Users/salmanbey/Documents/Northeastern /Fall 2025/MLOPS/airflow_pipeline/venv/lib/python3.10/site-packages/airflow/example_dags/example_subdag_operator.py for tasks to queue
[2025-11-23T18:57:24.788-0500] {logging_mixin.py:154} INFO - [2025-11-23T18:57:24.788-0500] {dagbag.py:536} INFO - Filling up the DagBag from /Users/salmanbey/Documents/Northeastern /Fall 2025/MLOPS/airflow_pipeline/venv/lib/python3.10/site-packages/airflow/example_dags/example_subdag_operator.py
[2025-11-23T18:57:24.808-0500] {logging_mixin.py:154} WARNING - /Users/salmanbey/Documents/Northeastern /Fall 2025/MLOPS/airflow_pipeline/venv/lib/python3.10/site-packages/airflow/serialization/pydantic/dataset.py:23 PydanticDeprecatedSince20: Support for class-based `config` is deprecated, use ConfigDict instead. Deprecated in Pydantic V2.0 to be removed in V3.0. See Pydantic V2 Migration Guide at https://errors.pydantic.dev/2.12/migration/
[2025-11-23T18:57:24.810-0500] {logging_mixin.py:154} WARNING - /Users/salmanbey/Documents/Northeastern /Fall 2025/MLOPS/airflow_pipeline/venv/lib/python3.10/site-packages/airflow/serialization/pydantic/dataset.py:38 PydanticDeprecatedSince20: Support for class-based `config` is deprecated, use ConfigDict instead. Deprecated in Pydantic V2.0 to be removed in V3.0. See Pydantic V2 Migration Guide at https://errors.pydantic.dev/2.12/migration/
[2025-11-23T18:57:24.812-0500] {logging_mixin.py:154} WARNING - /Users/salmanbey/Documents/Northeastern /Fall 2025/MLOPS/airflow_pipeline/venv/lib/python3.10/site-packages/airflow/serialization/pydantic/dataset.py:54 PydanticDeprecatedSince20: Support for class-based `config` is deprecated, use ConfigDict instead. Deprecated in Pydantic V2.0 to be removed in V3.0. See Pydantic V2 Migration Guide at https://errors.pydantic.dev/2.12/migration/
[2025-11-23T18:57:24.815-0500] {logging_mixin.py:154} WARNING - /Users/salmanbey/Documents/Northeastern /Fall 2025/MLOPS/airflow_pipeline/venv/lib/python3.10/site-packages/airflow/serialization/pydantic/dataset.py:74 PydanticDeprecatedSince20: Support for class-based `config` is deprecated, use ConfigDict instead. Deprecated in Pydantic V2.0 to be removed in V3.0. See Pydantic V2 Migration Guide at https://errors.pydantic.dev/2.12/migration/
[2025-11-23T18:57:24.818-0500] {logging_mixin.py:154} WARNING - /Users/salmanbey/Documents/Northeastern /Fall 2025/MLOPS/airflow_pipeline/venv/lib/python3.10/site-packages/airflow/serialization/pydantic/dag_run.py:26 PydanticDeprecatedSince20: Support for class-based `config` is deprecated, use ConfigDict instead. Deprecated in Pydantic V2.0 to be removed in V3.0. See Pydantic V2 Migration Guide at https://errors.pydantic.dev/2.12/migration/
[2025-11-23T18:57:24.878-0500] {logging_mixin.py:154} WARNING - /Users/salmanbey/Documents/Northeastern /Fall 2025/MLOPS/airflow_pipeline/venv/lib/python3.10/site-packages/airflow/serialization/pydantic/taskinstance.py:27 PydanticDeprecatedSince20: Support for class-based `config` is deprecated, use ConfigDict instead. Deprecated in Pydantic V2.0 to be removed in V3.0. See Pydantic V2 Migration Guide at https://errors.pydantic.dev/2.12/migration/
[2025-11-23T18:57:25.011-0500] {processor.py:839} INFO - DAG(s) dict_keys(['example_subdag_operator.section-1', 'example_subdag_operator.section-2', 'example_subdag_operator']) retrieved from /Users/salmanbey/Documents/Northeastern /Fall 2025/MLOPS/airflow_pipeline/venv/lib/python3.10/site-packages/airflow/example_dags/example_subdag_operator.py
[2025-11-23T18:57:25.101-0500] {logging_mixin.py:154} INFO - [2025-11-23T18:57:25.101-0500] {dag.py:2941} INFO - Sync 3 DAGs
[2025-11-23T18:57:25.121-0500] {logging_mixin.py:154} INFO - [2025-11-23T18:57:25.120-0500] {dag.py:3722} INFO - Setting next_dagrun for example_subdag_operator to 2022-01-01T00:00:00+00:00, run_after=2022-01-01T00:00:00+00:00
[2025-11-23T18:57:25.125-0500] {logging_mixin.py:154} INFO - [2025-11-23T18:57:25.124-0500] {dag.py:3722} INFO - Setting next_dagrun for example_subdag_operator.section-1 to None, run_after=None
[2025-11-23T18:57:25.126-0500] {logging_mixin.py:154} INFO - [2025-11-23T18:57:25.126-0500] {dag.py:3722} INFO - Setting next_dagrun for example_subdag_operator.section-2 to None, run_after=None
[2025-11-23T18:57:25.133-0500] {logging_mixin.py:154} INFO - [2025-11-23T18:57:25.133-0500] {dag.py:2941} INFO - Sync 2 DAGs
[2025-11-23T18:57:25.137-0500] {logging_mixin.py:154} INFO - [2025-11-23T18:57:25.137-0500] {dag.py:3722} INFO - Setting next_dagrun for example_subdag_operator.section-1 to None, run_after=None
[2025-11-23T18:57:25.138-0500] {logging_mixin.py:154} INFO - [2025-11-23T18:57:25.138-0500] {dag.py:3722} INFO - Setting next_dagrun for example_subdag_operator.section-2 to None, run_after=None
[2025-11-23T18:57:25.154-0500] {processor.py:179} INFO - Processing /Users/salmanbey/Documents/Northeastern /Fall 2025/MLOPS/airflow_pipeline/venv/lib/python3.10/site-packages/airflow/example_dags/example_subdag_operator.py took 0.378 seconds
[2025-11-23T18:59:40.480-0500] {processor.py:157} INFO - Started process (PID=34502) to work on /Users/salmanbey/Documents/Northeastern /Fall 2025/MLOPS/airflow_pipeline/venv/lib/python3.10/site-packages/airflow/example_dags/example_subdag_operator.py
[2025-11-23T18:59:40.490-0500] {processor.py:829} INFO - Processing file /Users/salmanbey/Documents/Northeastern /Fall 2025/MLOPS/airflow_pipeline/venv/lib/python3.10/site-packages/airflow/example_dags/example_subdag_operator.py for tasks to queue
[2025-11-23T18:59:40.491-0500] {logging_mixin.py:154} INFO - [2025-11-23T18:59:40.491-0500] {dagbag.py:536} INFO - Filling up the DagBag from /Users/salmanbey/Documents/Northeastern /Fall 2025/MLOPS/airflow_pipeline/venv/lib/python3.10/site-packages/airflow/example_dags/example_subdag_operator.py
[2025-11-23T18:59:40.518-0500] {logging_mixin.py:154} WARNING - /Users/salmanbey/Documents/Northeastern /Fall 2025/MLOPS/airflow_pipeline/venv/lib/python3.10/site-packages/airflow/serialization/pydantic/dataset.py:23 PydanticDeprecatedSince20: Support for class-based `config` is deprecated, use ConfigDict instead. Deprecated in Pydantic V2.0 to be removed in V3.0. See Pydantic V2 Migration Guide at https://errors.pydantic.dev/2.12/migration/
[2025-11-23T18:59:40.522-0500] {logging_mixin.py:154} WARNING - /Users/salmanbey/Documents/Northeastern /Fall 2025/MLOPS/airflow_pipeline/venv/lib/python3.10/site-packages/airflow/serialization/pydantic/dataset.py:38 PydanticDeprecatedSince20: Support for class-based `config` is deprecated, use ConfigDict instead. Deprecated in Pydantic V2.0 to be removed in V3.0. See Pydantic V2 Migration Guide at https://errors.pydantic.dev/2.12/migration/
[2025-11-23T18:59:40.525-0500] {logging_mixin.py:154} WARNING - /Users/salmanbey/Documents/Northeastern /Fall 2025/MLOPS/airflow_pipeline/venv/lib/python3.10/site-packages/airflow/serialization/pydantic/dataset.py:54 PydanticDeprecatedSince20: Support for class-based `config` is deprecated, use ConfigDict instead. Deprecated in Pydantic V2.0 to be removed in V3.0. See Pydantic V2 Migration Guide at https://errors.pydantic.dev/2.12/migration/
[2025-11-23T18:59:40.529-0500] {logging_mixin.py:154} WARNING - /Users/salmanbey/Documents/Northeastern /Fall 2025/MLOPS/airflow_pipeline/venv/lib/python3.10/site-packages/airflow/serialization/pydantic/dataset.py:74 PydanticDeprecatedSince20: Support for class-based `config` is deprecated, use ConfigDict instead. Deprecated in Pydantic V2.0 to be removed in V3.0. See Pydantic V2 Migration Guide at https://errors.pydantic.dev/2.12/migration/
[2025-11-23T18:59:40.532-0500] {logging_mixin.py:154} WARNING - /Users/salmanbey/Documents/Northeastern /Fall 2025/MLOPS/airflow_pipeline/venv/lib/python3.10/site-packages/airflow/serialization/pydantic/dag_run.py:26 PydanticDeprecatedSince20: Support for class-based `config` is deprecated, use ConfigDict instead. Deprecated in Pydantic V2.0 to be removed in V3.0. See Pydantic V2 Migration Guide at https://errors.pydantic.dev/2.12/migration/
[2025-11-23T18:59:40.598-0500] {logging_mixin.py:154} WARNING - /Users/salmanbey/Documents/Northeastern /Fall 2025/MLOPS/airflow_pipeline/venv/lib/python3.10/site-packages/airflow/serialization/pydantic/taskinstance.py:27 PydanticDeprecatedSince20: Support for class-based `config` is deprecated, use ConfigDict instead. Deprecated in Pydantic V2.0 to be removed in V3.0. See Pydantic V2 Migration Guide at https://errors.pydantic.dev/2.12/migration/
[2025-11-23T18:59:40.719-0500] {processor.py:839} INFO - DAG(s) dict_keys(['example_subdag_operator.section-1', 'example_subdag_operator.section-2', 'example_subdag_operator']) retrieved from /Users/salmanbey/Documents/Northeastern /Fall 2025/MLOPS/airflow_pipeline/venv/lib/python3.10/site-packages/airflow/example_dags/example_subdag_operator.py
[2025-11-23T18:59:40.810-0500] {logging_mixin.py:154} INFO - [2025-11-23T18:59:40.810-0500] {dag.py:2941} INFO - Sync 3 DAGs
[2025-11-23T18:59:40.830-0500] {logging_mixin.py:154} INFO - [2025-11-23T18:59:40.830-0500] {dag.py:3722} INFO - Setting next_dagrun for example_subdag_operator to 2022-01-01T00:00:00+00:00, run_after=2022-01-01T00:00:00+00:00
[2025-11-23T18:59:40.834-0500] {logging_mixin.py:154} INFO - [2025-11-23T18:59:40.834-0500] {dag.py:3722} INFO - Setting next_dagrun for example_subdag_operator.section-1 to None, run_after=None
[2025-11-23T18:59:40.836-0500] {logging_mixin.py:154} INFO - [2025-11-23T18:59:40.835-0500] {dag.py:3722} INFO - Setting next_dagrun for example_subdag_operator.section-2 to None, run_after=None
[2025-11-23T18:59:40.844-0500] {logging_mixin.py:154} INFO - [2025-11-23T18:59:40.844-0500] {dag.py:2941} INFO - Sync 2 DAGs
[2025-11-23T18:59:40.851-0500] {logging_mixin.py:154} INFO - [2025-11-23T18:59:40.851-0500] {dag.py:3722} INFO - Setting next_dagrun for example_subdag_operator.section-1 to None, run_after=None
[2025-11-23T18:59:40.851-0500] {logging_mixin.py:154} INFO - [2025-11-23T18:59:40.851-0500] {dag.py:3722} INFO - Setting next_dagrun for example_subdag_operator.section-2 to None, run_after=None
[2025-11-23T18:59:40.869-0500] {processor.py:179} INFO - Processing /Users/salmanbey/Documents/Northeastern /Fall 2025/MLOPS/airflow_pipeline/venv/lib/python3.10/site-packages/airflow/example_dags/example_subdag_operator.py took 0.392 seconds
