[2025-11-23T18:18:05.183-0500] {processor.py:157} INFO - Started process (PID=30478) to work on /Users/salmanbey/Documents/Northeastern /Fall 2025/MLOPS/airflow_pipeline/venv/lib/python3.10/site-packages/airflow/example_dags/example_datasets.py
[2025-11-23T18:18:05.197-0500] {processor.py:829} INFO - Processing file /Users/salmanbey/Documents/Northeastern /Fall 2025/MLOPS/airflow_pipeline/venv/lib/python3.10/site-packages/airflow/example_dags/example_datasets.py for tasks to queue
[2025-11-23T18:18:05.199-0500] {logging_mixin.py:154} INFO - [2025-11-23T18:18:05.198-0500] {dagbag.py:536} INFO - Filling up the DagBag from /Users/salmanbey/Documents/Northeastern /Fall 2025/MLOPS/airflow_pipeline/venv/lib/python3.10/site-packages/airflow/example_dags/example_datasets.py
[2025-11-23T18:18:05.254-0500] {logging_mixin.py:154} WARNING - /Users/salmanbey/Documents/Northeastern /Fall 2025/MLOPS/airflow_pipeline/venv/lib/python3.10/site-packages/airflow/serialization/pydantic/dataset.py:23 PydanticDeprecatedSince20: Support for class-based `config` is deprecated, use ConfigDict instead. Deprecated in Pydantic V2.0 to be removed in V3.0. See Pydantic V2 Migration Guide at https://errors.pydantic.dev/2.12/migration/
[2025-11-23T18:18:05.259-0500] {logging_mixin.py:154} WARNING - /Users/salmanbey/Documents/Northeastern /Fall 2025/MLOPS/airflow_pipeline/venv/lib/python3.10/site-packages/airflow/serialization/pydantic/dataset.py:38 PydanticDeprecatedSince20: Support for class-based `config` is deprecated, use ConfigDict instead. Deprecated in Pydantic V2.0 to be removed in V3.0. See Pydantic V2 Migration Guide at https://errors.pydantic.dev/2.12/migration/
[2025-11-23T18:18:05.263-0500] {logging_mixin.py:154} WARNING - /Users/salmanbey/Documents/Northeastern /Fall 2025/MLOPS/airflow_pipeline/venv/lib/python3.10/site-packages/airflow/serialization/pydantic/dataset.py:54 PydanticDeprecatedSince20: Support for class-based `config` is deprecated, use ConfigDict instead. Deprecated in Pydantic V2.0 to be removed in V3.0. See Pydantic V2 Migration Guide at https://errors.pydantic.dev/2.12/migration/
[2025-11-23T18:18:05.268-0500] {logging_mixin.py:154} WARNING - /Users/salmanbey/Documents/Northeastern /Fall 2025/MLOPS/airflow_pipeline/venv/lib/python3.10/site-packages/airflow/serialization/pydantic/dataset.py:74 PydanticDeprecatedSince20: Support for class-based `config` is deprecated, use ConfigDict instead. Deprecated in Pydantic V2.0 to be removed in V3.0. See Pydantic V2 Migration Guide at https://errors.pydantic.dev/2.12/migration/
[2025-11-23T18:18:05.274-0500] {logging_mixin.py:154} WARNING - /Users/salmanbey/Documents/Northeastern /Fall 2025/MLOPS/airflow_pipeline/venv/lib/python3.10/site-packages/airflow/serialization/pydantic/dag_run.py:26 PydanticDeprecatedSince20: Support for class-based `config` is deprecated, use ConfigDict instead. Deprecated in Pydantic V2.0 to be removed in V3.0. See Pydantic V2 Migration Guide at https://errors.pydantic.dev/2.12/migration/
[2025-11-23T18:18:05.289-0500] {processor.py:839} INFO - DAG(s) dict_keys(['dataset_produces_2', 'dataset_consumes_1_never_scheduled', 'dataset_produces_1', 'dataset_consumes_unknown_never_scheduled', 'dataset_consumes_1', 'dataset_consumes_1_and_2']) retrieved from /Users/salmanbey/Documents/Northeastern /Fall 2025/MLOPS/airflow_pipeline/venv/lib/python3.10/site-packages/airflow/example_dags/example_datasets.py
[2025-11-23T18:18:05.353-0500] {logging_mixin.py:154} WARNING - /Users/salmanbey/Documents/Northeastern /Fall 2025/MLOPS/airflow_pipeline/venv/lib/python3.10/site-packages/airflow/serialization/pydantic/taskinstance.py:27 PydanticDeprecatedSince20: Support for class-based `config` is deprecated, use ConfigDict instead. Deprecated in Pydantic V2.0 to be removed in V3.0. See Pydantic V2 Migration Guide at https://errors.pydantic.dev/2.12/migration/
[2025-11-23T18:18:07.162-0500] {logging_mixin.py:154} INFO - [2025-11-23T18:18:07.162-0500] {manager.py:499} INFO - Created Permission View: %s
[2025-11-23T18:18:07.190-0500] {logging_mixin.py:154} INFO - [2025-11-23T18:18:07.189-0500] {manager.py:499} INFO - Created Permission View: %s
[2025-11-23T18:18:07.211-0500] {logging_mixin.py:154} INFO - [2025-11-23T18:18:07.210-0500] {manager.py:499} INFO - Created Permission View: %s
[2025-11-23T18:18:07.249-0500] {logging_mixin.py:154} INFO - [2025-11-23T18:18:07.248-0500] {manager.py:499} INFO - Created Permission View: %s
[2025-11-23T18:18:07.269-0500] {logging_mixin.py:154} INFO - [2025-11-23T18:18:07.268-0500] {manager.py:499} INFO - Created Permission View: %s
[2025-11-23T18:18:07.294-0500] {logging_mixin.py:154} INFO - [2025-11-23T18:18:07.294-0500] {manager.py:499} INFO - Created Permission View: %s
[2025-11-23T18:18:07.394-0500] {logging_mixin.py:154} INFO - [2025-11-23T18:18:07.393-0500] {manager.py:499} INFO - Created Permission View: %s
[2025-11-23T18:18:07.433-0500] {logging_mixin.py:154} INFO - [2025-11-23T18:18:07.432-0500] {manager.py:499} INFO - Created Permission View: %s
[2025-11-23T18:18:07.465-0500] {logging_mixin.py:154} INFO - [2025-11-23T18:18:07.465-0500] {manager.py:499} INFO - Created Permission View: %s
[2025-11-23T18:18:07.538-0500] {logging_mixin.py:154} INFO - [2025-11-23T18:18:07.537-0500] {manager.py:499} INFO - Created Permission View: %s
[2025-11-23T18:18:07.556-0500] {logging_mixin.py:154} INFO - [2025-11-23T18:18:07.555-0500] {manager.py:499} INFO - Created Permission View: %s
[2025-11-23T18:18:07.573-0500] {logging_mixin.py:154} INFO - [2025-11-23T18:18:07.572-0500] {manager.py:499} INFO - Created Permission View: %s
[2025-11-23T18:18:07.623-0500] {logging_mixin.py:154} INFO - [2025-11-23T18:18:07.623-0500] {manager.py:499} INFO - Created Permission View: %s
[2025-11-23T18:18:07.643-0500] {logging_mixin.py:154} INFO - [2025-11-23T18:18:07.643-0500] {manager.py:499} INFO - Created Permission View: %s
[2025-11-23T18:18:07.661-0500] {logging_mixin.py:154} INFO - [2025-11-23T18:18:07.661-0500] {manager.py:499} INFO - Created Permission View: %s
[2025-11-23T18:18:07.701-0500] {logging_mixin.py:154} INFO - [2025-11-23T18:18:07.700-0500] {manager.py:499} INFO - Created Permission View: %s
[2025-11-23T18:18:07.715-0500] {logging_mixin.py:154} INFO - [2025-11-23T18:18:07.714-0500] {manager.py:499} INFO - Created Permission View: %s
[2025-11-23T18:18:07.754-0500] {logging_mixin.py:154} INFO - [2025-11-23T18:18:07.753-0500] {manager.py:499} INFO - Created Permission View: %s
[2025-11-23T18:18:07.756-0500] {logging_mixin.py:154} INFO - [2025-11-23T18:18:07.755-0500] {dag.py:2941} INFO - Sync 6 DAGs
[2025-11-23T18:18:07.830-0500] {logging_mixin.py:154} INFO - [2025-11-23T18:18:07.828-0500] {dag.py:2963} INFO - Creating ORM DAG for dataset_consumes_1_and_2
[2025-11-23T18:18:07.832-0500] {logging_mixin.py:154} INFO - [2025-11-23T18:18:07.832-0500] {dag.py:2963} INFO - Creating ORM DAG for dataset_produces_2
[2025-11-23T18:18:07.834-0500] {logging_mixin.py:154} INFO - [2025-11-23T18:18:07.833-0500] {dag.py:2963} INFO - Creating ORM DAG for dataset_consumes_1_never_scheduled
[2025-11-23T18:18:07.836-0500] {logging_mixin.py:154} INFO - [2025-11-23T18:18:07.835-0500] {dag.py:2963} INFO - Creating ORM DAG for dataset_consumes_unknown_never_scheduled
[2025-11-23T18:18:07.837-0500] {logging_mixin.py:154} INFO - [2025-11-23T18:18:07.837-0500] {dag.py:2963} INFO - Creating ORM DAG for dataset_consumes_1
[2025-11-23T18:18:07.839-0500] {logging_mixin.py:154} INFO - [2025-11-23T18:18:07.838-0500] {dag.py:2963} INFO - Creating ORM DAG for dataset_produces_1
[2025-11-23T18:18:07.865-0500] {logging_mixin.py:154} INFO - [2025-11-23T18:18:07.864-0500] {dag.py:3722} INFO - Setting next_dagrun for dataset_consumes_1 to None, run_after=None
[2025-11-23T18:18:07.866-0500] {logging_mixin.py:154} INFO - [2025-11-23T18:18:07.866-0500] {dag.py:3722} INFO - Setting next_dagrun for dataset_consumes_1_and_2 to None, run_after=None
[2025-11-23T18:18:07.867-0500] {logging_mixin.py:154} INFO - [2025-11-23T18:18:07.867-0500] {dag.py:3722} INFO - Setting next_dagrun for dataset_consumes_1_never_scheduled to None, run_after=None
[2025-11-23T18:18:07.868-0500] {logging_mixin.py:154} INFO - [2025-11-23T18:18:07.868-0500] {dag.py:3722} INFO - Setting next_dagrun for dataset_consumes_unknown_never_scheduled to None, run_after=None
[2025-11-23T18:18:07.876-0500] {logging_mixin.py:154} INFO - [2025-11-23T18:18:07.876-0500] {dag.py:3722} INFO - Setting next_dagrun for dataset_produces_1 to 2025-11-22T00:00:00+00:00, run_after=2025-11-23T00:00:00+00:00
[2025-11-23T18:18:07.878-0500] {logging_mixin.py:154} INFO - [2025-11-23T18:18:07.878-0500] {dag.py:3722} INFO - Setting next_dagrun for dataset_produces_2 to None, run_after=None
[2025-11-23T18:18:07.987-0500] {processor.py:179} INFO - Processing /Users/salmanbey/Documents/Northeastern /Fall 2025/MLOPS/airflow_pipeline/venv/lib/python3.10/site-packages/airflow/example_dags/example_datasets.py took 2.806 seconds
[2025-11-23T18:23:42.377-0500] {processor.py:157} INFO - Started process (PID=31055) to work on /Users/salmanbey/Documents/Northeastern /Fall 2025/MLOPS/airflow_pipeline/venv/lib/python3.10/site-packages/airflow/example_dags/example_datasets.py
[2025-11-23T18:23:42.389-0500] {processor.py:829} INFO - Processing file /Users/salmanbey/Documents/Northeastern /Fall 2025/MLOPS/airflow_pipeline/venv/lib/python3.10/site-packages/airflow/example_dags/example_datasets.py for tasks to queue
[2025-11-23T18:23:42.390-0500] {logging_mixin.py:154} INFO - [2025-11-23T18:23:42.390-0500] {dagbag.py:536} INFO - Filling up the DagBag from /Users/salmanbey/Documents/Northeastern /Fall 2025/MLOPS/airflow_pipeline/venv/lib/python3.10/site-packages/airflow/example_dags/example_datasets.py
[2025-11-23T18:23:42.430-0500] {logging_mixin.py:154} WARNING - /Users/salmanbey/Documents/Northeastern /Fall 2025/MLOPS/airflow_pipeline/venv/lib/python3.10/site-packages/airflow/serialization/pydantic/dataset.py:23 PydanticDeprecatedSince20: Support for class-based `config` is deprecated, use ConfigDict instead. Deprecated in Pydantic V2.0 to be removed in V3.0. See Pydantic V2 Migration Guide at https://errors.pydantic.dev/2.12/migration/
[2025-11-23T18:23:42.434-0500] {logging_mixin.py:154} WARNING - /Users/salmanbey/Documents/Northeastern /Fall 2025/MLOPS/airflow_pipeline/venv/lib/python3.10/site-packages/airflow/serialization/pydantic/dataset.py:38 PydanticDeprecatedSince20: Support for class-based `config` is deprecated, use ConfigDict instead. Deprecated in Pydantic V2.0 to be removed in V3.0. See Pydantic V2 Migration Guide at https://errors.pydantic.dev/2.12/migration/
[2025-11-23T18:23:42.437-0500] {logging_mixin.py:154} WARNING - /Users/salmanbey/Documents/Northeastern /Fall 2025/MLOPS/airflow_pipeline/venv/lib/python3.10/site-packages/airflow/serialization/pydantic/dataset.py:54 PydanticDeprecatedSince20: Support for class-based `config` is deprecated, use ConfigDict instead. Deprecated in Pydantic V2.0 to be removed in V3.0. See Pydantic V2 Migration Guide at https://errors.pydantic.dev/2.12/migration/
[2025-11-23T18:23:42.441-0500] {logging_mixin.py:154} WARNING - /Users/salmanbey/Documents/Northeastern /Fall 2025/MLOPS/airflow_pipeline/venv/lib/python3.10/site-packages/airflow/serialization/pydantic/dataset.py:74 PydanticDeprecatedSince20: Support for class-based `config` is deprecated, use ConfigDict instead. Deprecated in Pydantic V2.0 to be removed in V3.0. See Pydantic V2 Migration Guide at https://errors.pydantic.dev/2.12/migration/
[2025-11-23T18:23:42.445-0500] {logging_mixin.py:154} WARNING - /Users/salmanbey/Documents/Northeastern /Fall 2025/MLOPS/airflow_pipeline/venv/lib/python3.10/site-packages/airflow/serialization/pydantic/dag_run.py:26 PydanticDeprecatedSince20: Support for class-based `config` is deprecated, use ConfigDict instead. Deprecated in Pydantic V2.0 to be removed in V3.0. See Pydantic V2 Migration Guide at https://errors.pydantic.dev/2.12/migration/
[2025-11-23T18:23:42.454-0500] {processor.py:839} INFO - DAG(s) dict_keys(['dataset_consumes_unknown_never_scheduled', 'dataset_consumes_1_never_scheduled', 'dataset_produces_2', 'dataset_consumes_1', 'dataset_consumes_1_and_2', 'dataset_produces_1']) retrieved from /Users/salmanbey/Documents/Northeastern /Fall 2025/MLOPS/airflow_pipeline/venv/lib/python3.10/site-packages/airflow/example_dags/example_datasets.py
[2025-11-23T18:23:42.503-0500] {logging_mixin.py:154} WARNING - /Users/salmanbey/Documents/Northeastern /Fall 2025/MLOPS/airflow_pipeline/venv/lib/python3.10/site-packages/airflow/serialization/pydantic/taskinstance.py:27 PydanticDeprecatedSince20: Support for class-based `config` is deprecated, use ConfigDict instead. Deprecated in Pydantic V2.0 to be removed in V3.0. See Pydantic V2 Migration Guide at https://errors.pydantic.dev/2.12/migration/
[2025-11-23T18:23:42.771-0500] {logging_mixin.py:154} INFO - [2025-11-23T18:23:42.771-0500] {dag.py:2941} INFO - Sync 6 DAGs
[2025-11-23T18:23:42.801-0500] {logging_mixin.py:154} INFO - [2025-11-23T18:23:42.801-0500] {dag.py:3722} INFO - Setting next_dagrun for dataset_consumes_1 to None, run_after=None
[2025-11-23T18:23:42.806-0500] {logging_mixin.py:154} INFO - [2025-11-23T18:23:42.806-0500] {dag.py:3722} INFO - Setting next_dagrun for dataset_consumes_1_and_2 to None, run_after=None
[2025-11-23T18:23:42.808-0500] {logging_mixin.py:154} INFO - [2025-11-23T18:23:42.808-0500] {dag.py:3722} INFO - Setting next_dagrun for dataset_consumes_1_never_scheduled to None, run_after=None
[2025-11-23T18:23:42.809-0500] {logging_mixin.py:154} INFO - [2025-11-23T18:23:42.809-0500] {dag.py:3722} INFO - Setting next_dagrun for dataset_consumes_unknown_never_scheduled to None, run_after=None
[2025-11-23T18:23:42.813-0500] {logging_mixin.py:154} INFO - [2025-11-23T18:23:42.813-0500] {dag.py:3722} INFO - Setting next_dagrun for dataset_produces_1 to 2025-11-22T00:00:00+00:00, run_after=2025-11-23T00:00:00+00:00
[2025-11-23T18:23:42.815-0500] {logging_mixin.py:154} INFO - [2025-11-23T18:23:42.815-0500] {dag.py:3722} INFO - Setting next_dagrun for dataset_produces_2 to None, run_after=None
[2025-11-23T18:23:42.862-0500] {processor.py:179} INFO - Processing /Users/salmanbey/Documents/Northeastern /Fall 2025/MLOPS/airflow_pipeline/venv/lib/python3.10/site-packages/airflow/example_dags/example_datasets.py took 0.488 seconds
[2025-11-23T18:28:25.701-0500] {processor.py:157} INFO - Started process (PID=31410) to work on /Users/salmanbey/Documents/Northeastern /Fall 2025/MLOPS/airflow_pipeline/venv/lib/python3.10/site-packages/airflow/example_dags/example_datasets.py
[2025-11-23T18:28:25.708-0500] {processor.py:829} INFO - Processing file /Users/salmanbey/Documents/Northeastern /Fall 2025/MLOPS/airflow_pipeline/venv/lib/python3.10/site-packages/airflow/example_dags/example_datasets.py for tasks to queue
[2025-11-23T18:28:25.709-0500] {logging_mixin.py:154} INFO - [2025-11-23T18:28:25.709-0500] {dagbag.py:536} INFO - Filling up the DagBag from /Users/salmanbey/Documents/Northeastern /Fall 2025/MLOPS/airflow_pipeline/venv/lib/python3.10/site-packages/airflow/example_dags/example_datasets.py
[2025-11-23T18:28:25.730-0500] {logging_mixin.py:154} WARNING - /Users/salmanbey/Documents/Northeastern /Fall 2025/MLOPS/airflow_pipeline/venv/lib/python3.10/site-packages/airflow/serialization/pydantic/dataset.py:23 PydanticDeprecatedSince20: Support for class-based `config` is deprecated, use ConfigDict instead. Deprecated in Pydantic V2.0 to be removed in V3.0. See Pydantic V2 Migration Guide at https://errors.pydantic.dev/2.12/migration/
[2025-11-23T18:28:25.733-0500] {logging_mixin.py:154} WARNING - /Users/salmanbey/Documents/Northeastern /Fall 2025/MLOPS/airflow_pipeline/venv/lib/python3.10/site-packages/airflow/serialization/pydantic/dataset.py:38 PydanticDeprecatedSince20: Support for class-based `config` is deprecated, use ConfigDict instead. Deprecated in Pydantic V2.0 to be removed in V3.0. See Pydantic V2 Migration Guide at https://errors.pydantic.dev/2.12/migration/
[2025-11-23T18:28:25.734-0500] {logging_mixin.py:154} WARNING - /Users/salmanbey/Documents/Northeastern /Fall 2025/MLOPS/airflow_pipeline/venv/lib/python3.10/site-packages/airflow/serialization/pydantic/dataset.py:54 PydanticDeprecatedSince20: Support for class-based `config` is deprecated, use ConfigDict instead. Deprecated in Pydantic V2.0 to be removed in V3.0. See Pydantic V2 Migration Guide at https://errors.pydantic.dev/2.12/migration/
[2025-11-23T18:28:25.737-0500] {logging_mixin.py:154} WARNING - /Users/salmanbey/Documents/Northeastern /Fall 2025/MLOPS/airflow_pipeline/venv/lib/python3.10/site-packages/airflow/serialization/pydantic/dataset.py:74 PydanticDeprecatedSince20: Support for class-based `config` is deprecated, use ConfigDict instead. Deprecated in Pydantic V2.0 to be removed in V3.0. See Pydantic V2 Migration Guide at https://errors.pydantic.dev/2.12/migration/
[2025-11-23T18:28:25.739-0500] {logging_mixin.py:154} WARNING - /Users/salmanbey/Documents/Northeastern /Fall 2025/MLOPS/airflow_pipeline/venv/lib/python3.10/site-packages/airflow/serialization/pydantic/dag_run.py:26 PydanticDeprecatedSince20: Support for class-based `config` is deprecated, use ConfigDict instead. Deprecated in Pydantic V2.0 to be removed in V3.0. See Pydantic V2 Migration Guide at https://errors.pydantic.dev/2.12/migration/
[2025-11-23T18:28:25.744-0500] {processor.py:839} INFO - DAG(s) dict_keys(['dataset_consumes_unknown_never_scheduled', 'dataset_consumes_1_never_scheduled', 'dataset_produces_2', 'dataset_produces_1', 'dataset_consumes_1', 'dataset_consumes_1_and_2']) retrieved from /Users/salmanbey/Documents/Northeastern /Fall 2025/MLOPS/airflow_pipeline/venv/lib/python3.10/site-packages/airflow/example_dags/example_datasets.py
[2025-11-23T18:28:25.782-0500] {logging_mixin.py:154} WARNING - /Users/salmanbey/Documents/Northeastern /Fall 2025/MLOPS/airflow_pipeline/venv/lib/python3.10/site-packages/airflow/serialization/pydantic/taskinstance.py:27 PydanticDeprecatedSince20: Support for class-based `config` is deprecated, use ConfigDict instead. Deprecated in Pydantic V2.0 to be removed in V3.0. See Pydantic V2 Migration Guide at https://errors.pydantic.dev/2.12/migration/
[2025-11-23T18:28:25.947-0500] {logging_mixin.py:154} INFO - [2025-11-23T18:28:25.947-0500] {dag.py:2941} INFO - Sync 6 DAGs
[2025-11-23T18:28:25.962-0500] {logging_mixin.py:154} INFO - [2025-11-23T18:28:25.962-0500] {dag.py:3722} INFO - Setting next_dagrun for dataset_consumes_1 to None, run_after=None
[2025-11-23T18:28:25.965-0500] {logging_mixin.py:154} INFO - [2025-11-23T18:28:25.965-0500] {dag.py:3722} INFO - Setting next_dagrun for dataset_consumes_1_and_2 to None, run_after=None
[2025-11-23T18:28:25.966-0500] {logging_mixin.py:154} INFO - [2025-11-23T18:28:25.966-0500] {dag.py:3722} INFO - Setting next_dagrun for dataset_consumes_1_never_scheduled to None, run_after=None
[2025-11-23T18:28:25.967-0500] {logging_mixin.py:154} INFO - [2025-11-23T18:28:25.967-0500] {dag.py:3722} INFO - Setting next_dagrun for dataset_consumes_unknown_never_scheduled to None, run_after=None
[2025-11-23T18:28:25.969-0500] {logging_mixin.py:154} INFO - [2025-11-23T18:28:25.969-0500] {dag.py:3722} INFO - Setting next_dagrun for dataset_produces_1 to 2025-11-22T00:00:00+00:00, run_after=2025-11-23T00:00:00+00:00
[2025-11-23T18:28:25.969-0500] {logging_mixin.py:154} INFO - [2025-11-23T18:28:25.969-0500] {dag.py:3722} INFO - Setting next_dagrun for dataset_produces_2 to None, run_after=None
[2025-11-23T18:28:25.996-0500] {processor.py:179} INFO - Processing /Users/salmanbey/Documents/Northeastern /Fall 2025/MLOPS/airflow_pipeline/venv/lib/python3.10/site-packages/airflow/example_dags/example_datasets.py took 0.297 seconds
[2025-11-23T18:32:24.690-0500] {processor.py:157} INFO - Started process (PID=31714) to work on /Users/salmanbey/Documents/Northeastern /Fall 2025/MLOPS/airflow_pipeline/venv/lib/python3.10/site-packages/airflow/example_dags/example_datasets.py
[2025-11-23T18:32:24.697-0500] {processor.py:829} INFO - Processing file /Users/salmanbey/Documents/Northeastern /Fall 2025/MLOPS/airflow_pipeline/venv/lib/python3.10/site-packages/airflow/example_dags/example_datasets.py for tasks to queue
[2025-11-23T18:32:24.698-0500] {logging_mixin.py:154} INFO - [2025-11-23T18:32:24.698-0500] {dagbag.py:536} INFO - Filling up the DagBag from /Users/salmanbey/Documents/Northeastern /Fall 2025/MLOPS/airflow_pipeline/venv/lib/python3.10/site-packages/airflow/example_dags/example_datasets.py
[2025-11-23T18:32:24.721-0500] {logging_mixin.py:154} WARNING - /Users/salmanbey/Documents/Northeastern /Fall 2025/MLOPS/airflow_pipeline/venv/lib/python3.10/site-packages/airflow/serialization/pydantic/dataset.py:23 PydanticDeprecatedSince20: Support for class-based `config` is deprecated, use ConfigDict instead. Deprecated in Pydantic V2.0 to be removed in V3.0. See Pydantic V2 Migration Guide at https://errors.pydantic.dev/2.12/migration/
[2025-11-23T18:32:24.723-0500] {logging_mixin.py:154} WARNING - /Users/salmanbey/Documents/Northeastern /Fall 2025/MLOPS/airflow_pipeline/venv/lib/python3.10/site-packages/airflow/serialization/pydantic/dataset.py:38 PydanticDeprecatedSince20: Support for class-based `config` is deprecated, use ConfigDict instead. Deprecated in Pydantic V2.0 to be removed in V3.0. See Pydantic V2 Migration Guide at https://errors.pydantic.dev/2.12/migration/
[2025-11-23T18:32:24.725-0500] {logging_mixin.py:154} WARNING - /Users/salmanbey/Documents/Northeastern /Fall 2025/MLOPS/airflow_pipeline/venv/lib/python3.10/site-packages/airflow/serialization/pydantic/dataset.py:54 PydanticDeprecatedSince20: Support for class-based `config` is deprecated, use ConfigDict instead. Deprecated in Pydantic V2.0 to be removed in V3.0. See Pydantic V2 Migration Guide at https://errors.pydantic.dev/2.12/migration/
[2025-11-23T18:32:24.729-0500] {logging_mixin.py:154} WARNING - /Users/salmanbey/Documents/Northeastern /Fall 2025/MLOPS/airflow_pipeline/venv/lib/python3.10/site-packages/airflow/serialization/pydantic/dataset.py:74 PydanticDeprecatedSince20: Support for class-based `config` is deprecated, use ConfigDict instead. Deprecated in Pydantic V2.0 to be removed in V3.0. See Pydantic V2 Migration Guide at https://errors.pydantic.dev/2.12/migration/
[2025-11-23T18:32:24.732-0500] {logging_mixin.py:154} WARNING - /Users/salmanbey/Documents/Northeastern /Fall 2025/MLOPS/airflow_pipeline/venv/lib/python3.10/site-packages/airflow/serialization/pydantic/dag_run.py:26 PydanticDeprecatedSince20: Support for class-based `config` is deprecated, use ConfigDict instead. Deprecated in Pydantic V2.0 to be removed in V3.0. See Pydantic V2 Migration Guide at https://errors.pydantic.dev/2.12/migration/
[2025-11-23T18:32:24.738-0500] {processor.py:839} INFO - DAG(s) dict_keys(['dataset_consumes_1', 'dataset_consumes_1_and_2', 'dataset_produces_1', 'dataset_produces_2', 'dataset_consumes_unknown_never_scheduled', 'dataset_consumes_1_never_scheduled']) retrieved from /Users/salmanbey/Documents/Northeastern /Fall 2025/MLOPS/airflow_pipeline/venv/lib/python3.10/site-packages/airflow/example_dags/example_datasets.py
[2025-11-23T18:32:24.768-0500] {logging_mixin.py:154} WARNING - /Users/salmanbey/Documents/Northeastern /Fall 2025/MLOPS/airflow_pipeline/venv/lib/python3.10/site-packages/airflow/serialization/pydantic/taskinstance.py:27 PydanticDeprecatedSince20: Support for class-based `config` is deprecated, use ConfigDict instead. Deprecated in Pydantic V2.0 to be removed in V3.0. See Pydantic V2 Migration Guide at https://errors.pydantic.dev/2.12/migration/
[2025-11-23T18:32:24.933-0500] {logging_mixin.py:154} INFO - [2025-11-23T18:32:24.933-0500] {dag.py:2941} INFO - Sync 6 DAGs
[2025-11-23T18:32:24.947-0500] {logging_mixin.py:154} INFO - [2025-11-23T18:32:24.947-0500] {dag.py:3722} INFO - Setting next_dagrun for dataset_consumes_1 to None, run_after=None
[2025-11-23T18:32:24.950-0500] {logging_mixin.py:154} INFO - [2025-11-23T18:32:24.950-0500] {dag.py:3722} INFO - Setting next_dagrun for dataset_consumes_1_and_2 to None, run_after=None
[2025-11-23T18:32:24.951-0500] {logging_mixin.py:154} INFO - [2025-11-23T18:32:24.950-0500] {dag.py:3722} INFO - Setting next_dagrun for dataset_consumes_1_never_scheduled to None, run_after=None
[2025-11-23T18:32:24.951-0500] {logging_mixin.py:154} INFO - [2025-11-23T18:32:24.951-0500] {dag.py:3722} INFO - Setting next_dagrun for dataset_consumes_unknown_never_scheduled to None, run_after=None
[2025-11-23T18:32:24.953-0500] {logging_mixin.py:154} INFO - [2025-11-23T18:32:24.953-0500] {dag.py:3722} INFO - Setting next_dagrun for dataset_produces_1 to 2025-11-22T00:00:00+00:00, run_after=2025-11-23T00:00:00+00:00
[2025-11-23T18:32:24.954-0500] {logging_mixin.py:154} INFO - [2025-11-23T18:32:24.954-0500] {dag.py:3722} INFO - Setting next_dagrun for dataset_produces_2 to None, run_after=None
[2025-11-23T18:32:24.980-0500] {processor.py:179} INFO - Processing /Users/salmanbey/Documents/Northeastern /Fall 2025/MLOPS/airflow_pipeline/venv/lib/python3.10/site-packages/airflow/example_dags/example_datasets.py took 0.291 seconds
[2025-11-23T18:51:21.413-0500] {processor.py:157} INFO - Started process (PID=33855) to work on /Users/salmanbey/Documents/Northeastern /Fall 2025/MLOPS/airflow_pipeline/venv/lib/python3.10/site-packages/airflow/example_dags/example_datasets.py
[2025-11-23T18:51:21.420-0500] {processor.py:829} INFO - Processing file /Users/salmanbey/Documents/Northeastern /Fall 2025/MLOPS/airflow_pipeline/venv/lib/python3.10/site-packages/airflow/example_dags/example_datasets.py for tasks to queue
[2025-11-23T18:51:21.421-0500] {logging_mixin.py:154} INFO - [2025-11-23T18:51:21.421-0500] {dagbag.py:536} INFO - Filling up the DagBag from /Users/salmanbey/Documents/Northeastern /Fall 2025/MLOPS/airflow_pipeline/venv/lib/python3.10/site-packages/airflow/example_dags/example_datasets.py
[2025-11-23T18:51:21.443-0500] {logging_mixin.py:154} WARNING - /Users/salmanbey/Documents/Northeastern /Fall 2025/MLOPS/airflow_pipeline/venv/lib/python3.10/site-packages/airflow/serialization/pydantic/dataset.py:23 PydanticDeprecatedSince20: Support for class-based `config` is deprecated, use ConfigDict instead. Deprecated in Pydantic V2.0 to be removed in V3.0. See Pydantic V2 Migration Guide at https://errors.pydantic.dev/2.12/migration/
[2025-11-23T18:51:21.446-0500] {logging_mixin.py:154} WARNING - /Users/salmanbey/Documents/Northeastern /Fall 2025/MLOPS/airflow_pipeline/venv/lib/python3.10/site-packages/airflow/serialization/pydantic/dataset.py:38 PydanticDeprecatedSince20: Support for class-based `config` is deprecated, use ConfigDict instead. Deprecated in Pydantic V2.0 to be removed in V3.0. See Pydantic V2 Migration Guide at https://errors.pydantic.dev/2.12/migration/
[2025-11-23T18:51:21.447-0500] {logging_mixin.py:154} WARNING - /Users/salmanbey/Documents/Northeastern /Fall 2025/MLOPS/airflow_pipeline/venv/lib/python3.10/site-packages/airflow/serialization/pydantic/dataset.py:54 PydanticDeprecatedSince20: Support for class-based `config` is deprecated, use ConfigDict instead. Deprecated in Pydantic V2.0 to be removed in V3.0. See Pydantic V2 Migration Guide at https://errors.pydantic.dev/2.12/migration/
[2025-11-23T18:51:21.450-0500] {logging_mixin.py:154} WARNING - /Users/salmanbey/Documents/Northeastern /Fall 2025/MLOPS/airflow_pipeline/venv/lib/python3.10/site-packages/airflow/serialization/pydantic/dataset.py:74 PydanticDeprecatedSince20: Support for class-based `config` is deprecated, use ConfigDict instead. Deprecated in Pydantic V2.0 to be removed in V3.0. See Pydantic V2 Migration Guide at https://errors.pydantic.dev/2.12/migration/
[2025-11-23T18:51:21.452-0500] {logging_mixin.py:154} WARNING - /Users/salmanbey/Documents/Northeastern /Fall 2025/MLOPS/airflow_pipeline/venv/lib/python3.10/site-packages/airflow/serialization/pydantic/dag_run.py:26 PydanticDeprecatedSince20: Support for class-based `config` is deprecated, use ConfigDict instead. Deprecated in Pydantic V2.0 to be removed in V3.0. See Pydantic V2 Migration Guide at https://errors.pydantic.dev/2.12/migration/
[2025-11-23T18:51:21.457-0500] {processor.py:839} INFO - DAG(s) dict_keys(['dataset_consumes_unknown_never_scheduled', 'dataset_consumes_1', 'dataset_consumes_1_never_scheduled', 'dataset_consumes_1_and_2', 'dataset_produces_2', 'dataset_produces_1']) retrieved from /Users/salmanbey/Documents/Northeastern /Fall 2025/MLOPS/airflow_pipeline/venv/lib/python3.10/site-packages/airflow/example_dags/example_datasets.py
[2025-11-23T18:51:21.491-0500] {logging_mixin.py:154} WARNING - /Users/salmanbey/Documents/Northeastern /Fall 2025/MLOPS/airflow_pipeline/venv/lib/python3.10/site-packages/airflow/serialization/pydantic/taskinstance.py:27 PydanticDeprecatedSince20: Support for class-based `config` is deprecated, use ConfigDict instead. Deprecated in Pydantic V2.0 to be removed in V3.0. See Pydantic V2 Migration Guide at https://errors.pydantic.dev/2.12/migration/
[2025-11-23T18:51:21.686-0500] {logging_mixin.py:154} INFO - [2025-11-23T18:51:21.685-0500] {dag.py:2941} INFO - Sync 6 DAGs
[2025-11-23T18:51:21.706-0500] {logging_mixin.py:154} INFO - [2025-11-23T18:51:21.706-0500] {dag.py:3722} INFO - Setting next_dagrun for dataset_consumes_1 to None, run_after=None
[2025-11-23T18:51:21.710-0500] {logging_mixin.py:154} INFO - [2025-11-23T18:51:21.710-0500] {dag.py:3722} INFO - Setting next_dagrun for dataset_consumes_1_and_2 to None, run_after=None
[2025-11-23T18:51:21.711-0500] {logging_mixin.py:154} INFO - [2025-11-23T18:51:21.711-0500] {dag.py:3722} INFO - Setting next_dagrun for dataset_consumes_1_never_scheduled to None, run_after=None
[2025-11-23T18:51:21.712-0500] {logging_mixin.py:154} INFO - [2025-11-23T18:51:21.711-0500] {dag.py:3722} INFO - Setting next_dagrun for dataset_consumes_unknown_never_scheduled to None, run_after=None
[2025-11-23T18:51:21.714-0500] {logging_mixin.py:154} INFO - [2025-11-23T18:51:21.714-0500] {dag.py:3722} INFO - Setting next_dagrun for dataset_produces_1 to 2025-11-22T00:00:00+00:00, run_after=2025-11-23T00:00:00+00:00
[2025-11-23T18:51:21.715-0500] {logging_mixin.py:154} INFO - [2025-11-23T18:51:21.715-0500] {dag.py:3722} INFO - Setting next_dagrun for dataset_produces_2 to None, run_after=None
[2025-11-23T18:51:21.742-0500] {processor.py:179} INFO - Processing /Users/salmanbey/Documents/Northeastern /Fall 2025/MLOPS/airflow_pipeline/venv/lib/python3.10/site-packages/airflow/example_dags/example_datasets.py took 0.331 seconds
[2025-11-23T18:55:38.390-0500] {processor.py:157} INFO - Started process (PID=34186) to work on /Users/salmanbey/Documents/Northeastern /Fall 2025/MLOPS/airflow_pipeline/venv/lib/python3.10/site-packages/airflow/example_dags/example_datasets.py
[2025-11-23T18:55:38.402-0500] {processor.py:829} INFO - Processing file /Users/salmanbey/Documents/Northeastern /Fall 2025/MLOPS/airflow_pipeline/venv/lib/python3.10/site-packages/airflow/example_dags/example_datasets.py for tasks to queue
[2025-11-23T18:55:38.422-0500] {logging_mixin.py:154} INFO - [2025-11-23T18:55:38.422-0500] {dagbag.py:536} INFO - Filling up the DagBag from /Users/salmanbey/Documents/Northeastern /Fall 2025/MLOPS/airflow_pipeline/venv/lib/python3.10/site-packages/airflow/example_dags/example_datasets.py
[2025-11-23T18:55:38.458-0500] {logging_mixin.py:154} WARNING - /Users/salmanbey/Documents/Northeastern /Fall 2025/MLOPS/airflow_pipeline/venv/lib/python3.10/site-packages/airflow/serialization/pydantic/dataset.py:23 PydanticDeprecatedSince20: Support for class-based `config` is deprecated, use ConfigDict instead. Deprecated in Pydantic V2.0 to be removed in V3.0. See Pydantic V2 Migration Guide at https://errors.pydantic.dev/2.12/migration/
[2025-11-23T18:55:38.462-0500] {logging_mixin.py:154} WARNING - /Users/salmanbey/Documents/Northeastern /Fall 2025/MLOPS/airflow_pipeline/venv/lib/python3.10/site-packages/airflow/serialization/pydantic/dataset.py:38 PydanticDeprecatedSince20: Support for class-based `config` is deprecated, use ConfigDict instead. Deprecated in Pydantic V2.0 to be removed in V3.0. See Pydantic V2 Migration Guide at https://errors.pydantic.dev/2.12/migration/
[2025-11-23T18:55:38.466-0500] {logging_mixin.py:154} WARNING - /Users/salmanbey/Documents/Northeastern /Fall 2025/MLOPS/airflow_pipeline/venv/lib/python3.10/site-packages/airflow/serialization/pydantic/dataset.py:54 PydanticDeprecatedSince20: Support for class-based `config` is deprecated, use ConfigDict instead. Deprecated in Pydantic V2.0 to be removed in V3.0. See Pydantic V2 Migration Guide at https://errors.pydantic.dev/2.12/migration/
[2025-11-23T18:55:38.471-0500] {logging_mixin.py:154} WARNING - /Users/salmanbey/Documents/Northeastern /Fall 2025/MLOPS/airflow_pipeline/venv/lib/python3.10/site-packages/airflow/serialization/pydantic/dataset.py:74 PydanticDeprecatedSince20: Support for class-based `config` is deprecated, use ConfigDict instead. Deprecated in Pydantic V2.0 to be removed in V3.0. See Pydantic V2 Migration Guide at https://errors.pydantic.dev/2.12/migration/
[2025-11-23T18:55:38.474-0500] {logging_mixin.py:154} WARNING - /Users/salmanbey/Documents/Northeastern /Fall 2025/MLOPS/airflow_pipeline/venv/lib/python3.10/site-packages/airflow/serialization/pydantic/dag_run.py:26 PydanticDeprecatedSince20: Support for class-based `config` is deprecated, use ConfigDict instead. Deprecated in Pydantic V2.0 to be removed in V3.0. See Pydantic V2 Migration Guide at https://errors.pydantic.dev/2.12/migration/
[2025-11-23T18:55:38.481-0500] {processor.py:839} INFO - DAG(s) dict_keys(['dataset_consumes_1_and_2', 'dataset_consumes_unknown_never_scheduled', 'dataset_produces_2', 'dataset_consumes_1', 'dataset_produces_1', 'dataset_consumes_1_never_scheduled']) retrieved from /Users/salmanbey/Documents/Northeastern /Fall 2025/MLOPS/airflow_pipeline/venv/lib/python3.10/site-packages/airflow/example_dags/example_datasets.py
[2025-11-23T18:55:38.546-0500] {logging_mixin.py:154} WARNING - /Users/salmanbey/Documents/Northeastern /Fall 2025/MLOPS/airflow_pipeline/venv/lib/python3.10/site-packages/airflow/serialization/pydantic/taskinstance.py:27 PydanticDeprecatedSince20: Support for class-based `config` is deprecated, use ConfigDict instead. Deprecated in Pydantic V2.0 to be removed in V3.0. See Pydantic V2 Migration Guide at https://errors.pydantic.dev/2.12/migration/
[2025-11-23T18:55:38.854-0500] {logging_mixin.py:154} INFO - [2025-11-23T18:55:38.854-0500] {dag.py:2941} INFO - Sync 6 DAGs
[2025-11-23T18:55:38.884-0500] {logging_mixin.py:154} INFO - [2025-11-23T18:55:38.883-0500] {dag.py:3722} INFO - Setting next_dagrun for dataset_consumes_1 to None, run_after=None
[2025-11-23T18:55:38.888-0500] {logging_mixin.py:154} INFO - [2025-11-23T18:55:38.888-0500] {dag.py:3722} INFO - Setting next_dagrun for dataset_consumes_1_and_2 to None, run_after=None
[2025-11-23T18:55:38.890-0500] {logging_mixin.py:154} INFO - [2025-11-23T18:55:38.889-0500] {dag.py:3722} INFO - Setting next_dagrun for dataset_consumes_1_never_scheduled to None, run_after=None
[2025-11-23T18:55:38.891-0500] {logging_mixin.py:154} INFO - [2025-11-23T18:55:38.891-0500] {dag.py:3722} INFO - Setting next_dagrun for dataset_consumes_unknown_never_scheduled to None, run_after=None
[2025-11-23T18:55:38.895-0500] {logging_mixin.py:154} INFO - [2025-11-23T18:55:38.894-0500] {dag.py:3722} INFO - Setting next_dagrun for dataset_produces_1 to 2025-11-22T00:00:00+00:00, run_after=2025-11-23T00:00:00+00:00
[2025-11-23T18:55:38.896-0500] {logging_mixin.py:154} INFO - [2025-11-23T18:55:38.896-0500] {dag.py:3722} INFO - Setting next_dagrun for dataset_produces_2 to None, run_after=None
[2025-11-23T18:55:38.950-0500] {processor.py:179} INFO - Processing /Users/salmanbey/Documents/Northeastern /Fall 2025/MLOPS/airflow_pipeline/venv/lib/python3.10/site-packages/airflow/example_dags/example_datasets.py took 0.563 seconds
[2025-11-23T18:58:34.100-0500] {processor.py:157} INFO - Started process (PID=34402) to work on /Users/salmanbey/Documents/Northeastern /Fall 2025/MLOPS/airflow_pipeline/venv/lib/python3.10/site-packages/airflow/example_dags/example_datasets.py
[2025-11-23T18:58:34.109-0500] {processor.py:829} INFO - Processing file /Users/salmanbey/Documents/Northeastern /Fall 2025/MLOPS/airflow_pipeline/venv/lib/python3.10/site-packages/airflow/example_dags/example_datasets.py for tasks to queue
[2025-11-23T18:58:34.111-0500] {logging_mixin.py:154} INFO - [2025-11-23T18:58:34.110-0500] {dagbag.py:536} INFO - Filling up the DagBag from /Users/salmanbey/Documents/Northeastern /Fall 2025/MLOPS/airflow_pipeline/venv/lib/python3.10/site-packages/airflow/example_dags/example_datasets.py
[2025-11-23T18:58:34.146-0500] {logging_mixin.py:154} WARNING - /Users/salmanbey/Documents/Northeastern /Fall 2025/MLOPS/airflow_pipeline/venv/lib/python3.10/site-packages/airflow/serialization/pydantic/dataset.py:23 PydanticDeprecatedSince20: Support for class-based `config` is deprecated, use ConfigDict instead. Deprecated in Pydantic V2.0 to be removed in V3.0. See Pydantic V2 Migration Guide at https://errors.pydantic.dev/2.12/migration/
[2025-11-23T18:58:34.151-0500] {logging_mixin.py:154} WARNING - /Users/salmanbey/Documents/Northeastern /Fall 2025/MLOPS/airflow_pipeline/venv/lib/python3.10/site-packages/airflow/serialization/pydantic/dataset.py:38 PydanticDeprecatedSince20: Support for class-based `config` is deprecated, use ConfigDict instead. Deprecated in Pydantic V2.0 to be removed in V3.0. See Pydantic V2 Migration Guide at https://errors.pydantic.dev/2.12/migration/
[2025-11-23T18:58:34.155-0500] {logging_mixin.py:154} WARNING - /Users/salmanbey/Documents/Northeastern /Fall 2025/MLOPS/airflow_pipeline/venv/lib/python3.10/site-packages/airflow/serialization/pydantic/dataset.py:54 PydanticDeprecatedSince20: Support for class-based `config` is deprecated, use ConfigDict instead. Deprecated in Pydantic V2.0 to be removed in V3.0. See Pydantic V2 Migration Guide at https://errors.pydantic.dev/2.12/migration/
[2025-11-23T18:58:34.159-0500] {logging_mixin.py:154} WARNING - /Users/salmanbey/Documents/Northeastern /Fall 2025/MLOPS/airflow_pipeline/venv/lib/python3.10/site-packages/airflow/serialization/pydantic/dataset.py:74 PydanticDeprecatedSince20: Support for class-based `config` is deprecated, use ConfigDict instead. Deprecated in Pydantic V2.0 to be removed in V3.0. See Pydantic V2 Migration Guide at https://errors.pydantic.dev/2.12/migration/
[2025-11-23T18:58:34.164-0500] {logging_mixin.py:154} WARNING - /Users/salmanbey/Documents/Northeastern /Fall 2025/MLOPS/airflow_pipeline/venv/lib/python3.10/site-packages/airflow/serialization/pydantic/dag_run.py:26 PydanticDeprecatedSince20: Support for class-based `config` is deprecated, use ConfigDict instead. Deprecated in Pydantic V2.0 to be removed in V3.0. See Pydantic V2 Migration Guide at https://errors.pydantic.dev/2.12/migration/
[2025-11-23T18:58:34.172-0500] {processor.py:839} INFO - DAG(s) dict_keys(['dataset_consumes_unknown_never_scheduled', 'dataset_consumes_1_and_2', 'dataset_consumes_1_never_scheduled', 'dataset_produces_1', 'dataset_produces_2', 'dataset_consumes_1']) retrieved from /Users/salmanbey/Documents/Northeastern /Fall 2025/MLOPS/airflow_pipeline/venv/lib/python3.10/site-packages/airflow/example_dags/example_datasets.py
[2025-11-23T18:58:34.218-0500] {logging_mixin.py:154} WARNING - /Users/salmanbey/Documents/Northeastern /Fall 2025/MLOPS/airflow_pipeline/venv/lib/python3.10/site-packages/airflow/serialization/pydantic/taskinstance.py:27 PydanticDeprecatedSince20: Support for class-based `config` is deprecated, use ConfigDict instead. Deprecated in Pydantic V2.0 to be removed in V3.0. See Pydantic V2 Migration Guide at https://errors.pydantic.dev/2.12/migration/
[2025-11-23T18:58:34.414-0500] {logging_mixin.py:154} INFO - [2025-11-23T18:58:34.414-0500] {dag.py:2941} INFO - Sync 6 DAGs
[2025-11-23T18:58:34.433-0500] {logging_mixin.py:154} INFO - [2025-11-23T18:58:34.433-0500] {dag.py:3722} INFO - Setting next_dagrun for dataset_consumes_1 to None, run_after=None
[2025-11-23T18:58:34.436-0500] {logging_mixin.py:154} INFO - [2025-11-23T18:58:34.436-0500] {dag.py:3722} INFO - Setting next_dagrun for dataset_consumes_1_and_2 to None, run_after=None
[2025-11-23T18:58:34.437-0500] {logging_mixin.py:154} INFO - [2025-11-23T18:58:34.437-0500] {dag.py:3722} INFO - Setting next_dagrun for dataset_consumes_1_never_scheduled to None, run_after=None
[2025-11-23T18:58:34.438-0500] {logging_mixin.py:154} INFO - [2025-11-23T18:58:34.438-0500] {dag.py:3722} INFO - Setting next_dagrun for dataset_consumes_unknown_never_scheduled to None, run_after=None
[2025-11-23T18:58:34.440-0500] {logging_mixin.py:154} INFO - [2025-11-23T18:58:34.440-0500] {dag.py:3722} INFO - Setting next_dagrun for dataset_produces_1 to 2025-11-22T00:00:00+00:00, run_after=2025-11-23T00:00:00+00:00
[2025-11-23T18:58:34.442-0500] {logging_mixin.py:154} INFO - [2025-11-23T18:58:34.441-0500] {dag.py:3722} INFO - Setting next_dagrun for dataset_produces_2 to None, run_after=None
[2025-11-23T18:58:34.473-0500] {processor.py:179} INFO - Processing /Users/salmanbey/Documents/Northeastern /Fall 2025/MLOPS/airflow_pipeline/venv/lib/python3.10/site-packages/airflow/example_dags/example_datasets.py took 0.375 seconds
