[2025-11-23T18:47:14.670-0500] {taskinstance.py:1159} INFO - Dependencies all met for dep_context=non-requeueable deps ti=<TaskInstance: pitchquest_video_analysis.preprocess manual__2025-11-23T23:38:10.928977+00:00 [queued]>
[2025-11-23T18:47:14.729-0500] {taskinstance.py:1159} INFO - Dependencies all met for dep_context=requeueable deps ti=<TaskInstance: pitchquest_video_analysis.preprocess manual__2025-11-23T23:38:10.928977+00:00 [queued]>
[2025-11-23T18:47:14.730-0500] {taskinstance.py:1361} INFO - Starting attempt 3 of 3
[2025-11-23T18:47:14.907-0500] {taskinstance.py:1382} INFO - Executing <Task(PythonOperator): preprocess> on 2025-11-23 23:38:10.928977+00:00
[2025-11-23T18:47:15.053-0500] {standard_task_runner.py:57} INFO - Started process 33599 to run task
[2025-11-23T18:47:15.240-0500] {standard_task_runner.py:84} INFO - Running: ['airflow', 'tasks', 'run', 'pitchquest_video_analysis', 'preprocess', 'manual__2025-11-23T23:38:10.928977+00:00', '--job-id', '21', '--raw', '--subdir', 'DAGS_FOLDER/pitch_analysis_dag.py', '--cfg-path', '/var/folders/lt/0tmqqyzd7jxghlrbbfn1p7l40000gn/T/tmp1yl5zc1a']
[2025-11-23T18:47:15.261-0500] {standard_task_runner.py:85} INFO - Job 21: Subtask preprocess
[2025-11-23T18:47:15.655-0500] {task_command.py:416} INFO - Running <TaskInstance: pitchquest_video_analysis.preprocess manual__2025-11-23T23:38:10.928977+00:00 [running]> on host salmans-macbook-air.local
[2025-11-23T18:47:15.917-0500] {taskinstance.py:1662} INFO - Exporting env vars: AIRFLOW_CTX_DAG_OWNER='pitchquest' AIRFLOW_CTX_DAG_ID='pitchquest_video_analysis' AIRFLOW_CTX_TASK_ID='preprocess' AIRFLOW_CTX_EXECUTION_DATE='2025-11-23T23:38:10.928977+00:00' AIRFLOW_CTX_TRY_NUMBER='3' AIRFLOW_CTX_DAG_RUN_ID='manual__2025-11-23T23:38:10.928977+00:00'
[2025-11-23T18:47:15.924-0500] {pitch_analysis_dag.py:50} INFO - Starting preprocessing for video: demo_video_1
[2025-11-23T18:47:15.927-0500] {preprocessing.py:50} INFO - Extracting frames from data/input/demo_video_1.mp4 (1 frame per 2s)
[2025-11-23T18:47:16.152-0500] {preprocessing.py:62} INFO - Video: 21.5s, 30.0 fps, 646 total frames
[2025-11-23T18:47:17.302-0500] {preprocessing.py:83} INFO - Reached max frames limit (10)
[2025-11-23T18:47:17.317-0500] {preprocessing.py:93} INFO - ✅ Extracted 10 frames to /var/folders/lt/0tmqqyzd7jxghlrbbfn1p7l40000gn/T/frames_test_video_ybvh6rwm
[2025-11-23T18:47:17.322-0500] {preprocessing.py:129} INFO - Extracting audio from data/input/demo_video_1.mp4
[2025-11-23T18:48:00.543-0500] {local_task_job_runner.py:294} WARNING - State of this instance has been externally set to restarting. Terminating instance.
[2025-11-23T18:48:00.562-0500] {process_utils.py:131} INFO - Sending Signals.SIGTERM to group 33599. PIDs of all processes in the group: [33600, 33599]
[2025-11-23T18:48:00.563-0500] {process_utils.py:86} INFO - Sending the signal Signals.SIGTERM to group 33599
[2025-11-23T18:49:00.601-0500] {process_utils.py:149} WARNING - process psutil.Process(pid=33600, name='ffmpeg', status='zombie', started='18:47:17') did not respond to SIGTERM. Trying SIGKILL
[2025-11-23T18:49:00.613-0500] {process_utils.py:149} WARNING - process psutil.Process(pid=33599, name='Python', status='stopped', started='18:47:14') did not respond to SIGTERM. Trying SIGKILL
[2025-11-23T18:49:00.614-0500] {process_utils.py:86} INFO - Sending the signal Signals.SIGKILL to group 33599
[2025-11-23T18:49:00.629-0500] {process_utils.py:79} INFO - Process psutil.Process(pid=33600, name='ffmpeg', status='terminated', started='18:47:17') (33600) terminated with exit code None
[2025-11-23T18:49:00.630-0500] {process_utils.py:79} INFO - Process psutil.Process(pid=33599, name='Python', status='terminated', exitcode=<Negsignal.SIGKILL: -9>, started='18:47:14') (33599) terminated with exit code Negsignal.SIGKILL
[2025-11-23T18:49:00.631-0500] {standard_task_runner.py:172} ERROR - Job 21 was killed before it finished (likely due to running out of memory)
