[2025-11-23T18:43:41.058-0500] {taskinstance.py:1159} INFO - Dependencies all met for dep_context=non-requeueable deps ti=<TaskInstance: pitchquest_video_analysis.preprocess manual__2025-11-23T23:38:10.928977+00:00 [queued]>
[2025-11-23T18:43:41.073-0500] {taskinstance.py:1159} INFO - Dependencies all met for dep_context=requeueable deps ti=<TaskInstance: pitchquest_video_analysis.preprocess manual__2025-11-23T23:38:10.928977+00:00 [queued]>
[2025-11-23T18:43:41.074-0500] {taskinstance.py:1361} INFO - Starting attempt 2 of 3
[2025-11-23T18:43:41.110-0500] {taskinstance.py:1382} INFO - Executing <Task(PythonOperator): preprocess> on 2025-11-23 23:38:10.928977+00:00
[2025-11-23T18:43:41.148-0500] {standard_task_runner.py:57} INFO - Started process 32639 to run task
[2025-11-23T18:43:41.179-0500] {standard_task_runner.py:84} INFO - Running: ['airflow', 'tasks', 'run', 'pitchquest_video_analysis', 'preprocess', 'manual__2025-11-23T23:38:10.928977+00:00', '--job-id', '18', '--raw', '--subdir', 'DAGS_FOLDER/pitch_analysis_dag.py', '--cfg-path', '/var/folders/lt/0tmqqyzd7jxghlrbbfn1p7l40000gn/T/tmpqgv4h4er']
[2025-11-23T18:43:41.183-0500] {standard_task_runner.py:85} INFO - Job 18: Subtask preprocess
[2025-11-23T18:43:41.265-0500] {task_command.py:416} INFO - Running <TaskInstance: pitchquest_video_analysis.preprocess manual__2025-11-23T23:38:10.928977+00:00 [running]> on host salmans-macbook-air.local
[2025-11-23T18:43:41.355-0500] {taskinstance.py:1662} INFO - Exporting env vars: AIRFLOW_CTX_DAG_OWNER='pitchquest' AIRFLOW_CTX_DAG_ID='pitchquest_video_analysis' AIRFLOW_CTX_TASK_ID='preprocess' AIRFLOW_CTX_EXECUTION_DATE='2025-11-23T23:38:10.928977+00:00' AIRFLOW_CTX_TRY_NUMBER='2' AIRFLOW_CTX_DAG_RUN_ID='manual__2025-11-23T23:38:10.928977+00:00'
[2025-11-23T18:43:41.360-0500] {pitch_analysis_dag.py:50} INFO - Starting preprocessing for video: demo_video_1
[2025-11-23T18:43:41.362-0500] {preprocessing.py:50} INFO - Extracting frames from data/input/demo_video_1.mp4 (1 frame per 2s)
[2025-11-23T18:43:41.507-0500] {preprocessing.py:62} INFO - Video: 21.5s, 30.0 fps, 646 total frames
[2025-11-23T18:43:42.126-0500] {preprocessing.py:83} INFO - Reached max frames limit (10)
[2025-11-23T18:43:42.134-0500] {preprocessing.py:93} INFO - ✅ Extracted 10 frames to /var/folders/lt/0tmqqyzd7jxghlrbbfn1p7l40000gn/T/frames_test_video_r2o8gorv
[2025-11-23T18:43:42.136-0500] {preprocessing.py:129} INFO - Extracting audio from data/input/demo_video_1.mp4
[2025-11-23T18:44:52.415-0500] {process_utils.py:131} INFO - Sending Signals.SIGTERM to group 32639. PIDs of all processes in the group: [32640, 32639]
[2025-11-23T18:44:52.420-0500] {process_utils.py:86} INFO - Sending the signal Signals.SIGTERM to group 32639
[2025-11-23T18:45:14.764-0500] {taskinstance.py:1149} INFO - Dependencies not met for <TaskInstance: pitchquest_video_analysis.preprocess manual__2025-11-23T23:38:10.928977+00:00 [running]>, dependency 'Task Instance Not Running' FAILED: Task is in the running state
[2025-11-23T18:45:14.764-0500] {taskinstance.py:1149} INFO - Dependencies not met for <TaskInstance: pitchquest_video_analysis.preprocess manual__2025-11-23T23:38:10.928977+00:00 [running]>, dependency 'Task Instance State' FAILED: Task is in the 'running' state.
[2025-11-23T18:45:14.774-0500] {local_task_job_runner.py:154} INFO - Task is not able to be run
