[2025-11-23T18:38:28.697-0500] {taskinstance.py:1159} INFO - Dependencies all met for dep_context=non-requeueable deps ti=<TaskInstance: pitchquest_video_analysis.preprocess manual__2025-11-23T23:38:10.928977+00:00 [queued]>
[2025-11-23T18:38:28.704-0500] {taskinstance.py:1159} INFO - Dependencies all met for dep_context=requeueable deps ti=<TaskInstance: pitchquest_video_analysis.preprocess manual__2025-11-23T23:38:10.928977+00:00 [queued]>
[2025-11-23T18:38:28.704-0500] {taskinstance.py:1361} INFO - Starting attempt 1 of 3
[2025-11-23T18:38:28.720-0500] {taskinstance.py:1382} INFO - Executing <Task(PythonOperator): preprocess> on 2025-11-23 23:38:10.928977+00:00
[2025-11-23T18:38:28.750-0500] {standard_task_runner.py:57} INFO - Started process 32284 to run task
[2025-11-23T18:38:28.774-0500] {standard_task_runner.py:84} INFO - Running: ['airflow', 'tasks', 'run', 'pitchquest_video_analysis', 'preprocess', 'manual__2025-11-23T23:38:10.928977+00:00', '--job-id', '15', '--raw', '--subdir', 'DAGS_FOLDER/pitch_analysis_dag.py', '--cfg-path', '/var/folders/lt/0tmqqyzd7jxghlrbbfn1p7l40000gn/T/tmprq4vig69']
[2025-11-23T18:38:28.778-0500] {standard_task_runner.py:85} INFO - Job 15: Subtask preprocess
[2025-11-23T18:38:28.846-0500] {task_command.py:416} INFO - Running <TaskInstance: pitchquest_video_analysis.preprocess manual__2025-11-23T23:38:10.928977+00:00 [running]> on host salmans-macbook-air.local
[2025-11-23T18:38:28.922-0500] {taskinstance.py:1662} INFO - Exporting env vars: AIRFLOW_CTX_DAG_OWNER='pitchquest' AIRFLOW_CTX_DAG_ID='pitchquest_video_analysis' AIRFLOW_CTX_TASK_ID='preprocess' AIRFLOW_CTX_EXECUTION_DATE='2025-11-23T23:38:10.928977+00:00' AIRFLOW_CTX_TRY_NUMBER='1' AIRFLOW_CTX_DAG_RUN_ID='manual__2025-11-23T23:38:10.928977+00:00'
[2025-11-23T18:38:28.925-0500] {pitch_analysis_dag.py:50} INFO - Starting preprocessing for video: demo_video_1
[2025-11-23T18:38:28.927-0500] {preprocessing.py:50} INFO - Extracting frames from data/input/demo_video_1.mp4 (1 frame per 2s)
[2025-11-23T18:38:29.089-0500] {preprocessing.py:62} INFO - Video: 21.5s, 30.0 fps, 646 total frames
[2025-11-23T18:38:29.662-0500] {preprocessing.py:83} INFO - Reached max frames limit (10)
[2025-11-23T18:38:29.668-0500] {preprocessing.py:93} INFO - ✅ Extracted 10 frames to /var/folders/lt/0tmqqyzd7jxghlrbbfn1p7l40000gn/T/frames_test_video_f5br2cg8
[2025-11-23T18:38:29.670-0500] {preprocessing.py:129} INFO - Extracting audio from data/input/demo_video_1.mp4
[2025-11-23T18:41:59.357-0500] {process_utils.py:131} INFO - Sending Signals.SIGTERM to group 32284. PIDs of all processes in the group: [32287, 32284]
[2025-11-23T18:41:59.393-0500] {process_utils.py:86} INFO - Sending the signal Signals.SIGTERM to group 32284
[2025-11-23T18:42:13.797-0500] {taskinstance.py:1149} INFO - Dependencies not met for <TaskInstance: pitchquest_video_analysis.preprocess manual__2025-11-23T23:38:10.928977+00:00 [running]>, dependency 'Task Instance State' FAILED: Task is in the 'running' state.
[2025-11-23T18:42:13.797-0500] {taskinstance.py:1149} INFO - Dependencies not met for <TaskInstance: pitchquest_video_analysis.preprocess manual__2025-11-23T23:38:10.928977+00:00 [running]>, dependency 'Task Instance Not Running' FAILED: Task is in the running state
[2025-11-23T18:42:13.803-0500] {local_task_job_runner.py:154} INFO - Task is not able to be run
