[2025-11-23T19:06:27.769-0500] {taskinstance.py:1159} INFO - Dependencies all met for dep_context=non-requeueable deps ti=<TaskInstance: pitchquest_video_analysis.preprocess manual__2025-11-23T23:38:10.928977+00:00 [queued]>
[2025-11-23T19:06:27.782-0500] {taskinstance.py:1159} INFO - Dependencies all met for dep_context=requeueable deps ti=<TaskInstance: pitchquest_video_analysis.preprocess manual__2025-11-23T23:38:10.928977+00:00 [queued]>
[2025-11-23T19:06:27.783-0500] {taskinstance.py:1361} INFO - Starting attempt 4 of 3
[2025-11-23T19:06:27.818-0500] {taskinstance.py:1382} INFO - Executing <Task(PythonOperator): preprocess> on 2025-11-23 23:38:10.928977+00:00
[2025-11-23T19:06:27.882-0500] {standard_task_runner.py:57} INFO - Started process 35368 to run task
[2025-11-23T19:06:27.913-0500] {standard_task_runner.py:84} INFO - Running: ['airflow', 'tasks', 'run', 'pitchquest_video_analysis', 'preprocess', 'manual__2025-11-23T23:38:10.928977+00:00', '--job-id', '23', '--raw', '--subdir', 'DAGS_FOLDER/pitch_analysis_dag.py', '--cfg-path', '/var/folders/lt/0tmqqyzd7jxghlrbbfn1p7l40000gn/T/tmpm733d22p']
[2025-11-23T19:06:27.918-0500] {standard_task_runner.py:85} INFO - Job 23: Subtask preprocess
[2025-11-23T19:06:28.013-0500] {task_command.py:416} INFO - Running <TaskInstance: pitchquest_video_analysis.preprocess manual__2025-11-23T23:38:10.928977+00:00 [running]> on host salmans-macbook-air.local
[2025-11-23T19:06:28.109-0500] {taskinstance.py:1662} INFO - Exporting env vars: AIRFLOW_CTX_DAG_OWNER='pitchquest' AIRFLOW_CTX_DAG_ID='pitchquest_video_analysis' AIRFLOW_CTX_TASK_ID='preprocess' AIRFLOW_CTX_EXECUTION_DATE='2025-11-23T23:38:10.928977+00:00' AIRFLOW_CTX_TRY_NUMBER='4' AIRFLOW_CTX_DAG_RUN_ID='manual__2025-11-23T23:38:10.928977+00:00'
[2025-11-23T19:06:28.113-0500] {pitch_analysis_dag.py:50} INFO - Starting preprocessing for video: demo_video_1
[2025-11-23T19:06:28.115-0500] {preprocessing.py:50} INFO - Extracting frames from data/input/demo_video_1.mp4 (1 frame per 2s)
[2025-11-23T19:06:28.257-0500] {preprocessing.py:62} INFO - Video: 21.5s, 30.0 fps, 646 total frames
[2025-11-23T19:06:28.741-0500] {preprocessing.py:83} INFO - Reached max frames limit (10)
[2025-11-23T19:06:28.749-0500] {preprocessing.py:93} INFO - ✅ Extracted 10 frames to /var/folders/lt/0tmqqyzd7jxghlrbbfn1p7l40000gn/T/frames_test_video_1h6sa9wj
[2025-11-23T19:06:28.751-0500] {preprocessing.py:129} INFO - Extracting audio from data/input/demo_video_1.mp4
[2025-11-23T19:06:29.629-0500] {preprocessing.py:153} INFO - ✅ Extracted audio: 21.6s, saved to /var/folders/lt/0tmqqyzd7jxghlrbbfn1p7l40000gn/T/audio_test_video_508njufi.mp3
[2025-11-23T19:06:29.630-0500] {pitch_analysis_dag.py:60} INFO - ✅ Preprocessing complete: 10 frames, audio at /var/folders/lt/0tmqqyzd7jxghlrbbfn1p7l40000gn/T/audio_test_video_508njufi.mp3
[2025-11-23T19:06:29.630-0500] {python.py:194} INFO - Done. Returned value was: {'video_id': 'demo_video_1', 'video_path': 'data/input/demo_video_1.mp4', 'frame_paths': ['/var/folders/lt/0tmqqyzd7jxghlrbbfn1p7l40000gn/T/frames_test_video_1h6sa9wj/frame_0000.jpg', '/var/folders/lt/0tmqqyzd7jxghlrbbfn1p7l40000gn/T/frames_test_video_1h6sa9wj/frame_0001.jpg', '/var/folders/lt/0tmqqyzd7jxghlrbbfn1p7l40000gn/T/frames_test_video_1h6sa9wj/frame_0002.jpg', '/var/folders/lt/0tmqqyzd7jxghlrbbfn1p7l40000gn/T/frames_test_video_1h6sa9wj/frame_0003.jpg', '/var/folders/lt/0tmqqyzd7jxghlrbbfn1p7l40000gn/T/frames_test_video_1h6sa9wj/frame_0004.jpg', '/var/folders/lt/0tmqqyzd7jxghlrbbfn1p7l40000gn/T/frames_test_video_1h6sa9wj/frame_0005.jpg', '/var/folders/lt/0tmqqyzd7jxghlrbbfn1p7l40000gn/T/frames_test_video_1h6sa9wj/frame_0006.jpg', '/var/folders/lt/0tmqqyzd7jxghlrbbfn1p7l40000gn/T/frames_test_video_1h6sa9wj/frame_0007.jpg', '/var/folders/lt/0tmqqyzd7jxghlrbbfn1p7l40000gn/T/frames_test_video_1h6sa9wj/frame_0008.jpg', '/var/folders/lt/0tmqqyzd7jxghlrbbfn1p7l40000gn/T/frames_test_video_1h6sa9wj/frame_0009.jpg'], 'audio_path': '/var/folders/lt/0tmqqyzd7jxghlrbbfn1p7l40000gn/T/audio_test_video_508njufi.mp3'}
[2025-11-23T19:06:29.646-0500] {taskinstance.py:1400} INFO - Marking task as SUCCESS. dag_id=pitchquest_video_analysis, task_id=preprocess, execution_date=20251123T233810, start_date=20251124T000627, end_date=20251124T000629
[2025-11-23T19:06:29.690-0500] {local_task_job_runner.py:228} INFO - Task exited with return code 0
[2025-11-23T19:06:29.725-0500] {taskinstance.py:2778} INFO - 2 downstream tasks scheduled from follow-on schedule check
